Generate Samples...
Estimate error strength by sampling...
Building diagonal of sigma...
Prepare for CMA-ES...
task (0,0,0,30): 2.391173 1.681281 = -52.825695 in 1.078 secs
task (0,0,0,28): -1.369438 3.067715 = -193.960325 in 1.083 secs
task (0,0,0,12): 0.620688 3.381939 = -473.604917 in 1.113 secs
task (0,0,0,9): 1.656202 1.441160 = -210.828674 in 1.117 secs
task (0,0,0,26): 2.106374 4.326910 = -83.477465 in 1.117 secs
task (0,0,0,24): 4.516530 3.359221 = -2.320684 in 1.120 secs
task (0,0,0,21): 1.332343 4.103449 = -346.261030 in 1.121 secs
task (0,0,0,6): 1.560038 2.078200 = -242.397663 in 1.125 secs
task (0,0,0,3): -0.897180 1.568483 = -522.165130 in 1.128 secs
task (0,0,0,15): 4.451517 4.315039 = -2.334501 in 1.130 secs
task (0,0,0,18): 8.230473 2.073613 = -0.198349 in 1.146 secs
task (0,0,0,0): 3.947299 3.567517 = -4.434387 in 1.850 secs
task (0,0,0,31): 4.606092 3.025698 = -2.183870 in 1.076 secs
task (0,0,0,29): -3.810523 3.543016 = -162.283807 in 1.084 secs
task (0,0,0,27): -1.260768 1.657167 = -480.294142 in 1.078 secs
task (0,0,0,13): -2.067922 2.010527 = -302.461280 in 1.112 secs
task (0,0,0,22): 2.974413 1.790396 = -19.785985 in 1.118 secs
task (0,0,0,7): 3.565827 2.836486 = -7.622000 in 1.116 secs
task (0,0,0,25): 1.839001 3.999807 = -140.522617 in 1.124 secs
task (0,0,0,10): -1.532198 1.764549 = -420.916904 in 1.130 secs
task (0,0,0,4): 5.844991 4.490766 = -0.554142 in 1.119 secs
task (0,0,0,16): -3.305170 1.191163 = -49.112573 in 1.125 secs
task (0,0,0,19): 6.370831 1.410632 = -0.773537 in 1.121 secs
task (0,0,0,14): -1.558652 3.968736 = -58.278458 in 1.060 secs
task (0,0,0,1): 3.640072 4.509863 = -6.395567 in 1.436 secs
task (0,0,0,23): -2.920747 4.823179 = -121.961312 in 1.067 secs
task (0,0,0,8): 2.488795 2.940328 = -41.271181 in 1.065 secs
task (0,0,0,11): 2.052696 1.910643 = -96.990503 in 1.063 secs
task (0,0,0,5): 5.091468 3.646868 = -1.244877 in 1.066 secs
task (0,0,0,17): 3.086310 1.195657 = -18.947891 in 1.067 secs
task (0,0,0,20): 0.543310 3.564856 = -472.977330 in 1.065 secs
task (0,0,0,2): 5.944520 3.314618 = -0.601468 in 0.713 secs
BEST @     0:       -0.8971799766870467        1.5684827889716062     -522.1651296191946585
task (0,0,1,30): 3.927638 3.766684 = -4.497108 in 1.099 secs
task (0,0,1,28): 6.547459 3.697728 = -0.339921 in 1.102 secs
task (0,0,1,12): 6.038190 3.061372 = -0.585990 in 1.111 secs
task (0,0,1,9): 2.466116 1.258594 = -49.343699 in 1.117 secs
task (0,0,1,26): 0.022724 2.070886 = -323.733615 in 1.118 secs
task (0,0,1,6): -0.313088 0.290590 = -554.567578 in 1.122 secs
task (0,0,1,21): -2.326091 0.316474 = -22.893356 in 1.125 secs
task (0,0,1,15): -0.993650 3.729920 = -60.228539 in 1.128 secs
task (0,0,1,3): -1.043121 2.554641 = -274.991194 in 1.128 secs
task (0,0,1,24): -1.453443 2.679226 = -394.352730 in 1.135 secs
task (0,0,1,18): 6.665759 2.244329 = -0.467750 in 1.148 secs
task (0,0,1,0): 0.823787 3.125842 = -465.495415 in 1.820 secs
task (0,0,1,31): 0.042539 1.369450 = -451.621812 in 1.078 secs
task (0,0,1,29): 6.985721 2.465037 = -0.331590 in 1.084 secs
task (0,0,1,27): -3.453333 3.307178 = -206.947037 in 1.079 secs
task (0,0,1,13): -1.155760 1.760242 = -499.689204 in 1.114 secs
task (0,0,1,10): -0.429098 2.890437 = -149.743113 in 1.113 secs
task (0,0,1,7): 3.108435 1.080461 = -19.055859 in 1.119 secs
task (0,0,1,22): 1.633961 0.170734 = -320.682631 in 1.119 secs
task (0,0,1,16): -0.866356 2.108875 = -402.211611 in 1.124 secs
task (0,0,1,4): -2.148036 3.210443 = -432.984716 in 1.125 secs
task (0,0,1,25): 8.333685 2.301266 = -0.168978 in 1.118 secs
task (0,0,1,19): 2.159901 2.098015 = -78.385570 in 1.128 secs
task (0,0,1,1): 3.892374 2.639222 = -5.105158 in 1.464 secs
task (0,0,1,14): -1.586167 2.350261 = -462.810988 in 1.071 secs
task (0,0,1,11): 1.102448 1.859351 = -449.245757 in 1.072 secs
task (0,0,1,8): 4.308181 2.251792 = -3.343149 in 1.073 secs
task (0,0,1,23): 1.678150 2.160990 = -194.872598 in 1.076 secs
task (0,0,1,5): -4.444206 3.746755 = -78.170212 in 1.075 secs
task (0,0,1,17): 4.597832 0.463320 = -4.942558 in 1.078 secs
task (0,0,1,20): -3.461388 4.154696 = -457.205791 in 1.073 secs
task (0,0,1,2): 7.815181 3.448786 = -0.142650 in 0.724 secs
BEST @     1:       -0.3130882896032393        0.2905895760045909     -554.5675784912784820
task (0,0,2,30): 1.944474 2.651082 = -116.243007 in 1.094 secs
task (0,0,2,28): 0.971250 2.266260 = -464.091569 in 1.099 secs
task (0,0,2,26): 0.422129 1.569508 = -485.074214 in 1.106 secs
task (0,0,2,12): -0.390087 0.496156 = -755.876855 in 1.109 secs
task (0,0,2,9): 7.019306 3.985709 = -0.219196 in 1.111 secs
task (0,0,2,6): -0.755640 3.268249 = -93.291898 in 1.117 secs
task (0,0,2,21): -3.731076 0.780630 = -9.998811 in 1.118 secs
task (0,0,2,18): 1.980000 1.539861 = -114.330237 in 1.119 secs
task (0,0,2,15): 0.840299 3.353550 = -464.511850 in 1.120 secs
task (0,0,2,3): 2.416837 1.600455 = -50.936006 in 1.120 secs
task (0,0,2,24): -2.539340 2.992189 = -455.895318 in 1.125 secs
task (0,0,2,0): 0.169673 1.008421 = -665.195486 in 1.748 secs
task (0,0,2,31): -0.699955 2.745748 = -150.270398 in 1.074 secs
task (0,0,2,29): 3.982802 1.793197 = -5.226778 in 1.082 secs
task (0,0,2,27): -1.713692 2.306605 = -473.999597 in 1.077 secs
task (0,0,2,13): -1.126149 1.871667 = -485.021848 in 1.111 secs
task (0,0,2,10): -0.602595 3.877545 = -87.354027 in 1.110 secs
task (0,0,2,7): 0.676494 2.150422 = -478.067923 in 1.118 secs
task (0,0,2,22): -0.075773 0.572166 = -920.076217 in 1.119 secs
task (0,0,2,4): -3.979504 0.244762 = -3.528402 in 1.120 secs
task (0,0,2,19): 2.321277 0.749425 = -73.402366 in 1.121 secs
task (0,0,2,25): 0.631741 1.283923 = -546.472799 in 1.117 secs
task (0,0,2,16): -1.905507 1.584740 = -414.557440 in 1.123 secs
task (0,0,2,1): -0.512925 1.709814 = -439.697622 in 1.472 secs
task (0,0,2,14): -1.587798 3.588498 = -111.397530 in 1.069 secs
task (0,0,2,11): -4.367115 2.224421 = -306.345153 in 1.071 secs
task (0,0,2,8): 2.948666 1.765240 = -20.655716 in 1.074 secs
task (0,0,2,23): -1.173968 0.852472 = -592.647306 in 1.075 secs
task (0,0,2,5): -3.453946 2.507303 = -258.280304 in 1.074 secs
task (0,0,2,20): -3.978873 1.724460 = -95.035546 in 1.077 secs
task (0,0,2,17): -3.478200 1.414868 = -77.661915 in 1.077 secs
task (0,0,2,2): -4.448508 1.636006 = -30.599082 in 0.751 secs
BEST @     2:       -0.0757725959898680        0.5721661585343847     -920.0762171096952216
task (0,0,3,30): 1.076643 3.168411 = -439.250504 in 1.094 secs
task (0,0,3,28): -1.145748 1.584336 = -497.118368 in 1.097 secs
task (0,0,3,26): 1.499231 1.940831 = -271.435011 in 1.107 secs
task (0,0,3,12): -0.922371 1.782650 = -489.315640 in 1.109 secs
task (0,0,3,9): -3.248826 0.036978 = -0.529113 in 1.112 secs
task (0,0,3,3): 1.780963 2.572366 = -159.176758 in 1.117 secs
task (0,0,3,21): 0.455665 0.185624 = -953.270293 in 1.119 secs
task (0,0,3,18): 4.028464 0.924157 = -6.599478 in 1.119 secs
task (0,0,3,15): 2.094702 2.186637 = -88.338284 in 1.119 secs
task (0,0,3,6): 0.666115 3.221059 = -471.068012 in 1.121 secs
task (0,0,3,24): -4.400988 1.312331 = -13.690249 in 1.129 secs
task (0,0,3,0): 1.927503 2.556433 = -119.758121 in 1.771 secs
task (0,0,3,31): 0.316750 2.497907 = -431.253706 in 1.077 secs
task (0,0,3,29): -1.237718 1.667748 = -487.240749 in 1.084 secs
task (0,0,3,27): -2.855557 4.207853 = -329.061061 in 1.079 secs
task (0,0,3,13): -4.025057 1.134846 = -14.698888 in 1.113 secs
task (0,0,3,10): 3.534280 2.202666 = -8.457818 in 1.111 secs
task (0,0,3,22): -2.530733 0.932934 = -81.643385 in 1.119 secs
task (0,0,3,4): 0.472183 0.452327 = -977.206483 in 1.121 secs
task (0,0,3,7): -2.144155 1.156682 = -375.580986 in 1.121 secs
task (0,0,3,16): -1.465709 2.752633 = -368.907295 in 1.124 secs
task (0,0,3,19): -3.027908 0.531979 = -14.145151 in 1.126 secs
task (0,0,3,25): 3.022629 0.417938 = -30.462368 in 1.119 secs
task (0,0,3,1): -0.682048 3.790450 = -78.747510 in 1.477 secs
task (0,0,3,14): -3.209675 0.113154 = -5.252634 in 1.068 secs
task (0,0,3,11): 1.767248 2.232667 = -164.661322 in 1.070 secs
task (0,0,3,5): -0.907684 1.457544 = -534.271674 in 1.074 secs
task (0,0,3,23): -1.084879 0.832754 = -618.216464 in 1.074 secs
task (0,0,3,8): 0.236208 2.208188 = -405.490010 in 1.072 secs
task (0,0,3,17): -0.672784 2.995670 = -118.603689 in 1.075 secs
task (0,0,3,20): 4.454290 1.189337 = -3.828891 in 1.077 secs
task (0,0,3,2): -0.997140 0.638933 = -494.905488 in 0.734 secs
BEST @     3:        0.4721834749995143        0.4523272458314934     -977.2064831143112542
task (0,0,4,26): -1.342277 2.438980 = -435.282463 in 1.078 secs
task (0,0,4,30): -1.931551 1.471547 = -470.764860 in 1.100 secs
task (0,0,4,28): -2.199316 2.555526 = -437.819670 in 1.101 secs
task (0,0,4,12): -0.785508 1.830090 = -466.741414 in 1.113 secs
task (0,0,4,9): -1.529733 0.262195 = -65.707667 in 1.115 secs
task (0,0,4,21): -1.966120 1.647696 = -390.581761 in 1.123 secs
task (0,0,4,15): 0.552406 0.688778 = -837.770986 in 1.123 secs
task (0,0,4,6): 0.300068 1.359524 = -488.314634 in 1.124 secs
task (0,0,4,18): -1.731324 1.837536 = -368.563299 in 1.126 secs
task (0,0,4,3): 1.026962 2.054480 = -460.367027 in 1.128 secs
task (0,0,4,24): -0.160931 3.244114 = -208.325915 in 1.132 secs
task (0,0,4,0): -0.720327 1.914275 = -427.144955 in 1.801 secs
task (0,0,4,27): -1.196490 2.274513 = -442.993029 in 1.078 secs
task (0,0,4,31): -0.205793 1.809870 = -320.961843 in 1.074 secs
task (0,0,4,29): 0.580083 0.623424 = -867.491239 in 1.081 secs
task (0,0,4,13): 0.691896 1.421912 = -521.744541 in 1.110 secs
task (0,0,4,10): 0.250778 0.064328 = -577.002217 in 1.112 secs
task (0,0,4,22): -2.547997 2.239940 = -234.317203 in 1.115 secs
task (0,0,4,7): -1.033775 1.967346 = -471.650467 in 1.117 secs
task (0,0,4,16): -1.823564 0.970246 = -355.807702 in 1.120 secs
task (0,0,4,4): 0.192993 0.604143 = -905.223027 in 1.116 secs
task (0,0,4,25): -1.949981 1.612855 = -408.613544 in 1.112 secs
task (0,0,4,19): 1.987241 1.373819 = -114.877477 in 1.119 secs
task (0,0,4,1): -1.010654 0.930783 = -432.864165 in 1.445 secs
task (0,0,4,14): 1.160507 0.092573 = -571.435995 in 1.058 secs
task (0,0,4,11): -2.147562 0.762136 = -82.898806 in 1.060 secs
task (0,0,4,23): 1.791231 0.787385 = -128.026926 in 1.062 secs
task (0,0,4,8): -0.060779 2.145789 = -96.693539 in 1.061 secs
task (0,0,4,5): -0.784859 2.538724 = 12.663190 in 1.062 secs
task (0,0,4,17): 1.483716 2.625964 = -145.979848 in 1.066 secs
task (0,0,4,20): -0.977093 0.022031 = -68.925749 in 1.065 secs
task (0,0,4,2): 1.293116 0.524463 = -471.424946 in 0.736 secs
BEST @     4:        0.4721834749995143        0.4523272458314934     -977.2064831143112542
task (0,0,5,26): 0.103496 0.705117 = -847.793632 in 1.080 secs
task (0,0,5,30): -0.271489 1.463824 = -471.602015 in 1.099 secs
task (0,0,5,28): 1.421673 1.407999 = -320.260017 in 1.101 secs
task (0,0,5,12): 0.709281 0.397794 = -922.198720 in 1.110 secs
task (0,0,5,9): 0.714609 0.265648 = -955.070755 in 1.117 secs
task (0,0,5,21): -2.968551 2.304565 = -248.725405 in 1.120 secs
task (0,0,5,3): -1.474145 1.064056 = -570.175994 in 1.121 secs
task (0,0,5,18): 2.162471 0.961714 = -89.918166 in 1.122 secs
task (0,0,5,6): -1.290977 2.732176 = -299.304736 in 1.122 secs
task (0,0,5,15): 1.182976 0.707880 = -512.669932 in 1.126 secs
task (0,0,5,24): 1.400058 0.804750 = -365.424210 in 1.129 secs
task (0,0,5,0): -3.016035 3.033869 = -280.934077 in 1.807 secs
task (0,0,5,27): 0.089450 0.176709 = -705.798341 in 1.082 secs
task (0,0,5,31): 1.486055 0.531304 = -343.646737 in 1.076 secs
task (0,0,5,29): 0.243438 0.600986 = -909.560996 in 1.083 secs
task (0,0,5,13): 1.966991 1.356982 = -119.454523 in 1.111 secs
task (0,0,5,10): 1.564667 3.085128 = -236.155324 in 1.109 secs
task (0,0,5,22): 0.051456 1.484844 = -408.798309 in 1.114 secs
task (0,0,5,4): 1.168353 2.754276 = -417.589378 in 1.116 secs
task (0,0,5,7): -0.423034 0.597843 = -808.104991 in 1.116 secs
task (0,0,5,19): 3.114948 0.455023 = -26.069918 in 1.120 secs
task (0,0,5,25): 0.669924 1.511981 = -510.332221 in 1.115 secs
task (0,0,5,16): 0.553695 0.975944 = -660.887220 in 1.122 secs
task (0,0,5,1): -0.402201 0.637149 = -812.309215 in 1.449 secs
task (0,0,5,14): 1.465760 0.200975 = -403.287628 in 1.066 secs
task (0,0,5,11): -2.335431 1.344352 = -446.441339 in 1.071 secs
task (0,0,5,23): 0.024249 1.221856 = -518.372529 in 1.073 secs
task (0,0,5,5): -1.010319 0.731623 = -569.681543 in 1.072 secs
task (0,0,5,8): 0.875210 0.350759 = -816.028064 in 1.072 secs
task (0,0,5,20): 1.036163 0.392528 = -676.709390 in 1.075 secs
task (0,0,5,17): -0.522091 0.068752 = -193.582673 in 1.074 secs
task (0,0,5,2): -0.156417 2.058656 = -278.023440 in 0.730 secs
BEST @     5:        0.4721834749995143        0.4523272458314934     -977.2064831143112542
task (0,0,6,30): -0.243865 1.577254 = -411.272791 in 1.073 secs
task (0,0,6,26): 1.410381 0.478791 = -398.633371 in 1.081 secs
task (0,0,6,28): -0.393348 1.593815 = -450.201162 in 1.108 secs
task (0,0,6,24): 0.478030 0.667437 = -870.035222 in 1.113 secs
task (0,0,6,12): 0.557687 1.133826 = -589.060915 in 1.117 secs
task (0,0,6,9): 0.227315 0.547550 = -936.105377 in 1.117 secs
task (0,0,6,3): -0.915395 1.495229 = -530.899222 in 1.118 secs
task (0,0,6,21): -0.921440 1.330883 = -530.904156 in 1.118 secs
task (0,0,6,6): 0.532459 0.760027 = -798.468454 in 1.119 secs
task (0,0,6,18): 0.638148 1.145797 = -583.454181 in 1.123 secs
task (0,0,6,15): 0.209042 0.314110 = -975.516928 in 1.127 secs
task (0,0,6,0): 0.742140 0.656263 = -780.245483 in 1.804 secs
task (0,0,6,31): -1.092863 0.484438 = -262.507314 in 1.073 secs
task (0,0,6,27): 0.287844 0.398805 = -1003.242040 in 1.088 secs
task (0,0,6,29): -0.634472 1.509644 = -524.011043 in 1.084 secs
task (0,0,6,13): 0.346303 1.802234 = -454.557039 in 1.108 secs
task (0,0,6,25): -0.457302 0.753900 = -806.844176 in 1.112 secs
task (0,0,6,10): -2.347120 1.322585 = -434.763618 in 1.111 secs
task (0,0,6,22): 0.304682 1.389489 = -482.862977 in 1.111 secs
task (0,0,6,4): -1.094094 0.986912 = -621.680946 in 1.113 secs
task (0,0,6,7): 0.798059 1.651678 = -496.985070 in 1.116 secs
task (0,0,6,19): 1.052550 0.555962 = -630.495574 in 1.120 secs
task (0,0,6,16): -0.396093 0.953823 = -707.290140 in 1.122 secs
task (0,0,6,1): -0.703175 0.833931 = -728.967884 in 1.476 secs
task (0,0,6,14): -0.410129 0.808943 = -790.235235 in 1.062 secs
task (0,0,6,11): -0.022391 1.247273 = -526.060078 in 1.065 secs
task (0,0,6,23): -1.287492 0.479824 = -180.062505 in 1.065 secs
task (0,0,6,5): 0.083268 0.728148 = -834.708754 in 1.067 secs
task (0,0,6,8): 0.597544 0.469265 = -940.684090 in 1.066 secs
task (0,0,6,20): -0.127087 1.479944 = -424.925463 in 1.068 secs
task (0,0,6,17): -1.640841 0.973192 = -465.019082 in 1.069 secs
task (0,0,6,2): -0.562410 0.982371 = -680.357181 in 0.723 secs
BEST @     6:        0.2878436432576824        0.3988045907270035    -1003.2420400518843735
termination reason =1
Total elapsed time = 27.949  seconds
Initialization time = 3.348  seconds
Processing time = 27.947  seconds
Finalization time = 0.000  seconds
CMAES 0:  0.287844 0.398805 -> -1003.242040
