Generate Samples...
Estimate error strength by sampling...
Building diagonal of sigma...
Prepare for CMA-ES...
task (0,0,0,15): 7.513804 3.117975 = -0.196487 in 1.111 secs
task (0,0,0,24): 0.623817 0.985295 = -647.748454 in 1.138 secs
task (0,0,0,28): 4.959310 3.724601 = -1.409551 in 1.139 secs
task (0,0,0,18): 1.632790 3.908655 = -207.492644 in 1.139 secs
task (0,0,0,21): 3.382463 2.561096 = -10.020474 in 1.144 secs
task (0,0,0,30): 5.781074 4.051309 = -0.619204 in 1.149 secs
task (0,0,0,3): 0.685479 2.325729 = -474.992090 in 1.154 secs
task (0,0,0,6): 0.962898 2.118965 = -468.246165 in 1.157 secs
task (0,0,0,9): 4.328510 2.009762 = -3.424282 in 1.157 secs
task (0,0,0,12): 3.407809 2.828832 = -9.476654 in 1.160 secs
task (0,0,0,26): -0.297284 2.607920 = -194.029029 in 1.162 secs
task (0,0,0,0): 1.563955 3.217463 = -236.214143 in 1.871 secs
task (0,0,0,16): 3.208124 1.867328 = -13.850934 in 1.110 secs
task (0,0,0,25): 2.286141 1.929581 = -62.555134 in 1.136 secs
task (0,0,0,29): 3.552810 2.277827 = -8.177605 in 1.135 secs
task (0,0,0,19): -4.413688 2.415483 = -447.993198 in 1.135 secs
task (0,0,0,22): 1.247928 4.271963 = -384.474663 in 1.139 secs
task (0,0,0,31): 3.367794 4.636277 = -9.397102 in 1.147 secs
task (0,0,0,4): 4.175610 2.808456 = -3.586637 in 1.151 secs
task (0,0,0,7): 4.580938 3.104740 = -2.222812 in 1.153 secs
task (0,0,0,10): 5.140867 3.020265 = -1.286270 in 1.155 secs
task (0,0,0,13): 3.717606 0.348451 = -13.333304 in 1.157 secs
task (0,0,0,27): 5.806320 2.127065 = -0.886708 in 1.157 secs
task (0,0,0,17): -2.847025 2.496374 = -195.418513 in 1.087 secs
task (0,0,0,20): 6.156562 2.136051 = -0.681758 in 1.104 secs
task (0,0,0,23): 1.739665 3.046792 = -170.939560 in 1.107 secs
task (0,0,0,5): -0.891583 2.543558 = -228.689255 in 1.128 secs
task (0,0,0,8): 9.765459 1.125442 = -0.166251 in 1.130 secs
task (0,0,0,11): 1.389056 2.552094 = -321.643501 in 1.136 secs
task (0,0,0,14): 2.345868 2.816247 = -53.850181 in 1.136 secs
task (0,0,0,1): -2.326473 1.173051 = -291.512683 in 1.615 secs
task (0,0,0,2): 1.292560 2.822254 = -367.767862 in 0.701 secs
BEST @     0:        0.6238169960132016        0.9852951232559668     -647.7484539890569977
task (0,0,1,15): 3.369172 2.404984 = -10.352130 in 1.116 secs
task (0,0,1,24): -0.949150 0.053392 = -63.766994 in 1.137 secs
task (0,0,1,21): -1.334654 1.390206 = -432.980416 in 1.143 secs
task (0,0,1,3): 5.579369 2.349051 = -0.999260 in 1.147 secs
task (0,0,1,12): -0.445759 1.592673 = -465.355932 in 1.154 secs
task (0,0,1,30): -4.953128 2.996674 = -429.731272 in 1.156 secs
task (0,0,1,9): -3.884822 3.590995 = -153.382207 in 1.156 secs
task (0,0,1,6): -2.958758 2.531766 = -184.093510 in 1.159 secs
task (0,0,1,28): 3.634119 2.570864 = -5.664174 in 1.163 secs
task (0,0,1,18): 6.128721 1.454032 = -0.840864 in 1.166 secs
task (0,0,1,26): 3.200228 2.069583 = -13.637994 in 1.183 secs
task (0,0,1,0): 2.399816 2.205528 = -49.129104 in 1.911 secs
task (0,0,1,16): 8.692890 2.360270 = -0.145955 in 1.111 secs
task (0,0,1,25): -1.441199 1.653716 = -422.276034 in 1.136 secs
task (0,0,1,22): 1.029233 2.565617 = -451.780890 in 1.140 secs
task (0,0,1,29): 1.208309 2.068859 = -409.974359 in 1.136 secs
task (0,0,1,4): 1.210556 1.168054 = -442.603890 in 1.153 secs
task (0,0,1,31): 5.468438 2.362945 = -1.053298 in 1.145 secs
task (0,0,1,19): 2.446889 4.155614 = -43.640715 in 1.137 secs
task (0,0,1,13): 5.866249 1.576119 = -1.032885 in 1.158 secs
task (0,0,1,7): -2.100900 3.718479 = -212.159461 in 1.154 secs
task (0,0,1,10): 1.474684 0.166105 = -408.423154 in 1.157 secs
task (0,0,1,27): -0.958653 2.868891 = -153.550203 in 1.158 secs
task (0,0,1,17): -0.209561 1.606332 = -389.238528 in 1.086 secs
task (0,0,1,23): -0.429965 0.183617 = -342.377997 in 1.107 secs
task (0,0,1,20): -1.254350 1.296648 = -472.154594 in 1.105 secs
task (0,0,1,5): 4.246648 0.255809 = -8.074241 in 1.128 secs
task (0,0,1,8): 4.869169 2.936397 = -1.690731 in 1.128 secs
task (0,0,1,14): 5.588953 2.414129 = -0.975725 in 1.132 secs
task (0,0,1,11): 7.501381 0.852210 = -0.531572 in 1.132 secs
task (0,0,1,1): -3.941665 1.800682 = -137.920352 in 1.580 secs
task (0,0,1,2): 1.964159 1.014656 = -127.035499 in 0.698 secs
BEST @     1:        0.6238169960132016        0.9852951232559668     -647.7484539890569977
task (0,0,2,15): 0.108647 1.698698 = -382.840972 in 1.114 secs
task (0,0,2,21): 5.071614 3.819767 = -1.247442 in 1.143 secs
task (0,0,2,24): -1.231575 4.044253 = -44.647751 in 1.145 secs
task (0,0,2,18): 3.758548 0.008943 = 6.730413 in 1.148 secs
task (0,0,2,30): -2.128450 0.794091 = -106.655456 in 1.154 secs
task (0,0,2,26): -0.511054 1.292025 = -580.007230 in 1.156 secs
task (0,0,2,3): -4.796062 1.154276 = -6.459972 in 1.158 secs
task (0,0,2,12): -0.005291 1.647785 = -363.791649 in 1.159 secs
task (0,0,2,6): 2.760287 2.090962 = -26.908019 in 1.160 secs
task (0,0,2,9): -0.351800 1.964056 = -293.514410 in 1.163 secs
task (0,0,2,28): -3.892245 1.956456 = -277.311274 in 1.164 secs
task (0,0,2,0): 3.514817 3.712280 = -7.860688 in 1.870 secs
task (0,0,2,16): -2.896117 2.490888 = -190.982756 in 1.106 secs
task (0,0,2,22): 1.570362 1.472771 = -245.676803 in 1.134 secs
task (0,0,2,25): 2.552585 1.315457 = -42.129706 in 1.132 secs
task (0,0,2,19): 6.958950 3.292339 = -0.274029 in 1.134 secs
task (0,0,2,29): 0.616622 1.028081 = -629.231945 in 1.134 secs
task (0,0,2,31): -3.789085 1.288582 = -30.302438 in 1.146 secs
task (0,0,2,4): 2.684791 2.410878 = -29.862808 in 1.149 secs
task (0,0,2,7): -1.154724 2.226154 = -445.000277 in 1.151 secs
task (0,0,2,27): 9.969230 2.031481 = -0.091666 in 1.155 secs
task (0,0,2,13): 1.589699 1.445529 = -237.808359 in 1.153 secs
task (0,0,2,10): 1.190923 1.045844 = -462.900017 in 1.153 secs
task (0,0,2,17): 2.463201 3.597473 = -42.672417 in 1.085 secs
task (0,0,2,23): 1.985514 3.709252 = -105.982362 in 1.107 secs
task (0,0,2,20): -3.509482 1.444025 = -81.467061 in 1.106 secs
task (0,0,2,5): 4.091006 1.785964 = -4.640256 in 1.129 secs
task (0,0,2,8): 3.742397 1.686097 = -7.091517 in 1.130 secs
task (0,0,2,14): 3.623266 2.742854 = -7.113305 in 1.134 secs
task (0,0,2,11): -3.642802 1.512255 = -81.433427 in 1.134 secs
task (0,0,2,1): -3.175901 1.143269 = -52.451479 in 1.602 secs
task (0,0,2,2): -1.489277 2.268706 = -464.414732 in 0.694 secs
BEST @     2:        0.6238169960132016        0.9852951232559668     -647.7484539890569977
task (0,0,3,15): 0.796646 3.142332 = -465.665409 in 1.124 secs
task (0,0,3,24): -0.317007 1.104893 = -645.860209 in 1.137 secs
task (0,0,3,21): 2.401275 2.855692 = -48.544151 in 1.144 secs
task (0,0,3,30): -1.119748 1.751901 = -500.547423 in 1.149 secs
task (0,0,3,28): 0.723221 0.910581 = -662.910166 in 1.150 secs
task (0,0,3,12): -1.877364 0.598733 = -89.420217 in 1.152 secs
task (0,0,3,3): -0.128914 2.861848 = -229.219618 in 1.154 secs
task (0,0,3,18): -1.573514 1.009485 = -526.476285 in 1.160 secs
task (0,0,3,6): -1.422371 1.612303 = -418.349118 in 1.170 secs
task (0,0,3,26): -2.834181 1.430403 = -287.961394 in 1.173 secs
task (0,0,3,9): -3.195515 0.852323 = -22.516037 in 1.174 secs
task (0,0,3,0): 1.965466 1.225671 = -121.955500 in 1.901 secs
task (0,0,3,16): 1.571362 1.273395 = -250.037005 in 1.106 secs
task (0,0,3,25): 1.517391 1.642945 = -266.784472 in 1.131 secs
task (0,0,3,22): 0.691217 0.929910 = -661.645703 in 1.138 secs
task (0,0,3,29): -0.593304 2.849007 = -136.654191 in 1.134 secs
task (0,0,3,19): -3.942185 0.502519 = -5.166205 in 1.136 secs
task (0,0,3,31): 2.659328 2.101220 = -31.841903 in 1.146 secs
task (0,0,3,4): -1.408754 1.294888 = -485.455109 in 1.149 secs
task (0,0,3,13): -4.158102 2.179274 = -367.887866 in 1.154 secs
task (0,0,3,7): 0.376886 1.737739 = -464.994206 in 1.150 secs
task (0,0,3,27): 1.480584 0.701114 = -327.660378 in 1.155 secs
task (0,0,3,10): -3.312387 2.260638 = -399.791168 in 1.154 secs
task (0,0,3,17): -2.639037 1.798752 = -452.656004 in 1.085 secs
task (0,0,3,23): 3.039897 2.715047 = -16.447491 in 1.110 secs
task (0,0,3,20): -3.063370 0.403768 = -10.863602 in 1.106 secs
task (0,0,3,5): 1.877239 1.227655 = -143.571488 in 1.128 secs
task (0,0,3,14): -2.158568 1.199308 = -412.473030 in 1.135 secs
task (0,0,3,8): -1.216511 0.791877 = -523.376225 in 1.130 secs
task (0,0,3,11): 3.454478 2.025034 = -9.628869 in 1.133 secs
task (0,0,3,1): 0.629229 0.863886 = -708.983704 in 1.595 secs
task (0,0,3,2): 2.185307 1.706308 = -76.709673 in 0.708 secs
BEST @     3:        0.6292291934136451        0.8638858468751589     -708.9837044957965873
task (0,0,4,15): -0.312597 1.668649 = -391.579567 in 1.117 secs
task (0,0,4,24): -2.190245 2.161118 = -297.040519 in 1.137 secs
task (0,0,4,18): 1.138360 0.821058 = -519.614203 in 1.137 secs
task (0,0,4,28): -0.907855 3.090942 = -110.317211 in 1.138 secs
task (0,0,4,21): -1.973833 2.060870 = -345.922120 in 1.143 secs
task (0,0,4,3): 0.415324 0.428571 = -992.379271 in 1.156 secs
task (0,0,4,12): -3.405903 0.288007 = -6.373685 in 1.157 secs
task (0,0,4,30): -1.708405 0.993355 = -448.209485 in 1.159 secs
task (0,0,4,6): -1.822487 0.601702 = -99.466414 in 1.164 secs
task (0,0,4,9): -0.946940 0.463642 = -320.802500 in 1.167 secs
task (0,0,4,26): -3.762898 1.003221 = -15.165273 in 1.170 secs
task (0,0,4,0): -2.531419 0.221129 = -14.742767 in 1.879 secs
task (0,0,4,16): -1.512986 1.822822 = -444.627823 in 1.107 secs
task (0,0,4,25): -1.526937 2.668402 = -421.136281 in 1.134 secs
task (0,0,4,29): -3.142176 0.778165 = -20.342711 in 1.133 secs
task (0,0,4,19): -1.990682 0.136598 = -23.913227 in 1.134 secs
task (0,0,4,22): 1.685355 3.027876 = -189.293118 in 1.137 secs
task (0,0,4,4): -1.369268 2.478838 = -431.819232 in 1.145 secs
task (0,0,4,31): 0.042705 1.904236 = -343.047154 in 1.143 secs
task (0,0,4,13): -0.067679 1.030032 = -666.269999 in 1.150 secs
task (0,0,4,7): -0.991219 1.289275 = -512.054483 in 1.148 secs
task (0,0,4,10): -1.597761 1.045945 = -538.565571 in 1.149 secs
task (0,0,4,27): -0.847263 1.283684 = -549.705012 in 1.150 secs
task (0,0,4,17): -2.290214 2.292272 = -299.259363 in 1.081 secs
task (0,0,4,20): 1.955006 0.481303 = -156.933623 in 1.100 secs
task (0,0,4,23): -0.925164 1.914179 = -469.206185 in 1.102 secs
task (0,0,4,5): 0.959886 1.372214 = -510.066462 in 1.121 secs
task (0,0,4,8): 0.001143 2.959165 = -281.357111 in 1.123 secs
task (0,0,4,14): 2.112095 1.456470 = -90.115297 in 1.128 secs
task (0,0,4,11): 0.883242 1.053068 = -578.903615 in 1.126 secs
task (0,0,4,1): 0.197337 1.206617 = -533.430105 in 1.601 secs
task (0,0,4,2): -1.091776 3.031849 = -139.576006 in 0.702 secs
BEST @     4:        0.4153244540774875        0.4285706258187241     -992.3792713099122693
task (0,0,5,15): 0.042140 0.941092 = -713.808953 in 1.112 secs
task (0,0,5,24): 2.618206 1.521292 = -36.400607 in 1.137 secs
task (0,0,5,21): -0.464461 1.593057 = -469.999102 in 1.137 secs
task (0,0,5,28): 0.340460 0.886854 = -744.621144 in 1.139 secs
task (0,0,5,18): -0.303037 1.801779 = -336.126357 in 1.143 secs
task (0,0,5,30): 0.915934 0.889593 = -611.186009 in 1.151 secs
task (0,0,5,3): -0.529577 0.634063 = -771.707246 in 1.152 secs
task (0,0,5,6): -1.214046 0.935765 = -608.895992 in 1.155 secs
task (0,0,5,9): -2.597849 0.362979 = -17.577769 in 1.157 secs
task (0,0,5,12): 0.366896 0.196686 = -937.101580 in 1.157 secs
task (0,0,5,26): -0.695979 1.015136 = -650.843245 in 1.160 secs
task (0,0,5,0): 0.075598 0.528293 = -945.503484 in 1.865 secs
task (0,0,5,16): -0.630357 1.138099 = -613.909020 in 1.112 secs
task (0,0,5,25): -1.029299 1.020807 = -614.941349 in 1.134 secs
task (0,0,5,29): -0.157780 0.710462 = -850.149525 in 1.136 secs
task (0,0,5,22): -0.282443 0.965715 = -708.163570 in 1.140 secs
task (0,0,5,19): -0.192888 2.192542 = -255.109590 in 1.138 secs
task (0,0,5,31): -1.105565 1.541869 = -501.462520 in 1.146 secs
task (0,0,5,4): 0.048808 0.707623 = -845.169062 in 1.152 secs
task (0,0,5,7): -1.102651 1.638410 = -507.499851 in 1.153 secs
task (0,0,5,10): -1.166250 2.216734 = -448.701017 in 1.152 secs
task (0,0,5,13): -1.645384 0.952911 = -441.956878 in 1.156 secs
task (0,0,5,27): 0.131192 1.404815 = -442.208020 in 1.157 secs
task (0,0,5,17): 0.327021 0.873284 = -755.139252 in 1.086 secs
task (0,0,5,23): -0.628856 1.743663 = -459.007357 in 1.105 secs
task (0,0,5,20): -1.082449 1.051435 = -597.989250 in 1.107 secs
task (0,0,5,5): -0.382977 0.907077 = -731.962876 in 1.129 secs
task (0,0,5,8): 0.260143 0.618497 = -902.162613 in 1.133 secs
task (0,0,5,11): -0.725731 1.274862 = -575.364854 in 1.136 secs
task (0,0,5,14): -1.554863 0.818576 = -345.702936 in 1.136 secs
task (0,0,5,1): 0.506492 1.240026 = -552.096768 in 1.610 secs
task (0,0,5,2): -1.820086 1.231451 = -532.985492 in 0.707 secs
BEST @     5:        0.4153244540774875        0.4285706258187241     -992.3792713099122693
task (0,0,6,15): 0.345651 0.963818 = -689.185576 in 1.115 secs
task (0,0,6,24): -0.653088 1.934509 = -395.918602 in 1.137 secs
task (0,0,6,18): -0.437566 0.326864 = -502.585479 in 1.140 secs
task (0,0,6,28): 0.742051 0.985994 = -628.023675 in 1.142 secs
task (0,0,6,21): -0.067973 0.640387 = -888.925938 in 1.143 secs
task (0,0,6,30): 0.264074 0.290465 = -983.943838 in 1.150 secs
task (0,0,6,3): -0.703343 0.040773 = -82.215787 in 1.152 secs
task (0,0,6,9): 1.289926 0.468624 = -483.715639 in 1.162 secs
task (0,0,6,12): 0.366271 1.417400 = -491.760561 in 1.162 secs
task (0,0,6,26): 0.298563 1.222463 = -533.414559 in 1.164 secs
task (0,0,6,6): -1.761840 1.245820 = -528.531566 in 1.169 secs
task (0,0,6,0): 1.604328 0.773408 = -258.332611 in 1.878 secs
task (0,0,6,16): 0.661657 1.262340 = -551.045997 in 1.110 secs
task (0,0,6,25): -0.686435 0.803296 = -737.888555 in 1.137 secs
task (0,0,6,19): -0.977251 1.904822 = -475.904563 in 1.135 secs
task (0,0,6,29): -0.727268 1.968393 = -408.775377 in 1.138 secs
task (0,0,6,22): -0.161287 1.128866 = -619.874553 in 1.141 secs
task (0,0,6,31): -1.168722 1.839170 = -492.128243 in 1.146 secs
task (0,0,6,4): -0.410118 1.715629 = -403.282970 in 1.151 secs
task (0,0,6,10): -0.242840 1.597531 = -401.935465 in 1.153 secs
task (0,0,6,27): 0.727685 0.201614 = -937.853375 in 1.158 secs
task (0,0,6,13): -0.956292 1.982831 = -460.808765 in 1.160 secs
task (0,0,6,7): -0.962175 1.494638 = -525.743360 in 1.155 secs
task (0,0,6,17): 0.901455 1.366323 = -520.719276 in 1.088 secs
task (0,0,6,20): 0.552811 0.341673 = -1002.967452 in 1.104 secs
task (0,0,6,23): 0.990759 1.239476 = -518.434804 in 1.107 secs
task (0,0,6,5): -1.174003 0.958420 = -615.944118 in 1.126 secs
task (0,0,6,11): -0.731435 0.101679 = -153.965707 in 1.133 secs
task (0,0,6,8): 1.779134 0.789192 = -187.960551 in 1.132 secs
task (0,0,6,14): -0.404758 0.526726 = -773.935066 in 1.134 secs
task (0,0,6,1): 0.017251 0.598740 = -909.965220 in 1.607 secs
task (0,0,6,2): 0.914041 0.016915 = -527.089614 in 0.698 secs
BEST @     6:        0.5528108483112089        0.3416726336544723    -1002.9674523674196962
termination reason =1
Total elapsed time = 29.304  seconds
Initialization time = 3.529  seconds
Processing time = 29.302  seconds
Finalization time = 0.000  seconds
CMAES 0:  0.552811 0.341673 -> -1002.967452
