Generate Samples...
Estimate error strength by sampling...
Building diagonal of sigma...
Prepare for CMA-ES...
task (0,0,0,9): 2.090087 4.747143 = -86.013381 in 1.125 secs
task (0,0,0,12): 1.157035 1.519557 = -444.439285 in 1.132 secs
task (0,0,0,18): 5.010356 2.633771 = -1.548431 in 1.161 secs
task (0,0,0,15): 5.701516 3.215852 = -0.752642 in 1.170 secs
task (0,0,0,24): 6.866915 2.041991 = -0.436670 in 1.176 secs
task (0,0,0,26): 2.829910 1.610000 = -25.441583 in 1.184 secs
task (0,0,0,3): 4.832731 1.993725 = -2.087919 in 1.186 secs
task (0,0,0,30): 3.991229 3.346371 = -4.258330 in 1.187 secs
task (0,0,0,21): 2.487784 3.806322 = -40.675025 in 1.187 secs
task (0,0,0,28): 4.161163 1.277000 = -4.972478 in 1.191 secs
task (0,0,0,6): 1.917565 2.996814 = -121.738318 in 1.194 secs
task (0,0,0,0): 2.572822 2.209039 = -36.675727 in 1.918 secs
task (0,0,0,13): -1.345208 2.707903 = -335.665681 in 1.128 secs
task (0,0,0,19): 5.022878 2.383015 = -1.605541 in 1.153 secs
task (0,0,0,16): -1.679472 3.225296 = -245.386338 in 1.151 secs
task (0,0,0,25): 2.913039 3.723546 = -19.431425 in 1.162 secs
task (0,0,0,27): -1.514333 4.399452 = -33.471351 in 1.171 secs
task (0,0,0,22): -0.122748 2.159508 = -273.103380 in 1.174 secs
task (0,0,0,29): 4.528849 0.789879 = -4.298506 in 1.179 secs
task (0,0,0,31): 0.488757 3.075948 = -468.865256 in 1.184 secs
task (0,0,0,4): 5.888540 1.466374 = -1.048891 in 1.186 secs
task (0,0,0,7): -0.503564 3.622631 = -108.077681 in 1.183 secs
task (0,0,0,10): -0.899190 2.267356 = -345.506648 in 1.371 secs
task (0,0,0,14): -0.095219 2.274090 = -270.470943 in 1.108 secs
task (0,0,0,20): 4.279494 1.158871 = -4.602699 in 1.135 secs
task (0,0,0,17): 6.364267 2.244123 = -0.568360 in 1.133 secs
task (0,0,0,23): 8.128562 2.314711 = -0.187295 in 1.147 secs
task (0,0,0,5): -1.569681 1.433890 = -430.810019 in 1.158 secs
task (0,0,0,8): 5.905649 2.053065 = -0.841084 in 1.158 secs
task (0,0,0,1): 1.466217 2.898741 = -281.749904 in 1.662 secs
task (0,0,0,11): 6.236866 2.997748 = -0.507587 in 1.267 secs
task (0,0,0,2): 2.736301 3.463951 = -26.310539 in 0.712 secs
BEST @     0:        0.4887566500350227        3.0759482262002247     -468.8652560728536400
task (0,0,1,9): 6.003218 2.201651 = -0.747463 in 1.121 secs
task (0,0,1,12): 1.686412 2.308835 = -191.138707 in 1.129 secs
task (0,0,1,15): 3.924111 1.486346 = -6.025571 in 1.153 secs
task (0,0,1,18): -1.410543 2.226610 = -465.003709 in 1.157 secs
task (0,0,1,24): -4.766983 0.655766 = -3.123017 in 1.169 secs
task (0,0,1,26): -0.481390 4.330531 = -103.895918 in 1.169 secs
task (0,0,1,3): 3.027249 3.704105 = -16.155805 in 1.182 secs
task (0,0,1,6): -1.698597 2.532613 = -457.730824 in 1.184 secs
task (0,0,1,30): -0.542475 3.648590 = -100.872872 in 1.199 secs
task (0,0,1,21): 3.572653 1.153424 = -10.101952 in 1.202 secs
task (0,0,1,28): -1.020196 3.223573 = -99.944501 in 1.205 secs
task (0,0,1,0): 2.558226 1.875187 = -38.617305 in 1.943 secs
task (0,0,1,10): -2.369557 4.007507 = -202.824086 in 1.120 secs
task (0,0,1,13): 6.221252 2.356736 = -0.608034 in 1.130 secs
task (0,0,1,16): 3.510845 4.165525 = -7.726370 in 1.154 secs
task (0,0,1,19): 4.508640 2.656093 = -2.537367 in 1.157 secs
task (0,0,1,25): 2.452559 2.468651 = -44.797185 in 1.164 secs
task (0,0,1,27): 6.386158 1.721246 = -0.673580 in 1.175 secs
task (0,0,1,4): -2.024525 1.048562 = -325.709961 in 1.188 secs
task (0,0,1,7): 0.085276 2.702008 = -326.099723 in 1.187 secs
task (0,0,1,22): 1.748538 3.239087 = -167.794245 in 1.174 secs
task (0,0,1,31): 2.449039 4.274530 = -43.473875 in 1.184 secs
task (0,0,1,29): 0.010866 3.499398 = -279.744234 in 1.181 secs
task (0,0,1,11): 1.639065 1.477257 = -216.855614 in 1.097 secs
task (0,0,1,14): -2.558370 2.721037 = -356.696463 in 1.107 secs
task (0,0,1,17): -0.060209 3.043349 = -252.344402 in 1.131 secs
task (0,0,1,20): -2.865647 2.659041 = -209.662194 in 1.134 secs
task (0,0,1,23): 2.016966 3.104508 = -100.303778 in 1.146 secs
task (0,0,1,8): -0.009118 3.555672 = -269.642639 in 1.160 secs
task (0,0,1,5): 1.680673 3.211263 = -190.629369 in 1.160 secs
task (0,0,1,1): -2.411755 2.202193 = -250.170208 in 1.637 secs
task (0,0,1,2): -1.483190 3.315577 = -151.624970 in 0.698 secs
BEST @     1:        0.4887566500350227        3.0759482262002247     -468.8652560728536400
task (0,0,2,9): -1.764138 2.462111 = -465.235594 in 1.128 secs
task (0,0,2,12): 0.296343 1.550701 = -456.864620 in 1.131 secs
task (0,0,2,18): -0.515245 2.896405 = -138.126919 in 1.155 secs
task (0,0,2,24): -4.323829 1.515227 = -25.931151 in 1.164 secs
task (0,0,2,26): -0.616977 1.459513 = -535.511752 in 1.168 secs
task (0,0,2,15): -1.232625 3.016124 = -172.076140 in 1.169 secs
task (0,0,2,28): 0.792822 2.798769 = -467.246618 in 1.173 secs
task (0,0,2,6): 1.576738 2.409080 = -233.198505 in 1.181 secs
task (0,0,2,3): -2.587874 1.941384 = -381.213122 in 1.181 secs
task (0,0,2,30): 0.372385 1.465269 = -485.971385 in 1.188 secs
task (0,0,2,21): -1.854241 3.721585 = -136.530398 in 1.194 secs
task (0,0,2,0): -3.221779 1.852407 = -470.382861 in 1.905 secs
task (0,0,2,10): 5.108762 3.939732 = -1.188347 in 1.119 secs
task (0,0,2,13): 1.945427 1.694792 = -120.499455 in 1.127 secs
task (0,0,2,19): -2.693684 1.037196 = -86.678973 in 1.157 secs
task (0,0,2,16): -1.498765 1.715162 = -418.564284 in 1.155 secs
task (0,0,2,25): -1.040858 2.270546 = -401.505260 in 1.164 secs
task (0,0,2,27): -0.875465 3.758534 = -63.682728 in 1.171 secs
task (0,0,2,29): 2.086333 3.102975 = -87.712969 in 1.178 secs
task (0,0,2,7): 1.564907 2.411147 = -238.230571 in 1.183 secs
task (0,0,2,4): 4.191484 2.853474 = -3.504620 in 1.186 secs
task (0,0,2,31): -1.372192 3.223518 = -149.543536 in 1.183 secs
task (0,0,2,22): 4.557407 2.622215 = -2.423533 in 1.178 secs
task (0,0,2,11): -0.487011 2.526220 = -181.821098 in 1.096 secs
task (0,0,2,14): -4.666524 1.535149 = -16.859139 in 1.106 secs
task (0,0,2,20): 0.970156 3.052722 = -456.289362 in 1.132 secs
task (0,0,2,17): 7.881076 3.279447 = -0.145356 in 1.127 secs
task (0,0,2,23): 4.404418 2.996748 = -2.719462 in 1.145 secs
task (0,0,2,8): 2.509468 2.563583 = -40.273535 in 1.161 secs
task (0,0,2,5): 0.393521 2.680138 = -452.534332 in 1.159 secs
task (0,0,2,1): -4.275958 1.920315 = -113.436897 in 1.661 secs
task (0,0,2,2): -2.369821 3.107769 = -455.483506 in 0.694 secs
BEST @     2:       -0.6169774582666663        1.4595128994567315     -535.5117523148961709
task (0,0,3,9): -1.111070 3.973169 = -48.385199 in 1.124 secs
task (0,0,3,12): -0.922020 0.376159 = -254.813951 in 1.139 secs
task (0,0,3,18): -0.839389 2.813975 = -149.105312 in 1.172 secs
task (0,0,3,24): -4.661488 1.066133 = -6.320773 in 1.176 secs
task (0,0,3,15): -4.603950 2.115301 = -127.570333 in 1.176 secs
task (0,0,3,6): 3.451866 2.252769 = -9.386363 in 1.181 secs
task (0,0,3,26): -2.317041 1.755345 = -419.668908 in 1.185 secs
task (0,0,3,30): 1.116363 3.482620 = -429.640018 in 1.185 secs
task (0,0,3,3): 0.989158 1.355486 = -505.385281 in 1.186 secs
task (0,0,3,21): -0.785747 2.031698 = -404.129627 in 1.192 secs
task (0,0,3,28): -0.765138 3.899550 = -67.974482 in 1.194 secs
task (0,0,3,0): 0.701049 1.195361 = -565.927539 in 1.904 secs
task (0,0,3,10): -0.062899 1.157093 = -587.675288 in 1.118 secs
task (0,0,3,13): -0.017063 1.412751 = -436.724637 in 1.129 secs
task (0,0,3,19): -2.020383 2.152609 = -359.812642 in 1.157 secs
task (0,0,3,16): -4.150764 0.399115 = -3.746092 in 1.154 secs
task (0,0,3,25): 1.243232 2.412991 = -392.002291 in 1.162 secs
task (0,0,3,27): 0.463547 1.124801 = -590.212956 in 1.169 secs
task (0,0,3,7): -2.017261 2.967536 = -447.744213 in 1.181 secs
task (0,0,3,22): 5.791910 2.000857 = -0.931344 in 1.175 secs
task (0,0,3,4): -2.521538 2.305870 = -236.913816 in 1.185 secs
task (0,0,3,29): -1.829864 3.031467 = -398.914095 in 1.178 secs
task (0,0,3,31): -1.681257 2.105757 = -463.698426 in 1.188 secs
task (0,0,3,11): -2.818674 1.182516 = -115.905009 in 1.096 secs
task (0,0,3,14): 0.080322 2.950789 = -319.631575 in 1.108 secs
task (0,0,3,20): 3.344204 2.167712 = -10.991134 in 1.131 secs
task (0,0,3,17): -1.854330 1.878967 = -337.990435 in 1.132 secs
task (0,0,3,23): 3.272605 1.578207 = -13.297891 in 1.144 secs
task (0,0,3,8): -2.227942 1.908805 = -302.539724 in 1.159 secs
task (0,0,3,5): -0.902801 1.666857 = -504.476165 in 1.158 secs
task (0,0,3,1): -3.181939 1.388355 = -124.501284 in 1.658 secs
task (0,0,3,2): 1.226721 2.189401 = -401.053961 in 0.703 secs
BEST @     3:        0.4635474238356019        1.1248005200447388     -590.2129560165950579
task (0,0,4,9): -3.262784 1.493688 = -159.882037 in 1.119 secs
task (0,0,4,12): -3.756183 1.543554 = -73.813632 in 1.135 secs
task (0,0,4,15): -2.987190 4.376667 = -310.649765 in 1.161 secs
task (0,0,4,24): -1.013462 0.624024 = -465.888536 in 1.161 secs
task (0,0,4,18): 0.004562 0.677257 = -863.281323 in 1.163 secs
task (0,0,4,26): -0.953842 0.932525 = -655.130616 in 1.171 secs
task (0,0,4,6): -0.824614 2.075803 = -400.358993 in 1.178 secs
task (0,0,4,21): -0.233902 2.889057 = -193.483821 in 1.181 secs
task (0,0,4,28): 3.697563 1.748620 = -7.391002 in 1.182 secs
task (0,0,4,30): -1.949476 1.289581 = -523.166281 in 1.183 secs
task (0,0,4,3): 2.213790 1.557365 = -73.844082 in 1.184 secs
task (0,0,4,0): 0.810038 1.843333 = -485.736972 in 1.866 secs
task (0,0,4,10): -0.252196 2.259885 = -237.548164 in 1.118 secs
task (0,0,4,13): -1.129230 1.402606 = -476.368277 in 1.132 secs
task (0,0,4,16): 0.099451 2.624185 = -334.477182 in 1.152 secs
task (0,0,4,19): 2.621721 0.785107 = -44.146473 in 1.158 secs
task (0,0,4,25): 3.899231 1.075826 = -7.107742 in 1.163 secs
task (0,0,4,27): 0.013425 1.183972 = -559.388882 in 1.169 secs
task (0,0,4,22): 0.208378 1.717694 = -414.836156 in 1.175 secs
task (0,0,4,7): 0.453704 1.928136 = -473.447207 in 1.182 secs
task (0,0,4,29): 0.233233 1.934162 = -412.635516 in 1.179 secs
task (0,0,4,4): -0.491057 3.239131 = -121.460252 in 1.184 secs
task (0,0,4,31): -0.338753 1.443440 = -498.082763 in 1.186 secs
task (0,0,4,11): 1.901357 1.312273 = -135.742348 in 1.095 secs
task (0,0,4,14): -0.524674 0.444153 = -594.610256 in 1.108 secs
task (0,0,4,17): 2.543665 1.365433 = -42.365274 in 1.130 secs
task (0,0,4,20): 1.375754 1.193953 = -353.340985 in 1.133 secs
task (0,0,4,23): 2.132579 1.494358 = -86.382323 in 1.146 secs
task (0,0,4,8): -1.075759 1.000815 = -619.353643 in 1.159 secs
task (0,0,4,5): 0.712433 1.569002 = -503.985017 in 1.159 secs
task (0,0,4,1): 0.113878 1.612793 = -394.612442 in 1.681 secs
task (0,0,4,2): 0.414514 1.680673 = -475.951324 in 0.700 secs
BEST @     4:        0.0045618031744079        0.6772571684536126     -863.2813229795635834
task (0,0,5,9): 0.450971 1.065589 = -616.000017 in 1.122 secs
task (0,0,5,12): 3.206581 0.785653 = -18.796362 in 1.138 secs
task (0,0,5,18): -0.767137 2.833784 = -135.330576 in 1.164 secs
task (0,0,5,26): 1.653539 3.013425 = -200.837299 in 1.164 secs
task (0,0,5,24): 0.207466 0.035523 = -446.111394 in 1.172 secs
task (0,0,5,6): -0.719516 0.657217 = -686.090765 in 1.177 secs
task (0,0,5,3): -0.106879 2.888344 = -236.768934 in 1.179 secs
task (0,0,5,15): -1.553084 2.740563 = -406.752397 in 1.187 secs
task (0,0,5,30): 1.932698 3.918234 = -113.020870 in 1.201 secs
task (0,0,5,21): -0.556448 2.118174 = -280.028360 in 1.201 secs
task (0,0,5,28): 1.778219 1.916215 = -163.164272 in 1.206 secs
task (0,0,5,0): 3.022234 0.705474 = -25.232104 in 1.927 secs
task (0,0,5,10): -0.970561 0.315245 = -195.337737 in 1.118 secs
task (0,0,5,13): 0.559210 2.621780 = -475.513771 in 1.133 secs
task (0,0,5,19): 1.905258 1.744497 = -129.575124 in 1.155 secs
task (0,0,5,27): 2.284966 1.093098 = -70.080119 in 1.172 secs
task (0,0,5,25): -0.635048 1.384600 = -556.061631 in 1.165 secs
task (0,0,5,16): -2.661225 1.375623 = -323.062201 in 1.154 secs
task (0,0,5,7): 0.753632 0.350661 = -914.047307 in 1.180 secs
task (0,0,5,4): 1.093912 2.188092 = -444.119143 in 1.182 secs
task (0,0,5,22): -1.341051 1.435684 = -422.759815 in 1.171 secs
task (0,0,5,31): -2.291953 0.310582 = -23.690814 in 1.183 secs
task (0,0,5,29): 1.761749 1.786873 = -169.357532 in 1.181 secs
task (0,0,5,11): -1.942110 2.177433 = -402.762089 in 1.096 secs
task (0,0,5,14): 0.654906 0.737257 = -773.028332 in 1.112 secs
task (0,0,5,20): 1.889675 0.471364 = -176.470085 in 1.134 secs
task (0,0,5,17): 0.303775 1.244316 = -525.054483 in 1.131 secs
task (0,0,5,23): 0.633510 2.196535 = -478.881129 in 1.146 secs
task (0,0,5,8): -1.484605 3.157371 = -199.893191 in 1.162 secs
task (0,0,5,5): -2.472132 1.330450 = -378.719767 in 1.162 secs
task (0,0,5,1): 1.201184 0.426864 = -556.413723 in 1.641 secs
task (0,0,5,2): -0.453327 1.695357 = -426.693476 in 0.696 secs
BEST @     5:        0.7536317766527039        0.3506611872182066     -914.0473071388656763
task (0,0,6,9): 2.607362 0.796012 = -44.950329 in 1.124 secs
task (0,0,6,12): 0.424410 0.760720 = -821.596176 in 1.131 secs
task (0,0,6,15): 0.366968 1.258917 = -529.178012 in 1.151 secs
task (0,0,6,18): 1.217209 1.382600 = -426.248232 in 1.158 secs
task (0,0,6,24): 0.909345 0.411360 = -781.807393 in 1.163 secs
task (0,0,6,26): -0.908472 2.046372 = -436.802548 in 1.175 secs
task (0,0,6,28): -0.818051 1.046858 = -621.744079 in 1.180 secs
task (0,0,6,6): -0.084254 0.819852 = -783.234928 in 1.182 secs
task (0,0,6,3): -0.021317 1.231364 = -535.416085 in 1.185 secs
task (0,0,6,21): 1.213518 1.649092 = -417.232316 in 1.195 secs
task (0,0,6,30): -0.559064 2.226859 = -250.991750 in 1.196 secs
task (0,0,6,0): -0.358566 1.469128 = -492.076115 in 1.934 secs
task (0,0,6,10): -0.345551 1.770409 = -358.636405 in 1.117 secs
task (0,0,6,13): -0.769226 2.103668 = -366.574341 in 1.131 secs
task (0,0,6,16): -0.417317 0.485069 = -724.794497 in 1.156 secs
task (0,0,6,19): 1.033167 2.027827 = -459.946657 in 1.153 secs
task (0,0,6,25): -0.413651 0.284287 = -468.095498 in 1.162 secs
task (0,0,6,27): 1.421349 1.652394 = -314.561111 in 1.174 secs
task (0,0,6,29): -0.423025 2.121361 = -259.955180 in 1.180 secs
task (0,0,6,7): -0.736632 2.779870 = -146.620604 in 1.184 secs
task (0,0,6,4): 1.947162 1.536208 = -121.648559 in 1.186 secs
task (0,0,6,31): 0.303724 1.965242 = -436.461872 in 1.183 secs
task (0,0,6,22): 1.580070 0.466326 = -300.308877 in 1.188 secs
task (0,0,6,11): -0.739529 2.320740 = -263.244711 in 1.094 secs
task (0,0,6,14): 1.952842 1.338721 = -122.868572 in 1.109 secs
task (0,0,6,17): -0.938518 1.057344 = -605.110784 in 1.132 secs
task (0,0,6,20): 1.030682 0.433682 = -681.432902 in 1.133 secs
task (0,0,6,8): -1.794470 1.196006 = -536.147191 in 1.160 secs
task (0,0,6,23): 2.656977 0.224999 = -61.384329 in 1.145 secs
task (0,0,6,5): 1.862524 0.870219 = -158.145755 in 1.159 secs
task (0,0,6,1): 1.122795 0.593863 = -573.973328 in 1.636 secs
task (0,0,6,2): -0.762899 2.312913 = -273.337573 in 0.694 secs
BEST @     6:        0.7536317766527039        0.3506611872182066     -914.0473071388656763
termination reason =1
Total elapsed time = 29.881  seconds
Initialization time = 3.383  seconds
Processing time = 29.879  seconds
Finalization time = 0.000  seconds
CMAES 0:  0.753632 0.350661 -> -914.047307
