Generate Samples...
Estimate error strength by sampling...
Building diagonal of sigma...
Prepare for CMA-ES...
task (0,0,0,3): 9.993612 4.113619 = -0.019330 in 1.118 secs
task (0,0,0,12): 7.896136 2.032410 = -0.240967 in 1.129 secs
task (0,0,0,6): 3.288531 3.602835 = -10.841676 in 1.130 secs
task (0,0,0,24): -2.592214 3.989129 = -308.061321 in 1.142 secs
task (0,0,0,21): 3.272543 2.291736 = -12.000572 in 1.149 secs
task (0,0,0,9): 8.454860 3.652884 = -0.084771 in 1.152 secs
task (0,0,0,18): 8.348214 3.769409 = -0.086669 in 1.153 secs
task (0,0,0,15): 4.678890 1.748760 = -2.570145 in 1.158 secs
task (0,0,0,28): 4.227414 2.814592 = -3.378614 in 1.164 secs
task (0,0,0,30): 6.319403 3.992301 = -0.389169 in 1.166 secs
task (0,0,0,26): 7.546980 4.107943 = -0.139723 in 1.167 secs
task (0,0,0,0): 8.328677 2.611255 = -0.146843 in 1.885 secs
task (0,0,0,4): 2.574666 3.159270 = -35.167679 in 1.114 secs
task (0,0,0,7): -0.490552 1.687334 = -441.682074 in 1.114 secs
task (0,0,0,13): 2.355748 2.366931 = -53.698417 in 1.124 secs
task (0,0,0,25): 0.179911 2.370297 = -377.632374 in 1.138 secs
task (0,0,0,22): 3.135220 3.401371 = -13.762159 in 1.147 secs
task (0,0,0,19): 0.004005 4.415973 = -272.528380 in 1.150 secs
task (0,0,0,10): 5.442625 1.969128 = -1.237230 in 1.152 secs
task (0,0,0,27): 5.176666 3.088727 = -1.230864 in 1.143 secs
task (0,0,0,31): -1.023597 3.202327 = -102.930258 in 1.148 secs
task (0,0,0,16): 1.763557 2.803653 = -163.884980 in 1.160 secs
task (0,0,0,29): 5.610431 3.593434 = -0.768481 in 1.156 secs
task (0,0,0,5): 4.340452 2.578715 = -3.069561 in 1.089 secs
task (0,0,0,8): 1.052271 3.139513 = -444.146780 in 1.090 secs
task (0,0,0,14): -0.883287 0.758692 = -665.824305 in 1.099 secs
task (0,0,0,11): 7.514184 3.261532 = -0.187049 in 1.113 secs
task (0,0,0,23): 0.676516 1.297180 = -543.201584 in 1.129 secs
task (0,0,0,20): -4.398385 1.344727 = -14.963542 in 1.128 secs
task (0,0,0,17): -0.033623 3.215006 = -261.470960 in 1.125 secs
task (0,0,0,1): 2.985231 1.425614 = -20.729388 in 1.599 secs
task (0,0,0,2): 1.900409 1.298808 = -136.213724 in 0.694 secs
BEST @     0:       -0.8832868120863409        0.7586920905535812     -665.8243045142643268
task (0,0,1,3): 2.797421 1.425236 = -27.661079 in 1.120 secs
task (0,0,1,6): 4.009275 2.418726 = -4.558625 in 1.121 secs
task (0,0,1,12): 6.848045 1.912401 = -0.464911 in 1.127 secs
task (0,0,1,24): 3.023427 1.345048 = -19.949165 in 1.155 secs
task (0,0,1,28): 4.695184 2.135240 = -2.306238 in 1.157 secs
task (0,0,1,30): -1.927040 0.399759 = -48.346782 in 1.158 secs
task (0,0,1,15): 8.445014 2.486445 = -0.149129 in 1.159 secs
task (0,0,1,26): -0.246987 4.077511 = -168.331122 in 1.161 secs
task (0,0,1,21): 9.089264 3.878549 = -0.049695 in 1.163 secs
task (0,0,1,9): -3.510396 1.678684 = -201.707196 in 1.164 secs
task (0,0,1,18): -4.752796 1.840808 = -35.607746 in 1.169 secs
task (0,0,1,0): 2.548049 3.183024 = -36.773322 in 1.886 secs
task (0,0,1,4): 0.928969 1.332222 = -519.894523 in 1.115 secs
task (0,0,1,7): 2.471267 0.988986 = -52.110824 in 1.115 secs
task (0,0,1,13): 0.769312 1.575522 = -502.590407 in 1.125 secs
task (0,0,1,25): 1.990982 3.314613 = -106.001918 in 1.138 secs
task (0,0,1,31): -4.816498 3.671610 = -66.503750 in 1.147 secs
task (0,0,1,27): -3.727017 2.297302 = -449.610291 in 1.146 secs
task (0,0,1,22): 2.296945 2.371437 = -61.480750 in 1.147 secs
task (0,0,1,10): 3.065507 3.374587 = -17.318872 in 1.151 secs
task (0,0,1,29): 0.952714 3.531430 = -457.102179 in 1.159 secs
task (0,0,1,16): 5.254885 1.533527 = -3.826450 in 1.158 secs
task (0,0,1,19): 6.049253 0.141813 = -3.515702 in 1.150 secs
task (0,0,1,5): 0.471212 2.031669 = -477.630812 in 1.089 secs
task (0,0,1,8): 2.289273 4.682211 = -63.687202 in 1.089 secs
task (0,0,1,14): -1.481562 0.051434 = -25.463670 in 1.099 secs
task (0,0,1,11): -0.778747 2.469684 = -223.769610 in 1.112 secs
task (0,0,1,23): 1.071604 1.706467 = -462.460721 in 1.126 secs
task (0,0,1,17): -0.561923 3.167781 = -114.822763 in 1.126 secs
task (0,0,1,20): -1.991594 1.087934 = -387.975509 in 1.124 secs
task (0,0,1,1): -4.788790 1.048820 = 3.455814 in 1.594 secs
task (0,0,1,2): -0.775609 3.409241 = -83.891684 in 0.703 secs
BEST @     1:       -0.8832868120863409        0.7586920905535812     -665.8243045142643268
task (0,0,2,3): 1.580233 2.217365 = -232.768010 in 1.116 secs
task (0,0,2,6): -1.045336 2.212538 = -423.361908 in 1.122 secs
task (0,0,2,12): -0.369270 2.201850 = -238.994840 in 1.124 secs
task (0,0,2,24): -0.112435 1.292514 = -517.771947 in 1.153 secs
task (0,0,2,21): 2.331674 2.321702 = -56.251205 in 1.154 secs
task (0,0,2,30): -0.458595 1.861440 = -356.275893 in 1.158 secs
task (0,0,2,26): 1.559095 1.675632 = -247.166656 in 1.159 secs
task (0,0,2,9): -4.925870 1.138204 = -5.538004 in 1.159 secs
task (0,0,2,28): -0.636963 1.510664 = -523.933986 in 1.159 secs
task (0,0,2,15): -3.067786 2.253760 = -313.219163 in 1.163 secs
task (0,0,2,18): -0.240491 1.488936 = -451.135728 in 1.169 secs
task (0,0,2,0): -0.942059 2.478847 = -268.699869 in 1.879 secs
task (0,0,2,4): -0.277461 2.478391 = -209.175473 in 1.113 secs
task (0,0,2,7): 0.750936 0.823130 = -694.267547 in 1.116 secs
task (0,0,2,13): 0.193952 0.951411 = -704.550657 in 1.123 secs
task (0,0,2,25): 0.364984 2.182545 = -449.984813 in 1.140 secs
task (0,0,2,22): 0.620344 1.320152 = -538.774587 in 1.146 secs
task (0,0,2,27): -2.309142 1.818103 = -377.199171 in 1.148 secs
task (0,0,2,31): -1.992485 3.266659 = -368.905735 in 1.153 secs
task (0,0,2,10): 2.943617 3.624021 = -18.524550 in 1.155 secs
task (0,0,2,29): -1.856803 2.723173 = -454.629675 in 1.157 secs
task (0,0,2,16): -4.960118 1.671699 = -16.144562 in 1.160 secs
task (0,0,2,19): -1.054558 1.049226 = -600.465165 in 1.158 secs
task (0,0,2,5): 3.439785 1.281971 = -11.450623 in 1.089 secs
task (0,0,2,8): -1.700010 0.994282 = -453.731466 in 1.092 secs
task (0,0,2,14): 0.408473 2.245679 = -459.625670 in 1.098 secs
task (0,0,2,23): 0.398330 1.631578 = -475.698056 in 1.129 secs
task (0,0,2,11): 1.942580 4.085778 = -114.952041 in 1.115 secs
task (0,0,2,17): -1.294604 1.390498 = -436.559587 in 1.128 secs
task (0,0,2,20): -0.811851 1.545664 = -523.569448 in 1.125 secs
task (0,0,2,1): 0.218553 1.477875 = -444.189597 in 1.605 secs
task (0,0,2,2): -1.141074 3.358770 = -91.589779 in 0.711 secs
BEST @     2:        0.1939516518546786        0.9514109158331578     -704.5506570148919536
task (0,0,3,3): 5.490425 0.410923 = -2.441249 in 1.119 secs
task (0,0,3,6): 2.385154 2.404062 = -50.791239 in 1.128 secs
task (0,0,3,12): 1.501427 1.763298 = -272.548447 in 1.129 secs
task (0,0,3,24): 3.610060 0.983480 = -10.305057 in 1.144 secs
task (0,0,3,21): 1.622214 2.434282 = -214.551351 in 1.154 secs
task (0,0,3,26): -0.174322 0.609152 = -897.006568 in 1.155 secs
task (0,0,3,30): -0.806741 2.552707 = -205.436455 in 1.155 secs
task (0,0,3,15): 1.932778 2.151447 = -120.534442 in 1.160 secs
task (0,0,3,18): -0.502048 0.440286 = -606.937840 in 1.161 secs
task (0,0,3,9): 1.580446 0.517003 = -293.604198 in 1.161 secs
task (0,0,3,28): 0.231290 1.161528 = -560.201220 in 1.162 secs
task (0,0,3,0): 0.427184 0.944523 = -694.661596 in 1.871 secs
task (0,0,3,4): 0.039872 1.528359 = -395.774830 in 1.113 secs
task (0,0,3,7): 2.963800 2.508234 = -18.777569 in 1.113 secs
task (0,0,3,13): -0.266207 1.814661 = -325.401986 in 1.119 secs
task (0,0,3,25): -1.012335 2.213115 = -413.078986 in 1.137 secs
task (0,0,3,27): -2.557129 1.261101 = -261.045660 in 1.143 secs
task (0,0,3,22): 0.308270 1.027313 = -646.642185 in 1.146 secs
task (0,0,3,31): 2.612093 1.261836 = -38.601376 in 1.150 secs
task (0,0,3,19): -3.492295 2.962734 = -131.461189 in 1.150 secs
task (0,0,3,10): -1.239984 0.353605 = -134.883611 in 1.152 secs
task (0,0,3,29): -0.523853 0.099762 = -219.347945 in 1.153 secs
task (0,0,3,16): 1.017192 3.060322 = -450.037236 in 1.159 secs
task (0,0,3,5): -2.589280 2.343970 = -227.582863 in 1.090 secs
task (0,0,3,8): 1.770310 1.025557 = -180.661774 in 1.089 secs
task (0,0,3,14): 3.371615 0.359263 = -20.091668 in 1.097 secs
task (0,0,3,23): 1.448489 2.399800 = -292.539000 in 1.125 secs
task (0,0,3,11): -0.935067 2.173973 = -401.181780 in 1.112 secs
task (0,0,3,20): -0.315456 2.007866 = -278.726204 in 1.125 secs
task (0,0,3,17): 2.838309 1.667120 = -24.888268 in 1.125 secs
task (0,0,3,1): -1.939781 1.785980 = -322.311385 in 1.607 secs
task (0,0,3,2): -0.015890 0.082809 = -469.416632 in 0.700 secs
BEST @     3:       -0.1743223246729375        0.6091521097555568     -897.0065684456882309
task (0,0,4,3): -0.807393 1.103633 = -594.025617 in 1.115 secs
task (0,0,4,12): -2.210414 1.302378 = -475.686618 in 1.117 secs
task (0,0,4,6): -0.578314 0.876323 = -738.932577 in 1.139 secs
task (0,0,4,30): -0.666256 0.151107 = -209.722985 in 1.151 secs
task (0,0,4,24): -2.182451 1.315246 = -491.424803 in 1.154 secs
task (0,0,4,21): 2.646478 1.467010 = -35.041442 in 1.160 secs
task (0,0,4,15): -1.719746 0.431103 = -72.667813 in 1.162 secs
task (0,0,4,28): -1.263615 1.053740 = -587.985426 in 1.163 secs
task (0,0,4,18): -0.291286 0.291843 = -573.679772 in 1.169 secs
task (0,0,4,26): -0.012120 0.463504 = -943.486245 in 1.178 secs
task (0,0,4,9): 0.441564 0.034238 = -529.103023 in 1.178 secs
task (0,0,4,0): 1.180393 1.784717 = -425.865030 in 1.944 secs
task (0,0,4,4): -0.937234 1.921911 = -469.255726 in 1.117 secs
task (0,0,4,13): -1.208476 1.146241 = -550.139267 in 1.125 secs
task (0,0,4,7): 4.276546 1.010611 = -4.913336 in 1.115 secs
task (0,0,4,25): 1.721365 1.353968 = -188.648226 in 1.138 secs
task (0,0,4,31): -2.247498 1.876805 = -320.787920 in 1.153 secs
task (0,0,4,22): -1.853240 1.601073 = -390.981870 in 1.147 secs
task (0,0,4,29): -0.977005 0.408554 = -254.838488 in 1.155 secs
task (0,0,4,27): -0.319877 0.956601 = -710.582847 in 1.141 secs
task (0,0,4,19): 0.310630 0.969671 = -687.331009 in 1.156 secs
task (0,0,4,10): 4.034642 1.211864 = -5.820705 in 1.153 secs
task (0,0,4,16): 1.031738 1.798359 = -467.467938 in 1.178 secs
task (0,0,4,5): 1.783491 0.711991 = -191.055942 in 1.091 secs
task (0,0,4,14): -1.202980 1.272411 = -483.663358 in 1.098 secs
task (0,0,4,8): 0.769813 1.874383 = -483.806194 in 1.091 secs
task (0,0,4,23): -2.530586 0.474203 = -23.773140 in 1.127 secs
task (0,0,4,11): 1.512478 0.638622 = -315.993951 in 1.113 secs
task (0,0,4,20): -1.710351 1.770769 = -359.420725 in 1.126 secs
task (0,0,4,17): 0.369194 1.675010 = -466.475955 in 1.121 secs
task (0,0,4,1): 1.696612 0.497592 = -242.390204 in 1.564 secs
task (0,0,4,2): -3.159221 2.408287 = -236.614106 in 0.705 secs
BEST @     4:       -0.0121203560627127        0.4635035325145351     -943.4862450605207869
task (0,0,5,3): 0.505247 0.337715 = -1013.375601 in 1.115 secs
task (0,0,5,12): 0.173367 0.896209 = -742.029860 in 1.122 secs
task (0,0,5,6): -1.667715 0.455162 = -84.876181 in 1.137 secs
task (0,0,5,24): 0.026030 0.902063 = -737.467571 in 1.146 secs
task (0,0,5,21): -0.229865 0.982369 = -700.963092 in 1.150 secs
task (0,0,5,18): -0.753200 0.380564 = -349.576405 in 1.157 secs
task (0,0,5,28): -1.155846 0.744209 = -510.867727 in 1.162 secs
task (0,0,5,30): -0.325802 0.711578 = -843.617519 in 1.170 secs
task (0,0,5,26): 1.112375 1.413855 = -465.946397 in 1.171 secs
task (0,0,5,9): 0.419362 0.455265 = -980.766301 in 1.173 secs
task (0,0,5,15): -1.706096 0.534958 = -99.845137 in 1.182 secs
task (0,0,5,0): -0.058492 1.580683 = -377.000148 in 1.925 secs
task (0,0,5,4): 0.053151 0.981808 = -687.732598 in 1.116 secs
task (0,0,5,13): 1.246494 0.887102 = -452.307921 in 1.125 secs
task (0,0,5,7): -0.393745 1.468025 = -502.812905 in 1.118 secs
task (0,0,5,25): -0.425213 1.272921 = -583.269415 in 1.139 secs
task (0,0,5,22): 0.134933 0.709377 = -850.787676 in 1.151 secs
task (0,0,5,19): -1.298220 1.536002 = -444.254583 in 1.156 secs
task (0,0,5,29): 0.231082 0.184288 = -837.337574 in 1.157 secs
task (0,0,5,27): 0.587340 1.417286 = -523.110296 in 1.149 secs
task (0,0,5,31): 0.679693 1.664362 = -499.886535 in 1.154 secs
task (0,0,5,10): -0.255734 1.336858 = -528.242688 in 1.153 secs
task (0,0,5,16): -0.380597 1.492411 = -491.157306 in 1.160 secs
task (0,0,5,5): 0.000431 0.022131 = -272.905338 in 1.092 secs
task (0,0,5,8): -0.984175 0.834466 = -657.887845 in 1.091 secs
task (0,0,5,14): -0.330761 1.170621 = -619.140227 in 1.102 secs
task (0,0,5,23): -1.105285 0.403507 = -208.237220 in 1.129 secs
task (0,0,5,11): -1.190393 0.018769 = -18.455979 in 1.115 secs
task (0,0,5,20): 0.639465 3.315822 = -477.582771 in 1.131 secs
task (0,0,5,17): -1.642742 0.553077 = -118.177455 in 1.121 secs
task (0,0,5,1): 0.937360 1.475549 = -507.582494 in 1.572 secs
task (0,0,5,2): -1.616435 1.332277 = -490.492977 in 0.702 secs
BEST @     5:        0.5052473368217660        0.3377147191426235    -1013.3756013454116101
task (0,0,6,6): 0.579101 0.955487 = -668.665074 in 1.115 secs
task (0,0,6,3): -0.931794 0.254892 = -177.327495 in 1.120 secs
task (0,0,6,12): 0.141941 1.150801 = -568.444709 in 1.127 secs
task (0,0,6,24): -0.269964 1.076791 = -656.775859 in 1.140 secs
task (0,0,6,9): 0.014140 2.144700 = -315.828810 in 1.155 secs
task (0,0,6,28): 1.181409 0.688092 = -517.165491 in 1.155 secs
task (0,0,6,30): -0.573041 0.498406 = -625.474696 in 1.157 secs
task (0,0,6,21): -0.715142 0.987482 = -664.484049 in 1.158 secs
task (0,0,6,26): 0.154277 1.276601 = -495.380584 in 1.163 secs
task (0,0,6,15): 0.211628 0.699077 = -858.277581 in 1.166 secs
task (0,0,6,18): 0.111894 1.151711 = -569.838683 in 1.172 secs
task (0,0,6,0): 1.117260 0.755049 = -543.148733 in 1.902 secs
task (0,0,6,7): -0.401935 2.002266 = -290.386533 in 1.114 secs
task (0,0,6,4): -0.289581 1.403974 = -503.940426 in 1.115 secs
task (0,0,6,13): -0.497917 0.695856 = -800.586907 in 1.126 secs
task (0,0,6,25): 1.124345 0.824387 = -526.553410 in 1.144 secs
task (0,0,6,10): 0.620828 1.296351 = -544.397217 in 1.150 secs
task (0,0,6,31): 0.833538 0.549436 = -780.532252 in 1.148 secs
task (0,0,6,29): -0.860639 1.008527 = -637.982757 in 1.154 secs
task (0,0,6,27): 0.575995 0.666853 = -843.772618 in 1.147 secs
task (0,0,6,22): 0.134923 0.779460 = -810.809344 in 1.157 secs
task (0,0,6,19): -0.590310 0.610528 = -726.081230 in 1.153 secs
task (0,0,6,16): 0.494442 0.047076 = -609.571764 in 1.160 secs
task (0,0,6,8): -0.337047 0.264255 = -500.112188 in 1.090 secs
task (0,0,6,5): -1.336872 0.068933 = -41.371554 in 1.089 secs
task (0,0,6,14): -0.515403 1.120591 = -634.811647 in 1.101 secs
task (0,0,6,11): 0.371366 1.335199 = -508.881183 in 1.114 secs
task (0,0,6,23): -0.138877 2.039129 = -283.480524 in 1.124 secs
task (0,0,6,20): 0.332895 1.536276 = -468.262086 in 1.119 secs
task (0,0,6,17): -1.438898 1.144964 = -554.816561 in 1.123 secs
task (0,0,6,1): -0.564778 0.977844 = -682.915832 in 1.587 secs
task (0,0,6,2): 1.179358 0.480512 = -560.413722 in 0.715 secs
BEST @     6:        0.5052473368217660        0.3377147191426235    -1013.3756013454116101
task (0,0,7,3): 0.297005 0.829835 = -786.073775 in 1.117 secs
task (0,0,7,6): 0.130375 0.754707 = -822.847725 in 1.119 secs
task (0,0,7,12): -0.025066 0.421315 = -924.487657 in 1.127 secs
task (0,0,7,26): 0.171371 0.086878 = -590.440826 in 1.148 secs
task (0,0,7,9): -0.438608 1.029444 = -672.345094 in 1.152 secs
task (0,0,7,24): -0.318856 0.274436 = -527.632283 in 1.152 secs
task (0,0,7,21): 0.214596 0.355592 = -993.404525 in 1.155 secs
task (0,0,7,30): 0.033955 0.653827 = -876.384704 in 1.155 secs
task (0,0,7,28): -0.623721 0.849132 = -742.907621 in 1.157 secs
task (0,0,7,15): -1.171063 1.064826 = -588.942381 in 1.160 secs
task (0,0,7,18): 0.275091 0.412601 = -998.571741 in 1.164 secs
task (0,0,7,0): 0.862133 1.005262 = -589.881149 in 1.887 secs
task (0,0,7,4): -0.407734 0.950234 = -692.373359 in 1.116 secs
task (0,0,7,7): -0.245836 1.146890 = -605.239967 in 1.116 secs
task (0,0,7,13): 0.009308 0.633908 = -873.212489 in 1.129 secs
task (0,0,7,27): -0.065836 0.693665 = -839.983441 in 1.147 secs
task (0,0,7,25): 0.118719 0.701256 = -834.227662 in 1.145 secs
task (0,0,7,22): 0.663242 0.232104 = -970.741219 in 1.144 secs
task (0,0,7,31): 0.174047 0.419335 = -975.537170 in 1.150 secs
task (0,0,7,29): 0.557524 0.417290 = -964.303357 in 1.155 secs
task (0,0,7,10): 0.366104 0.927113 = -699.806704 in 1.161 secs
task (0,0,7,19): -0.238664 0.067113 = -306.083319 in 1.153 secs
task (0,0,7,16): 0.163944 1.000471 = -657.720947 in 1.160 secs
task (0,0,7,5): -0.653590 0.860406 = -733.567958 in 1.089 secs
task (0,0,7,8): 0.324911 0.513327 = -956.319545 in 1.088 secs
task (0,0,7,14): 0.150308 0.583090 = -916.857383 in 1.099 secs
task (0,0,7,23): -0.605415 1.542632 = -512.677430 in 1.125 secs
task (0,0,7,11): 1.100495 0.022536 = -443.037353 in 1.117 secs
task (0,0,7,20): 0.362768 0.219165 = -963.327664 in 1.128 secs
task (0,0,7,17): 0.095460 1.012707 = -665.256177 in 1.126 secs
task (0,0,7,1): -0.670461 0.549373 = -616.411505 in 1.596 secs
task (0,0,7,2): 0.756505 0.815494 = -695.853362 in 0.702 secs
BEST @     7:        0.5052473368217660        0.3377147191426235    -1013.3756013454116101
task (0,0,8,3): -1.108359 1.512625 = -497.158267 in 1.116 secs
task (0,0,8,6): -0.035137 0.724201 = -836.260001 in 1.118 secs
task (0,0,8,12): 0.522934 0.170093 = -946.522662 in 1.130 secs
task (0,0,8,21): -0.500222 1.392346 = -546.365109 in 1.144 secs
task (0,0,8,24): -0.240980 0.874778 = -752.887776 in 1.148 secs
task (0,0,8,26): 0.559794 0.124843 = -873.057738 in 1.148 secs
task (0,0,8,30): 0.391301 0.437178 = -989.833305 in 1.150 secs
task (0,0,8,9): 0.018925 0.845794 = -769.243539 in 1.154 secs
task (0,0,8,28): 0.473538 0.470826 = -968.971982 in 1.157 secs
task (0,0,8,18): 0.370979 0.300164 = -1016.632319 in 1.157 secs
task (0,0,8,15): -0.448283 0.127886 = -280.268617 in 1.162 secs
task (0,0,8,0): -0.286196 0.803058 = -795.577566 in 1.871 secs
task (0,0,8,4): 0.082361 0.295744 = -885.685812 in 1.115 secs
task (0,0,8,7): -0.028527 0.628019 = -894.696778 in 1.115 secs
task (0,0,8,13): 0.262228 0.630998 = -896.294760 in 1.127 secs
task (0,0,8,22): 0.569555 0.157949 = -933.032760 in 1.141 secs
task (0,0,8,27): 0.352953 0.455785 = -977.232249 in 1.139 secs
task (0,0,8,25): 0.275659 0.063329 = -586.515845 in 1.144 secs
task (0,0,8,31): -0.852958 1.351961 = -546.964744 in 1.148 secs
task (0,0,8,19): 0.129470 0.911903 = -731.463684 in 1.147 secs
task (0,0,8,10): 2.013824 0.539692 = -137.397387 in 1.154 secs
task (0,0,8,29): -0.233895 0.844931 = -769.256784 in 1.161 secs
task (0,0,8,16): 0.238861 0.935109 = -715.118526 in 1.157 secs
task (0,0,8,5): -0.863796 1.087895 = -595.630137 in 1.091 secs
task (0,0,8,8): 0.721735 0.342660 = -935.225566 in 1.091 secs
task (0,0,8,14): 0.795905 0.825993 = -677.279217 in 1.098 secs
task (0,0,8,23): -0.207928 1.022670 = -680.581959 in 1.127 secs
task (0,0,8,11): -0.155210 0.756949 = -820.449206 in 1.115 secs
task (0,0,8,20): 1.824008 0.057206 = -206.864460 in 1.129 secs
task (0,0,8,17): -0.445419 0.219842 = -370.056069 in 1.123 secs
task (0,0,8,1): 0.024955 0.392896 = -934.265298 in 1.598 secs
task (0,0,8,2): 0.070454 0.051370 = -458.422650 in 0.701 secs
BEST @     8:        0.3709794845460110        0.3001643997002965    -1016.6323190486498333
task (0,0,9,3): 0.506281 0.555126 = -921.902959 in 1.118 secs
task (0,0,9,12): 0.192215 0.172287 = -777.694549 in 1.128 secs
task (0,0,9,26): 0.056532 0.106926 = -558.519635 in 1.141 secs
task (0,0,9,24): -0.214291 0.098824 = -362.971759 in 1.144 secs
task (0,0,9,6): 0.164366 0.806421 = -796.849135 in 1.150 secs
task (0,0,9,30): 0.104537 0.378670 = -961.567679 in 1.153 secs
task (0,0,9,28): 0.693955 0.351539 = -944.234616 in 1.163 secs
task (0,0,9,15): 0.186350 0.149901 = -729.540027 in 1.166 secs
task (0,0,9,9): 0.183404 0.853145 = -767.437954 in 1.182 secs
task (0,0,9,21): 0.223474 0.668637 = -872.585759 in 1.182 secs
task (0,0,9,18): 0.818283 0.042103 = -591.241007 in 1.191 secs
task (0,0,9,0): 0.809768 0.171788 = -872.383284 in 1.918 secs
task (0,0,9,4): 0.275921 1.059180 = -338.048809 in 1.118 secs
task (0,0,9,13): -0.073676 0.642413 = -634.575661 in 1.130 secs
task (0,0,9,7): 0.557331 0.566029 = -666.351094 in 1.121 secs
task (0,0,9,27): 0.710215 0.422020 = -712.796108 in 1.143 secs
task (0,0,9,25): 0.068275 0.497806 = -717.347953 in 1.146 secs
task (0,0,9,31): 1.006931 0.482898 = -536.004371 in 1.151 secs
task (0,0,9,29): 0.567262 0.664673 = -602.592194 in 1.157 secs
task (0,0,9,22): -0.045490 0.766842 = -550.696665 in 1.142 secs
task (0,0,9,16): 0.659385 0.405446 = -747.684119 in 1.163 secs
task (0,0,9,10): 0.668692 0.642558 = -584.736324 in 1.155 secs
task (0,0,9,19): -0.016424 0.019741 = -309.419676 in 1.155 secs
task (0,0,9,5): 0.252725 0.190050 = -858.156398 in 1.090 secs
task (0,0,9,14): 0.282592 0.145666 = -792.995757 in 1.100 secs
task (0,0,9,8): 0.697897 0.160698 = -919.637862 in 1.089 secs
task (0,0,9,23): -0.474777 0.671111 = -806.154069 in 1.123 secs
task (0,0,9,11): 0.342145 0.936557 = -708.997605 in 1.115 secs
task (0,0,9,17): -0.289208 0.532721 = -845.856279 in 1.129 secs
task (0,0,9,20): 0.296109 0.256777 = -972.183046 in 1.126 secs
task (0,0,9,1): 0.809453 0.468597 = -830.622734 in 1.588 secs
task (0,0,9,2): 0.120786 0.135963 = -657.722803 in 0.700 secs
BEST @     9:        0.3709794845460110        0.3001643997002965    -1016.6323190486498333
task (0,0,10,3): 0.596785 0.390175 = -974.016430 in 1.118 secs
task (0,0,10,12): 0.346748 0.615497 = -908.165597 in 1.137 secs
task (0,0,10,6): 0.101554 0.211194 = -775.515434 in 1.139 secs
task (0,0,10,24): 0.026500 0.577444 = -921.208706 in 1.144 secs
task (0,0,10,28): 0.251825 0.397456 = -1000.253612 in 1.155 secs
task (0,0,10,30): 0.012612 0.678047 = -862.203173 in 1.160 secs
task (0,0,10,15): 0.527244 0.178900 = -958.625005 in 1.169 secs
task (0,0,10,21): 0.344404 0.254434 = -989.083213 in 1.172 secs
task (0,0,10,26): 0.213197 0.123645 = -697.720154 in 1.173 secs
task (0,0,10,18): 0.192580 0.113117 = -662.285266 in 1.182 secs
task (0,0,10,9): 0.061984 0.681306 = -859.863913 in 1.183 secs
task (0,0,10,0): 0.854962 0.256763 = -864.735988 in 1.889 secs
task (0,0,10,4): -0.065586 0.923993 = -726.969239 in 1.114 secs
task (0,0,10,7): 0.538466 0.147404 = -913.428649 in 1.117 secs
task (0,0,10,13): 0.440112 0.418689 = -994.604705 in 1.128 secs
task (0,0,10,25): 0.159711 0.381906 = -982.946202 in 1.142 secs
task (0,0,10,29): 0.483226 0.278969 = -1019.596419 in 1.156 secs
task (0,0,10,27): 0.257948 0.453294 = -982.974200 in 1.138 secs
task (0,0,10,31): 0.935490 0.441579 = -751.246668 in 1.155 secs
task (0,0,10,22): 0.728164 0.257710 = -948.224480 in 1.145 secs
task (0,0,10,16): 0.922096 0.397362 = -776.805112 in 1.161 secs
task (0,0,10,10): 0.247932 0.626842 = -897.185053 in 1.153 secs
task (0,0,10,19): 0.337549 0.348441 = -1015.861770 in 1.154 secs
task (0,0,10,5): 0.063076 0.433976 = -962.407420 in 1.088 secs
task (0,0,10,8): 0.060915 0.307814 = -883.940355 in 1.087 secs
task (0,0,10,14): 0.071959 0.675901 = -863.088425 in 1.096 secs
task (0,0,10,23): 0.479060 0.515832 = -948.378090 in 1.124 secs
task (0,0,10,11): 0.212814 0.615335 = -900.440209 in 1.114 secs
task (0,0,10,17): 0.679558 0.387722 = -941.377004 in 1.129 secs
task (0,0,10,20): 0.491618 0.272481 = -1018.202402 in 1.124 secs
task (0,0,10,1): 0.585887 0.469440 = -944.511878 in 1.602 secs
task (0,0,10,2): -0.098251 0.602478 = -907.462865 in 0.698 secs
BEST @    10:        0.4832264923728815        0.2789693107995165    -1019.5964193109372218
task (0,0,11,3): 0.618476 0.065369 = -708.078320 in 1.111 secs
task (0,0,11,12): 0.278046 0.455192 = -982.579838 in 1.123 secs
task (0,0,11,6): 0.189385 0.458541 = -978.150253 in 1.129 secs
task (0,0,11,24): 0.736457 0.233357 = -942.355165 in 1.142 secs
task (0,0,11,28): 0.187059 0.458749 = -977.954546 in 1.150 secs
task (0,0,11,26): 0.209573 0.581305 = -917.534834 in 1.157 secs
task (0,0,11,30): 0.364116 0.407983 = -1002.339352 in 1.161 secs
task (0,0,11,15): 0.209823 0.237144 = -901.181835 in 1.165 secs
task (0,0,11,21): 0.485914 0.482400 = -962.332397 in 1.166 secs
task (0,0,11,9): 0.240222 0.449024 = -984.128328 in 1.168 secs
task (0,0,11,18): 0.203727 0.520643 = -949.207934 in 1.173 secs
task (0,0,11,0): 0.638373 0.136357 = -897.533042 in 1.900 secs
task (0,0,11,4): 0.546065 0.266931 = -1011.985847 in 1.114 secs
task (0,0,11,7): 0.255983 0.495151 = -963.498889 in 1.118 secs
task (0,0,11,13): 0.506412 0.444280 = -975.392303 in 1.126 secs
task (0,0,11,25): 0.196870 0.436740 = -985.744137 in 1.145 secs
task (0,0,11,27): 0.150327 0.448492 = -978.086275 in 1.150 secs
task (0,0,11,29): 0.206870 0.312283 = -973.493447 in 1.159 secs
task (0,0,11,22): 0.417932 0.360929 = -1015.938828 in 1.146 secs
task (0,0,11,31): 0.381858 0.365595 = -1015.312830 in 1.155 secs
task (0,0,11,10): 0.499161 0.313130 = -1018.490288 in 1.156 secs
task (0,0,11,19): 0.521874 0.325576 = -1013.238907 in 1.157 secs
task (0,0,11,16): 0.333637 0.524963 = -950.543894 in 1.165 secs
task (0,0,11,5): 0.585204 0.217009 = -989.759138 in 1.089 secs
task (0,0,11,8): 0.573518 0.351240 = -994.563335 in 1.090 secs
task (0,0,11,14): 0.553982 0.407020 = -979.903962 in 1.098 secs
task (0,0,11,23): 0.278542 0.085101 = -650.755813 in 1.125 secs
task (0,0,11,11): 0.460657 0.495944 = -959.387259 in 1.114 secs
task (0,0,11,20): 0.464339 0.166177 = -929.056449 in 1.127 secs
task (0,0,11,17): 0.313079 0.446534 = -986.355092 in 1.127 secs
task (0,0,11,1): 0.377348 0.556127 = -936.679598 in 1.598 secs
task (0,0,11,2): 0.337009 0.293314 = -1008.317960 in 0.703 secs
BEST @    11:        0.4832264923728815        0.2789693107995165    -1019.5964193109372218
task (0,0,12,3): 0.719440 0.160533 = -912.110733 in 1.114 secs
task (0,0,12,6): 0.305774 0.399617 = -1004.062815 in 1.123 secs
task (0,0,12,12): 0.417902 0.342721 = -1019.796416 in 1.126 secs
task (0,0,12,28): 0.369264 0.278232 = -1009.480589 in 1.151 secs
task (0,0,12,24): 0.476977 0.349391 = -1014.374926 in 1.151 secs
task (0,0,12,30): 0.474385 0.293231 = -1021.383558 in 1.153 secs
task (0,0,12,26): 0.759175 0.333542 = -916.045411 in 1.157 secs
task (0,0,12,21): 0.390062 0.258907 = -1004.581395 in 1.158 secs
task (0,0,12,9): 0.426318 0.367681 = -1013.696487 in 1.161 secs
task (0,0,12,15): 0.361992 0.380247 = -1011.368535 in 1.166 secs
task (0,0,12,18): 0.383457 0.431644 = -992.544255 in 1.166 secs
task (0,0,12,0): 0.530245 0.339183 = -1008.525889 in 1.918 secs
task (0,0,12,4): 0.212710 0.467627 = -975.601799 in 1.111 secs
task (0,0,12,7): 0.373922 0.302931 = -1017.784760 in 1.115 secs
task (0,0,12,13): 0.475636 0.325189 = -1019.527026 in 1.124 secs
task (0,0,12,25): 0.581795 0.378723 = -983.128301 in 1.139 secs
task (0,0,12,22): 0.396988 0.336005 = -1020.631628 in 1.143 secs
task (0,0,12,27): 0.310896 0.339120 = -1012.552674 in 1.148 secs
task (0,0,12,31): 0.441305 0.223604 = -990.961977 in 1.152 secs
task (0,0,12,29): 0.362482 0.333962 = -1018.846623 in 1.157 secs
task (0,0,12,10): 0.403212 0.255890 = -1005.633652 in 1.153 secs
task (0,0,12,19): 0.277898 0.275506 = -979.388984 in 1.152 secs
task (0,0,12,16): 0.580489 0.227660 = -995.828168 in 1.161 secs
task (0,0,12,5): 0.545217 0.311152 = -1011.251081 in 1.087 secs
task (0,0,12,8): 0.548239 0.334782 = -1005.829099 in 1.089 secs
task (0,0,12,14): 0.683186 0.199332 = -955.393298 in 1.098 secs
task (0,0,12,23): 0.397194 0.332605 = -1020.956645 in 1.125 secs
task (0,0,12,11): 0.525001 0.279296 = -1016.209807 in 1.112 secs
task (0,0,12,20): 0.730358 0.267397 = -946.593727 in 1.129 secs
task (0,0,12,17): 0.496772 0.251865 = -1012.477388 in 1.125 secs
task (0,0,12,1): 0.625660 0.289247 = -991.595707 in 1.587 secs
task (0,0,12,2): 0.510354 0.313214 = -1017.056439 in 0.702 secs
BEST @    12:        0.4743847463926191        0.2932312427571815    -1021.3835580461509380
termination reason =1
Total elapsed time = 54.516  seconds
Initialization time = 3.358  seconds
Processing time = 54.513  seconds
Finalization time = 0.000  seconds
CMAES 0:  0.474385 0.293231 -> -1021.383558
