Generate Samples...
Estimate error strength by sampling...
Building diagonal of sigma...
Prepare for CMA-ES...
task (0,0,0,6): 5.884833 2.962660 = -0.677199 in 1.115 secs
task (0,0,0,30): 1.754615 0.063504 = -236.212221 in 1.134 secs
task (0,0,0,3): 0.366880 2.605047 = -445.976219 in 1.135 secs
task (0,0,0,12): 0.184859 2.229800 = -383.102095 in 1.137 secs
task (0,0,0,15): -0.470499 1.340475 = -561.190167 in 1.142 secs
task (0,0,0,28): 3.450110 1.886494 = -9.889828 in 1.160 secs
task (0,0,0,18): -1.312086 3.273359 = -126.139842 in 1.162 secs
task (0,0,0,24): 5.770350 2.399186 = -0.846129 in 1.165 secs
task (0,0,0,26): 8.027382 2.688569 = -0.042141 in 1.166 secs
task (0,0,0,9): 8.872973 3.696839 = -0.038402 in 1.175 secs
task (0,0,0,21): 4.463168 0.944614 = -4.227626 in 1.178 secs
task (0,0,0,0): 4.741117 3.662976 = -1.609917 in 1.898 secs
task (0,0,0,7): 5.167553 3.380153 = -1.188028 in 1.112 secs
task (0,0,0,31): 7.979294 2.821939 = -0.164396 in 1.123 secs
task (0,0,0,4): -2.323279 3.058069 = -455.984638 in 1.135 secs
task (0,0,0,13): 9.868993 3.484211 = -0.039917 in 1.136 secs
task (0,0,0,16): 2.292297 1.223956 = -67.282630 in 1.139 secs
task (0,0,0,29): 0.498118 2.521810 = -471.856309 in 1.140 secs
task (0,0,0,19): -2.166268 2.676961 = -465.697910 in 1.161 secs
task (0,0,0,25): 0.912448 3.718472 = -460.001005 in 1.163 secs
task (0,0,0,10): -1.704939 1.366161 = -485.589923 in 1.156 secs
task (0,0,0,27): 5.145713 3.007437 = -1.293715 in 1.165 secs
task (0,0,0,22): 8.385513 0.322882 = -0.476822 in 1.159 secs
task (0,0,0,8): 5.452689 2.037095 = -1.203501 in 1.085 secs
task (0,0,0,5): 5.486566 0.720554 = -2.011994 in 1.106 secs
task (0,0,0,14): -0.885195 1.853981 = -475.304819 in 1.105 secs
task (0,0,0,17): 6.085066 3.446437 = -0.522025 in 1.109 secs
task (0,0,0,11): 6.655497 3.324565 = -0.340601 in 1.118 secs
task (0,0,0,20): 4.715998 0.949392 = -3.339203 in 1.128 secs
task (0,0,0,23): 1.621358 2.358074 = -215.236215 in 1.123 secs
task (0,0,0,1): 5.161217 1.818011 = -1.634379 in 1.600 secs
task (0,0,0,2): 5.221613 0.434136 = -2.960434 in 0.703 secs
BEST @     0:       -0.4704987854172220        1.3404747470001814     -561.1901665608418170
task (0,0,1,6): 2.072507 2.486179 = -91.223421 in 1.121 secs
task (0,0,1,30): -4.844359 3.355798 = -145.140756 in 1.122 secs
task (0,0,1,3): 2.482490 2.107541 = -43.293540 in 1.133 secs
task (0,0,1,15): -3.889130 1.452257 = -42.601354 in 1.137 secs
task (0,0,1,12): 7.217587 2.809958 = -0.265423 in 1.137 secs
task (0,0,1,28): -1.494093 3.441258 = -124.197252 in 1.151 secs
task (0,0,1,26): 6.551066 4.471229 = -0.294315 in 1.162 secs
task (0,0,1,9): -1.913273 4.077331 = -79.748094 in 1.165 secs
task (0,0,1,18): -0.167700 2.732543 = -220.579227 in 1.169 secs
task (0,0,1,21): 8.911559 3.224433 = -0.078275 in 1.170 secs
task (0,0,1,24): 5.758560 1.601540 = -1.093789 in 1.177 secs
task (0,0,1,0): 4.147156 1.157680 = -5.272673 in 1.923 secs
task (0,0,1,7): 6.474952 2.791517 = -0.446864 in 1.111 secs
task (0,0,1,31): -3.628127 2.947733 = -124.419992 in 1.123 secs
task (0,0,1,4): 0.979890 3.046494 = -455.131189 in 1.134 secs
task (0,0,1,16): 6.871659 1.436539 = -0.560175 in 1.131 secs
task (0,0,1,13): 2.934695 3.342159 = -18.939873 in 1.140 secs
task (0,0,1,29): 1.230741 3.322417 = -392.871021 in 1.137 secs
task (0,0,1,10): -1.944185 2.866536 = -450.641833 in 1.156 secs
task (0,0,1,27): 4.906770 4.571497 = -1.394579 in 1.166 secs
task (0,0,1,22): 0.942238 2.659192 = -462.146643 in 1.158 secs
task (0,0,1,19): -0.524922 2.736016 = -152.709568 in 1.163 secs
task (0,0,1,25): 0.608338 1.536072 = -507.252990 in 1.162 secs
task (0,0,1,8): 2.914945 2.738094 = -20.025440 in 1.084 secs
task (0,0,1,17): 0.154034 0.891831 = -744.608097 in 1.106 secs
task (0,0,1,5): -2.910539 1.771052 = -479.876137 in 1.110 secs
task (0,0,1,14): 1.080194 2.973471 = -439.647660 in 1.109 secs
task (0,0,1,11): 9.133321 3.842516 = -0.047683 in 1.118 secs
task (0,0,1,23): 0.121817 1.163056 = -561.647229 in 1.127 secs
task (0,0,1,20): 0.164320 1.577592 = -413.807096 in 1.125 secs
task (0,0,1,1): 0.052214 2.152624 = -329.884230 in 1.583 secs
task (0,0,1,2): 7.564205 0.242951 = -0.737269 in 0.704 secs
BEST @     1:        0.1540343041431498        0.8918307583976504     -744.6080969425972853
task (0,0,2,6): 0.485441 2.389547 = -471.270121 in 1.114 secs
task (0,0,2,12): 0.313462 1.527094 = -464.117706 in 1.130 secs
task (0,0,2,30): -0.491267 1.409383 = -539.680062 in 1.130 secs
task (0,0,2,15): 1.541804 1.588703 = -256.348514 in 1.135 secs
task (0,0,2,3): -0.130585 1.914982 = -302.270535 in 1.136 secs
task (0,0,2,21): -0.104678 3.953956 = -223.573606 in 1.160 secs
task (0,0,2,9): 1.784888 1.100232 = -173.595303 in 1.161 secs
task (0,0,2,24): 2.172837 2.011187 = -76.852780 in 1.171 secs
task (0,0,2,26): -2.772573 1.729734 = -476.738641 in 1.172 secs
task (0,0,2,18): -2.852124 2.419484 = -200.116442 in 1.637 secs
task (0,0,2,28): -1.840935 1.524444 = -434.543894 in 1.638 secs
task (0,0,2,0): 8.648370 0.920811 = -0.295043 in 1.963 secs
task (0,0,2,7): 3.400149 3.118756 = -9.413416 in 1.111 secs
task (0,0,2,31): -3.492570 0.768957 = -12.847873 in 1.126 secs
task (0,0,2,13): -3.979391 1.595123 = -58.956665 in 1.139 secs
task (0,0,2,4): -1.105737 2.226498 = -434.986723 in 1.137 secs
task (0,0,2,16): 1.772573 1.925218 = -164.837281 in 1.140 secs
task (0,0,2,10): 0.226145 2.863080 = -391.414927 in 1.159 secs
task (0,0,2,22): -1.090914 0.769552 = -572.589402 in 1.164 secs
task (0,0,2,25): 0.610400 2.133265 = -480.276732 in 1.168 secs
task (0,0,2,27): 1.991232 1.712054 = -110.367646 in 1.168 secs
task (0,0,2,19): 2.784843 1.636168 = -27.227035 in 1.614 secs
task (0,0,2,29): 4.301660 2.323576 = -3.326450 in 1.614 secs
task (0,0,2,8): 2.832916 1.511332 = -25.742263 in 1.091 secs
task (0,0,2,14): -0.902242 2.916570 = -136.729823 in 1.113 secs
task (0,0,2,5): 0.411481 1.592465 = -481.183619 in 1.117 secs
task (0,0,2,17): 0.846347 2.189734 = -474.571719 in 1.116 secs
task (0,0,2,11): 2.971672 1.988417 = -19.385835 in 1.122 secs
task (0,0,2,23): -0.364008 2.349831 = -213.813902 in 1.126 secs
task (0,0,2,1): -1.808346 1.306049 = -513.588592 in 1.574 secs
task (0,0,2,20): -4.436068 1.521209 = -22.367313 in 0.849 secs
task (0,0,2,2): 2.902359 1.539353 = -22.990490 in 0.769 secs
BEST @     2:        0.1540343041431498        0.8918307583976504     -744.6080969425972853
task (0,0,3,30): 1.835274 1.291151 = -153.894002 in 1.123 secs
task (0,0,3,6): -2.067206 1.831992 = -314.203119 in 1.126 secs
task (0,0,3,3): 1.212184 1.231575 = -437.348453 in 1.136 secs
task (0,0,3,12): 2.237143 3.340471 = -65.431677 in 1.136 secs
task (0,0,3,15): 0.939860 2.457988 = -464.648038 in 1.136 secs
task (0,0,3,24): -1.560569 0.900068 = -434.844463 in 1.169 secs
task (0,0,3,26): 0.999623 2.020618 = -465.692379 in 1.171 secs
task (0,0,3,9): 1.474084 2.143081 = -281.696664 in 1.178 secs
task (0,0,3,21): -0.359096 2.582235 = -185.632927 in 1.190 secs
task (0,0,3,28): 0.349900 1.906425 = -451.831967 in 1.655 secs
task (0,0,3,18): -1.120500 0.778552 = -564.386699 in 1.657 secs
task (0,0,3,0): -1.956617 2.661038 = -461.776292 in 1.989 secs
task (0,0,3,7): -2.881762 1.714125 = -482.822132 in 1.109 secs
task (0,0,3,31): -0.931278 3.619293 = -66.957178 in 1.123 secs
task (0,0,3,13): 0.026415 1.590267 = -379.822928 in 1.135 secs
task (0,0,3,4): -0.538830 2.302417 = -227.732447 in 1.140 secs
task (0,0,3,16): 0.746229 2.159861 = -475.242138 in 1.160 secs
task (0,0,3,25): -1.247268 2.186075 = -461.912073 in 1.164 secs
task (0,0,3,10): -1.270148 0.145680 = -73.468555 in 1.156 secs
task (0,0,3,27): 1.299882 1.703317 = -376.171432 in 1.168 secs
task (0,0,3,22): 2.620332 1.677445 = -35.492646 in 1.161 secs
task (0,0,3,29): 0.121690 2.261773 = -354.559025 in 1.618 secs
task (0,0,3,19): -1.064017 2.232509 = -422.418870 in 1.617 secs
task (0,0,3,8): -2.630184 0.597375 = -27.100364 in 1.090 secs
task (0,0,3,14): 2.122963 1.970677 = -84.620213 in 1.116 secs
task (0,0,3,5): -1.717789 0.900506 = -340.365456 in 1.119 secs
task (0,0,3,17): 0.064304 1.326704 = -470.864646 in 1.116 secs
task (0,0,3,11): -1.667319 1.603822 = -364.940722 in 1.126 secs
task (0,0,3,23): -0.687864 2.085476 = -342.108015 in 1.129 secs
task (0,0,3,1): 0.657544 1.260914 = -551.453019 in 1.575 secs
task (0,0,3,20): -1.225519 1.291608 = -474.462600 in 0.842 secs
task (0,0,3,2): -0.698180 1.218872 = -587.347241 in 0.758 secs
BEST @     3:        0.1540343041431498        0.8918307583976504     -744.6080969425972853
task (0,0,4,6): 1.511085 1.083834 = -285.575337 in 1.107 secs
task (0,0,4,30): -0.899245 2.185154 = -382.853030 in 1.114 secs
task (0,0,4,12): 0.641656 1.923059 = -484.704233 in 1.125 secs
task (0,0,4,3): 1.824879 1.215308 = -158.461067 in 1.127 secs
task (0,0,4,26): 0.957259 0.981119 = -572.810072 in 1.155 secs
task (0,0,4,9): -0.427502 1.258029 = -588.054783 in 1.157 secs
task (0,0,4,21): -0.238175 1.702620 = -357.991637 in 1.162 secs
task (0,0,4,15): -0.142843 1.295039 = -523.108255 in 1.648 secs
task (0,0,4,18): -0.975565 2.061304 = -447.776717 in 1.653 secs
task (0,0,4,24): 0.132451 1.274655 = -495.785760 in 1.667 secs
task (0,0,4,28): 1.478382 1.221130 = -296.683170 in 1.672 secs
task (0,0,4,0): -0.103656 1.860961 = -314.120644 in 1.948 secs
task (0,0,4,7): 0.241421 1.417418 = -461.639913 in 1.100 secs
task (0,0,4,31): -1.779841 1.998197 = -402.816551 in 1.115 secs
task (0,0,4,13): 0.318656 1.348237 = -495.209966 in 1.123 secs
task (0,0,4,4): 0.638870 1.055702 = -615.664830 in 1.127 secs
task (0,0,4,10): 0.267884 1.197752 = -541.996745 in 1.143 secs
task (0,0,4,22): -2.993968 1.297583 = -127.248067 in 1.147 secs
task (0,0,4,27): -1.428275 1.874919 = -476.915108 in 1.153 secs
task (0,0,4,16): -1.644997 0.940284 = -428.695936 in 1.628 secs
task (0,0,4,19): -0.412612 2.157010 = -250.306723 in 1.632 secs
task (0,0,4,8): -2.065865 1.223049 = -476.608473 in 1.089 secs
task (0,0,4,25): -1.594670 1.655226 = -373.115143 in 1.649 secs
task (0,0,4,29): -3.510025 0.586928 = -9.030767 in 1.649 secs
task (0,0,4,14): 0.117349 0.970104 = -693.239901 in 1.107 secs
task (0,0,4,5): -1.786931 1.621132 = -366.424564 in 1.111 secs
task (0,0,4,11): -0.117171 0.900279 = -740.853239 in 1.119 secs
task (0,0,4,23): -0.609708 2.251305 = -253.677543 in 1.123 secs
task (0,0,4,1): 0.465041 0.992678 = -659.657616 in 1.644 secs
task (0,0,4,17): -1.404271 1.613224 = -424.887238 in 1.277 secs
task (0,0,4,20): -1.151834 1.019323 = -606.725889 in 1.274 secs
task (0,0,4,2): 0.096414 0.503615 = -956.464261 in 1.036 secs
BEST @     4:        0.0964143685987184        0.5036154369708786     -956.4642608158665098
task (0,0,5,6): -3.075880 3.849037 = -451.163557 in 1.110 secs
task (0,0,5,3): -0.092511 0.057389 = -348.694892 in 1.125 secs
task (0,0,5,12): -1.580038 0.928751 = -454.309058 in 1.129 secs
task (0,0,5,30): -2.082909 1.656962 = -416.962634 in 1.137 secs
task (0,0,5,9): 0.488370 0.125072 = -856.882291 in 1.152 secs
task (0,0,5,21): -1.948766 1.126807 = -449.728558 in 1.153 secs
task (0,0,5,26): 1.056532 0.593083 = -616.976404 in 1.160 secs
task (0,0,5,15): -0.216540 1.097887 = -643.406300 in 1.646 secs
task (0,0,5,18): -3.107863 1.110009 = -53.506504 in 1.651 secs
task (0,0,5,24): -0.232875 0.985052 = -699.802111 in 1.673 secs
task (0,0,5,28): -1.455844 2.220640 = -466.159127 in 1.675 secs
task (0,0,5,0): -2.680090 0.450863 = -19.435340 in 1.940 secs
task (0,0,5,7): -0.873346 0.053813 = -78.185636 in 1.104 secs
task (0,0,5,4): -2.340438 0.963507 = -130.274056 in 1.129 secs
task (0,0,5,31): 1.726338 0.545351 = -226.046231 in 1.118 secs
task (0,0,5,13): -1.526453 1.152279 = -550.886031 in 1.127 secs
task (0,0,5,10): -0.526602 1.084406 = -644.436795 in 1.146 secs
task (0,0,5,22): -1.000393 1.697951 = -504.472302 in 1.149 secs
task (0,0,5,27): 0.541815 1.635379 = -495.715561 in 1.154 secs
task (0,0,5,16): -0.790996 0.042016 = -75.834611 in 1.627 secs
task (0,0,5,19): 0.225012 2.235679 = -400.179885 in 1.632 secs
task (0,0,5,8): -1.342280 0.603802 = -245.538741 in 1.090 secs
task (0,0,5,25): -0.692738 1.592959 = -508.624261 in 1.647 secs
task (0,0,5,29): 1.356786 0.828772 = -389.530338 in 1.647 secs
task (0,0,5,14): -0.895822 0.895569 = -673.794070 in 1.105 secs
task (0,0,5,5): 0.684058 0.222512 = -964.689816 in 1.111 secs
task (0,0,5,11): -0.558437 2.371550 = -213.336590 in 1.116 secs
task (0,0,5,23): 1.719779 1.522578 = -186.310326 in 1.120 secs
task (0,0,5,1): 2.254866 0.216720 = -116.545689 in 1.642 secs
task (0,0,5,17): -1.027326 0.341118 = -189.469569 in 1.270 secs
task (0,0,5,20): 0.106953 1.001823 = -667.293483 in 1.266 secs
task (0,0,5,2): -0.193045 0.089155 = -367.938406 in 1.034 secs
BEST @     5:        0.6840580916879658        0.2225119521828594     -964.6898161447376197
task (0,0,6,6): -2.188038 1.045763 = -238.409952 in 1.112 secs
task (0,0,6,12): 0.208574 0.855606 = -768.993044 in 1.126 secs
task (0,0,6,30): 0.333712 1.590099 = -463.484328 in 1.126 secs
task (0,0,6,3): -0.838463 0.537168 = -481.414711 in 1.127 secs
task (0,0,6,9): -1.206345 1.174649 = -535.369386 in 1.148 secs
task (0,0,6,26): 0.633854 0.506317 = -909.287342 in 1.153 secs
task (0,0,6,21): 0.129507 0.667661 = -868.931395 in 1.153 secs
task (0,0,6,15): -1.660231 1.111929 = -545.838648 in 1.642 secs
task (0,0,6,18): -1.421059 0.549041 = -176.304510 in 1.648 secs
task (0,0,6,28): 0.477977 0.956634 = -680.723769 in 1.672 secs
task (0,0,6,24): -0.294647 1.348733 = -530.253536 in 1.673 secs
task (0,0,6,0): 2.644652 0.400889 = -54.599013 in 1.954 secs
task (0,0,6,7): 0.688442 0.054475 = -666.793015 in 1.103 secs
task (0,0,6,31): -0.208306 1.318440 = -525.577366 in 1.116 secs
task (0,0,6,13): -0.997804 0.876656 = -653.923588 in 1.129 secs
task (0,0,6,4): 0.357172 0.102114 = -737.100713 in 1.130 secs
task (0,0,6,10): -0.625518 2.099728 = -312.956022 in 1.147 secs
task (0,0,6,22): 0.595276 0.974555 = -656.672708 in 1.151 secs
task (0,0,6,27): -0.295881 0.374651 = -683.944247 in 1.153 secs
task (0,0,6,16): 0.778380 0.928940 = -641.533014 in 1.631 secs
task (0,0,6,19): -0.187449 1.060412 = -660.015315 in 1.634 secs
task (0,0,6,8): -0.164055 1.347690 = -501.008601 in 1.091 secs
task (0,0,6,25): -1.723264 1.714522 = -351.069716 in 1.648 secs
task (0,0,6,29): 0.226825 1.345418 = -478.172047 in 1.650 secs
task (0,0,6,14): -1.417942 1.961751 = -486.314809 in 1.109 secs
task (0,0,6,5): -1.174095 0.984910 = -613.834805 in 1.113 secs
task (0,0,6,11): -0.785543 1.939281 = -432.435327 in 1.120 secs
task (0,0,6,23): -0.471109 0.330065 = -484.681739 in 1.124 secs
task (0,0,6,1): 1.750235 1.993511 = -172.800805 in 1.637 secs
task (0,0,6,17): 0.422615 0.646723 = -866.139337 in 1.278 secs
task (0,0,6,20): 0.940039 0.038920 = -558.694035 in 1.273 secs
task (0,0,6,2): 1.119529 0.928232 = -512.551740 in 1.038 secs
BEST @     6:        0.6840580916879658        0.2225119521828594     -964.6898161447376197
task (0,0,7,6): -1.085957 0.582347 = -366.426805 in 1.105 secs
task (0,0,7,3): -0.885344 0.189433 = -161.143662 in 1.119 secs
task (0,0,7,12): -1.032737 0.621609 = -449.719087 in 1.125 secs
task (0,0,7,30): 0.067516 0.223441 = -767.574164 in 1.130 secs
task (0,0,7,26): -1.072718 0.193269 = -118.126632 in 1.145 secs
task (0,0,7,9): 1.581159 1.070261 = -252.582458 in 1.155 secs
task (0,0,7,21): -0.582651 0.799564 = -766.353314 in 1.160 secs
task (0,0,7,15): -0.267039 0.303675 = -608.370033 in 1.632 secs
task (0,0,7,18): -0.466217 1.132878 = -630.455771 in 1.640 secs
task (0,0,7,24): 2.160152 0.658211 = -98.633371 in 1.673 secs
task (0,0,7,28): -1.177580 0.533397 = -259.181673 in 1.677 secs
task (0,0,7,0): -0.151752 0.401936 = -820.912602 in 1.947 secs
task (0,0,7,7): 0.240136 0.963648 = -664.850864 in 1.104 secs
task (0,0,7,31): -0.145347 0.350737 = -758.702822 in 1.111 secs
task (0,0,7,4): 0.460800 0.650705 = -850.584390 in 1.129 secs
task (0,0,7,13): -0.756815 0.911180 = -664.088375 in 1.128 secs
task (0,0,7,27): 0.158692 0.575191 = -871.452865 in 1.151 secs
task (0,0,7,10): 0.066293 0.739330 = -777.982010 in 1.143 secs
task (0,0,7,22): 0.234672 0.061928 = -575.647714 in 1.146 secs
task (0,0,7,16): -0.335247 0.205284 = -413.701117 in 1.626 secs
task (0,0,7,19): -0.729404 0.796778 = -701.034104 in 1.630 secs
task (0,0,7,8): -0.074563 1.011837 = -677.633795 in 1.091 secs
task (0,0,7,25): 0.999503 0.621102 = -626.163440 in 1.646 secs
task (0,0,7,29): -1.304970 0.758864 = -418.656747 in 1.646 secs
task (0,0,7,5): 0.621572 1.343779 = -534.252585 in 1.113 secs
task (0,0,7,14): 0.969085 1.304612 = -515.712880 in 1.109 secs
task (0,0,7,11): 0.098734 0.581963 = -917.165543 in 1.117 secs
task (0,0,7,23): -0.197735 0.590732 = -895.137370 in 1.122 secs
task (0,0,7,1): 1.819196 0.040123 = -183.010993 in 1.642 secs
task (0,0,7,17): 1.024742 0.146575 = -713.938721 in 1.269 secs
task (0,0,7,20): 1.337914 0.689720 = -416.752298 in 1.264 secs
task (0,0,7,2): 0.448888 1.081898 = -610.193258 in 1.026 secs
BEST @     7:        0.6840580916879658        0.2225119521828594     -964.6898161447376197
task (0,0,8,30): 0.190655 0.401156 = -990.428100 in 1.112 secs
task (0,0,8,12): -1.340232 1.471107 = -421.087783 in 1.125 secs
task (0,0,8,6): 0.306474 0.594893 = -916.563059 in 1.126 secs
task (0,0,8,3): -0.217243 0.935167 = -723.771838 in 1.129 secs
task (0,0,8,21): 0.626182 0.851361 = -716.031797 in 1.146 secs
task (0,0,8,26): 0.795088 0.065746 = -694.873740 in 1.151 secs
task (0,0,8,9): 0.518330 0.330966 = -1012.565109 in 1.158 secs
task (0,0,8,15): -0.816514 0.810513 = -700.137277 in 1.640 secs
task (0,0,8,18): 0.391395 0.048643 = -581.235474 in 1.647 secs
task (0,0,8,24): 0.217208 0.727399 = -844.007360 in 1.668 secs
task (0,0,8,28): 0.420402 0.687269 = -867.494409 in 1.670 secs
task (0,0,8,0): -0.332552 0.713094 = -842.127123 in 1.946 secs
task (0,0,8,31): -0.816688 0.877696 = -693.733613 in 1.117 secs
task (0,0,8,7): 0.516601 1.239639 = -552.986984 in 1.104 secs
task (0,0,8,13): 0.454456 0.028856 = -502.799155 in 1.124 secs
task (0,0,8,4): 0.158033 0.771970 = -815.652888 in 1.129 secs
task (0,0,8,22): -1.022886 0.389209 = -220.826523 in 1.149 secs
task (0,0,8,10): -0.339990 0.478072 = -773.274494 in 1.146 secs
task (0,0,8,27): -0.436265 0.516220 = -743.398338 in 1.153 secs
task (0,0,8,16): -0.424000 0.972891 = -696.473995 in 1.626 secs
task (0,0,8,19): -0.463927 0.846601 = -765.684799 in 1.631 secs
task (0,0,8,25): -0.246266 1.052714 = -667.239282 in 1.654 secs
task (0,0,8,8): 0.033903 0.169244 = -650.039662 in 1.092 secs
task (0,0,8,29): -0.651034 0.454492 = -512.478890 in 1.655 secs
task (0,0,8,14): -0.153586 0.841678 = -771.386853 in 1.103 secs
task (0,0,8,5): -0.112779 0.645290 = -887.028315 in 1.114 secs
task (0,0,8,23): -0.382361 0.562813 = -812.092936 in 1.125 secs
task (0,0,8,11): -0.751607 1.199091 = -578.740426 in 1.119 secs
task (0,0,8,1): 0.433491 0.330217 = -1021.335255 in 1.645 secs
task (0,0,8,17): -0.319151 0.584651 = -852.046967 in 1.274 secs
task (0,0,8,20): 0.002491 0.670020 = -867.743989 in 1.269 secs
task (0,0,8,2): -0.618459 0.522854 = -621.294234 in 1.026 secs
BEST @     8:        0.4334909019697135        0.3302169748527605    -1021.3352546728350490
task (0,0,9,6): -0.012131 0.476375 = -944.705153 in 1.109 secs
task (0,0,9,30): 0.092569 0.280298 = -873.718039 in 1.116 secs
task (0,0,9,3): -0.422767 0.685639 = -825.894429 in 1.128 secs
task (0,0,9,12): 0.400577 0.697286 = -863.676227 in 1.129 secs
task (0,0,9,26): 0.896178 0.223024 = -832.973027 in 1.149 secs
task (0,0,9,9): 0.059071 0.443517 = -961.981107 in 1.150 secs
task (0,0,9,21): 0.702434 0.102376 = -820.917093 in 1.154 secs
task (0,0,9,15): 0.402377 0.712744 = -853.195056 in 1.635 secs
task (0,0,9,18): -0.391971 0.649542 = -833.182564 in 1.646 secs
task (0,0,9,24): 0.561505 0.318030 = -1004.034169 in 1.664 secs
task (0,0,9,28): -0.057820 0.267520 = -728.495540 in 1.668 secs
task (0,0,9,0): 0.344476 0.656892 = -883.679401 in 1.945 secs
task (0,0,9,7): -0.056314 0.847506 = -763.092949 in 1.099 secs
task (0,0,9,31): 0.524398 0.527980 = -929.707730 in 1.109 secs
task (0,0,9,13): 0.902311 0.374357 = -796.534765 in 1.118 secs
task (0,0,9,4): -0.000241 0.768851 = -805.932639 in 1.126 secs
task (0,0,9,10): 0.505853 0.669026 = -858.015386 in 1.147 secs
task (0,0,9,22): 0.118827 0.089125 = -566.215539 in 1.145 secs
task (0,0,9,27): 0.192710 0.380604 = -988.101921 in 1.154 secs
task (0,0,9,16): 1.104663 0.203663 = -669.522454 in 1.624 secs
task (0,0,9,19): 0.758498 0.513677 = -842.458461 in 1.631 secs
task (0,0,9,8): -0.045856 0.603261 = -908.655330 in 1.089 secs
task (0,0,9,25): -0.815215 1.109808 = -590.312198 in 1.653 secs
task (0,0,9,29): -0.556724 0.532234 = -675.781975 in 1.653 secs
task (0,0,9,14): 0.621867 0.411252 = -957.011298 in 1.103 secs
task (0,0,9,5): 1.020085 0.570226 = -648.429614 in 1.113 secs
task (0,0,9,11): 0.402549 0.114309 = -793.835376 in 1.117 secs
task (0,0,9,23): -0.584833 0.953453 = -695.133485 in 1.122 secs
task (0,0,9,1): -0.697917 0.766447 = -735.047234 in 1.645 secs
task (0,0,9,17): -0.024385 0.482903 = -941.821371 in 1.282 secs
task (0,0,9,20): 0.374654 0.410328 = -1001.318282 in 1.275 secs
task (0,0,9,2): -0.223455 1.098472 = -643.370219 in 1.036 secs
BEST @     9:        0.4334909019697135        0.3302169748527605    -1021.3352546728350490
task (0,0,10,6): 0.435279 0.367474 = -1013.228271 in 1.109 secs
task (0,0,10,12): -0.027512 0.864592 = -758.914668 in 1.117 secs
task (0,0,10,3): 0.317338 0.526085 = -949.598767 in 1.123 secs
task (0,0,10,30): 0.822153 0.089071 = -753.924145 in 1.137 secs
task (0,0,10,9): 0.170950 0.752812 = -826.793498 in 1.140 secs
task (0,0,10,26): 0.222072 0.291322 = -966.030835 in 1.157 secs
task (0,0,10,21): 0.061411 0.633503 = -887.720923 in 1.160 secs
task (0,0,10,15): 0.538887 0.439335 = -970.757436 in 1.647 secs
task (0,0,10,18): 0.641872 0.380969 = -960.826827 in 1.653 secs
task (0,0,10,24): 0.570618 0.268009 = -1007.604904 in 1.674 secs
task (0,0,10,28): -0.149526 0.803160 = -792.434946 in 1.676 secs
task (0,0,10,0): 0.377965 0.576544 = -927.341016 in 1.959 secs
task (0,0,10,7): -0.184284 1.063452 = -658.187247 in 1.101 secs
task (0,0,10,13): 0.304940 0.310869 = -1006.503046 in 1.120 secs
task (0,0,10,31): 0.063638 0.794009 = -798.607184 in 1.112 secs
task (0,0,10,4): 0.697189 0.175636 = -934.181987 in 1.130 secs
task (0,0,10,10): -0.026552 0.364634 = -882.405848 in 1.144 secs
task (0,0,10,22): 0.262861 0.312495 = -994.773711 in 1.148 secs
task (0,0,10,27): 0.146239 0.441652 = -979.023382 in 1.156 secs
task (0,0,10,16): 0.510580 0.245030 = -1009.738727 in 1.628 secs
task (0,0,10,19): 0.810365 0.116307 = -814.304025 in 1.632 secs
task (0,0,10,8): -0.167459 0.848986 = -767.646711 in 1.088 secs
task (0,0,10,25): 0.407792 0.622773 = -903.997109 in 1.650 secs
task (0,0,10,29): 0.508332 0.233828 = -1004.344733 in 1.652 secs
task (0,0,10,14): 0.285516 0.296935 = -995.401115 in 1.100 secs
task (0,0,10,5): 0.841192 0.108974 = -786.505384 in 1.111 secs
task (0,0,10,11): -0.293130 0.437960 = -765.196955 in 1.118 secs
task (0,0,10,23): -0.137988 0.742212 = -829.137435 in 1.120 secs
task (0,0,10,1): 0.446485 0.291578 = -1021.856516 in 1.642 secs
task (0,0,10,17): 0.504421 0.186403 = -964.522506 in 1.268 secs
task (0,0,10,20): 0.453336 0.193935 = -963.847373 in 1.264 secs
task (0,0,10,2): 0.059630 0.480584 = -959.616715 in 1.029 secs
BEST @    10:        0.4464845538722728        0.2915775441395258    -1021.8565163245984877
task (0,0,11,6): -0.050516 0.728353 = -834.233364 in 1.106 secs
task (0,0,11,30): 0.310646 0.329665 = -1011.633211 in 1.119 secs
task (0,0,11,12): -0.158465 0.857687 = -762.997356 in 1.126 secs
task (0,0,11,3): 0.674936 0.254854 = -973.868850 in 1.130 secs
task (0,0,11,9): 0.443017 0.472986 = -971.463109 in 1.151 secs
task (0,0,11,21): 0.083878 0.338572 = -929.248045 in 1.157 secs
task (0,0,11,26): -0.251922 0.604266 = -879.962790 in 1.161 secs
task (0,0,11,15): 0.102186 0.549510 = -933.802672 in 1.645 secs
task (0,0,11,18): 0.642599 0.239284 = -984.341530 in 1.650 secs
task (0,0,11,24): -0.019128 0.691965 = -855.029191 in 1.675 secs
task (0,0,11,28): 0.142928 0.502422 = -958.168185 in 1.676 secs
task (0,0,11,0): 0.697890 0.032256 = -561.919330 in 1.936 secs
task (0,0,11,7): 0.561880 0.386930 = -985.822324 in 1.101 secs
task (0,0,11,31): 0.516739 0.263633 = -1015.048556 in 1.110 secs
task (0,0,11,13): 0.394077 0.463301 = -978.241855 in 1.118 secs
task (0,0,11,4): 0.918639 0.078546 = -689.253544 in 1.127 secs
task (0,0,11,10): 0.344745 0.680687 = -874.816551 in 1.143 secs
task (0,0,11,22): 0.141765 0.512541 = -953.070843 in 1.146 secs
task (0,0,11,27): 1.111266 0.157272 = -663.014552 in 1.152 secs
task (0,0,11,16): 0.208528 0.478982 = -916.392930 in 1.626 secs
task (0,0,11,19): 0.320679 0.603489 = -913.040092 in 1.630 secs
task (0,0,11,8): 0.272223 0.422473 = -996.368424 in 1.099 secs
task (0,0,11,25): 0.446414 0.293572 = -1024.172236 in 1.647 secs
task (0,0,11,29): 0.025306 0.579020 = -920.687667 in 1.647 secs
task (0,0,11,14): 0.366237 0.434106 = -995.523169 in 1.110 secs
task (0,0,11,5): 0.610127 0.169180 = -951.620193 in 1.118 secs
task (0,0,11,11): 0.308208 0.019469 = -430.124284 in 1.121 secs
task (0,0,11,23): 0.571645 0.273299 = -1007.887019 in 1.123 secs
task (0,0,11,1): 0.473023 0.164195 = -928.633510 in 1.640 secs
task (0,0,11,17): 0.443087 0.336509 = -1017.057042 in 1.275 secs
task (0,0,11,20): 0.470273 0.078564 = -721.931510 in 1.274 secs
task (0,0,11,2): 0.224835 0.282718 = -960.552994 in 1.040 secs
BEST @    11:        0.4464137077562104        0.2935724448648110    -1024.1722363078004037
task (0,0,12,6): 0.152049 0.524823 = -947.700516 in 1.103 secs
task (0,0,12,12): 0.317112 0.230612 = -955.931858 in 1.117 secs
task (0,0,12,30): 0.469686 0.328494 = -1019.520997 in 1.117 secs
task (0,0,12,3): 0.269836 0.457765 = -981.292062 in 1.121 secs
task (0,0,12,9): 0.262760 0.444934 = -986.382007 in 1.150 secs
task (0,0,12,26): 0.463475 0.296018 = -1021.893500 in 1.155 secs
task (0,0,12,21): 0.693383 0.126650 = -872.779884 in 1.158 secs
task (0,0,12,15): 0.032327 0.498733 = -952.169395 in 1.641 secs
task (0,0,12,18): 0.379165 0.299750 = -1017.846288 in 1.648 secs
task (0,0,12,24): 0.317730 0.340440 = -1013.656579 in 1.676 secs
task (0,0,12,28): 0.675639 0.216281 = -965.757249 in 1.676 secs
task (0,0,12,0): 0.637623 0.166964 = -940.852724 in 1.954 secs
task (0,0,12,7): 0.381415 0.402164 = -1004.110958 in 1.101 secs
task (0,0,12,31): 0.030804 0.582698 = -918.316513 in 1.106 secs
task (0,0,12,13): 0.432450 0.341209 = -1019.706114 in 1.120 secs
task (0,0,12,4): 0.236082 0.472727 = -973.922258 in 1.122 secs
task (0,0,12,10): 0.495913 0.284566 = -1019.606906 in 1.141 secs
task (0,0,12,22): 0.371722 0.449916 = -985.161093 in 1.145 secs
task (0,0,12,27): 0.415815 0.401992 = -1003.051698 in 1.149 secs
task (0,0,12,16): 0.383126 0.358463 = -1016.976788 in 1.618 secs
task (0,0,12,19): 0.379907 0.402151 = -1004.343477 in 1.621 secs
task (0,0,12,8): 0.767549 0.356226 = -903.444659 in 1.088 secs
task (0,0,12,25): 0.272094 0.433305 = -991.272542 in 1.638 secs
task (0,0,12,29): 0.831867 0.169266 = -861.568166 in 1.640 secs
task (0,0,12,14): 0.199943 0.483036 = -968.504800 in 1.104 secs
task (0,0,12,5): 0.541553 0.394421 = -988.116276 in 1.109 secs
task (0,0,12,11): 0.245832 0.425608 = -992.769245 in 1.113 secs
task (0,0,12,23): 0.270690 0.487926 = -967.248255 in 1.116 secs
task (0,0,12,1): 0.601407 0.220223 = -988.679534 in 1.625 secs
task (0,0,12,17): 0.297647 0.537080 = -943.676999 in 1.277 secs
task (0,0,12,20): 0.676239 0.322851 = -964.495441 in 1.273 secs
task (0,0,12,2): 0.584668 0.402114 = -973.437162 in 1.030 secs
BEST @    12:        0.4464137077562104        0.2935724448648110    -1024.1722363078004037
task (0,0,13,30): 0.271070 0.426532 = -993.664221 in 1.112 secs
task (0,0,13,6): 0.413608 0.321049 = -1021.941684 in 1.120 secs
task (0,0,13,3): 0.258811 0.395828 = -1001.178215 in 1.122 secs
task (0,0,13,12): 0.549057 0.231070 = -1001.252588 in 1.130 secs
task (0,0,13,26): 0.287140 0.453214 = -983.376512 in 1.152 secs
task (0,0,13,9): 0.378011 0.274434 = -1009.733343 in 1.162 secs
task (0,0,13,21): 0.274427 0.423091 = -995.098702 in 1.169 secs
task (0,0,13,15): 0.316233 0.410351 = -1001.021136 in 1.642 secs
task (0,0,13,18): 0.542385 0.187028 = -968.688937 in 1.648 secs
task (0,0,13,24): 0.402902 0.352841 = -1018.092083 in 1.667 secs
task (0,0,13,28): 0.343155 0.390790 = -1008.018030 in 1.669 secs
task (0,0,13,0): 0.546932 0.258608 = -1010.629744 in 1.948 secs
task (0,0,13,7): 0.257893 0.457396 = -981.213354 in 1.103 secs
task (0,0,13,31): 0.611574 0.223551 = -987.987969 in 1.113 secs
task (0,0,13,4): 0.418381 0.319284 = -1022.236069 in 1.127 secs
task (0,0,13,13): 0.310712 0.371587 = -1010.726156 in 1.125 secs
task (0,0,13,10): 0.582316 0.307356 = -1002.814547 in 1.144 secs
task (0,0,13,27): 0.478434 0.244580 = -1009.017422 in 1.155 secs
task (0,0,13,22): 0.532034 0.412735 = -983.196154 in 1.148 secs
task (0,0,13,16): 0.405695 0.397487 = -1005.072324 in 1.630 secs
task (0,0,13,19): 0.443463 0.321917 = -1021.901597 in 1.633 secs
task (0,0,13,8): 0.586109 0.354527 = -990.015676 in 1.091 secs
task (0,0,13,25): 0.380879 0.424855 = -995.429456 in 1.652 secs
task (0,0,13,29): 0.380146 0.320334 = -1020.284485 in 1.651 secs
task (0,0,13,14): 0.292417 0.340822 = -1009.482789 in 1.106 secs
task (0,0,13,5): 0.390815 0.357809 = -1017.106115 in 1.114 secs
task (0,0,13,11): 0.338583 0.415791 = -999.483422 in 1.116 secs
task (0,0,13,23): 0.516396 0.290625 = -1017.682480 in 1.119 secs
task (0,0,13,1): 0.420258 0.302091 = -1021.857196 in 1.644 secs
task (0,0,13,17): 0.352940 0.342162 = -1017.653929 in 1.272 secs
task (0,0,13,20): 0.287362 0.378483 = -1007.391964 in 1.269 secs
task (0,0,13,2): 0.343346 0.493913 = -965.229374 in 1.030 secs
BEST @    13:        0.4464137077562104        0.2935724448648110    -1024.1722363078004037
task (0,0,14,6): 0.419412 0.297693 = -1021.340370 in 1.112 secs
task (0,0,14,30): 0.391285 0.372159 = -1013.602350 in 1.121 secs
task (0,0,14,3): 0.522478 0.255302 = -1012.410052 in 1.125 secs
task (0,0,14,12): 0.352370 0.434952 = -991.751219 in 1.128 secs
task (0,0,14,9): 0.447176 0.366198 = -1012.686886 in 1.151 secs
task (0,0,14,26): 0.441055 0.238463 = -1001.834408 in 1.153 secs
task (0,0,14,21): 0.334463 0.342257 = -1015.794320 in 1.159 secs
task (0,0,14,15): 0.438695 0.295434 = -1021.889175 in 1.642 secs
task (0,0,14,18): 0.455175 0.232159 = -999.698661 in 1.646 secs
task (0,0,14,24): 0.441734 0.251302 = -1009.273171 in 1.674 secs
task (0,0,14,28): 0.522396 0.318030 = -1014.471229 in 1.674 secs
task (0,0,14,0): 0.360847 0.330397 = -1018.763656 in 1.938 secs
task (0,0,14,7): 0.450482 0.191018 = -959.722215 in 1.101 secs
task (0,0,14,31): 0.433713 0.257597 = -1011.297022 in 1.107 secs
task (0,0,14,13): 0.430110 0.294204 = -1021.443215 in 1.122 secs
task (0,0,14,4): 0.538112 0.298987 = -1013.985570 in 1.126 secs
task (0,0,14,10): 0.505230 0.260899 = -1015.005550 in 1.144 secs
task (0,0,14,27): 0.410957 0.277827 = -1016.312800 in 1.147 secs
task (0,0,14,22): 0.425202 0.360775 = -1015.652570 in 1.147 secs
task (0,0,14,16): 0.442355 0.280717 = -1019.696424 in 1.619 secs
task (0,0,14,19): 0.457189 0.314915 = -1021.908515 in 1.624 secs
task (0,0,14,8): 0.482569 0.252003 = -1012.424275 in 1.088 secs
task (0,0,14,25): 0.449169 0.362059 = -1013.732153 in 1.643 secs
task (0,0,14,29): 0.367411 0.313098 = -1018.422437 in 1.643 secs
task (0,0,14,14): 0.403352 0.303378 = -1020.935429 in 1.105 secs
task (0,0,14,5): 0.512315 0.298904 = -1018.025362 in 1.111 secs
task (0,0,14,11): 0.469903 0.265682 = -1016.847948 in 1.114 secs
task (0,0,14,23): 0.466204 0.311624 = -1021.661779 in 1.119 secs
task (0,0,14,1): 0.436607 0.302769 = -1022.403042 in 1.636 secs
task (0,0,14,17): 0.414795 0.264846 = -1011.968594 in 1.277 secs
task (0,0,14,20): 0.451360 0.292933 = -1021.787949 in 1.273 secs
task (0,0,14,2): 0.264129 0.391075 = -1002.860645 in 1.040 secs
BEST @    14:        0.4464137077562104        0.2935724448648110    -1024.1722363078004037
task (0,0,15,6): 0.414017 0.302858 = -1021.617022 in 1.112 secs
task (0,0,15,12): 0.440464 0.314632 = -1022.454835 in 1.122 secs
task (0,0,15,30): 0.534923 0.298219 = -1014.630114 in 1.124 secs
task (0,0,15,3): 0.474257 0.277004 = -1019.517838 in 1.127 secs
task (0,0,15,9): 0.446211 0.271676 = -1017.643786 in 1.140 secs
task (0,0,15,26): 0.375994 0.301178 = -1017.700925 in 1.147 secs
task (0,0,15,21): 0.478588 0.272249 = -1018.530524 in 1.164 secs
task (0,0,15,15): 0.581879 0.241491 = -1000.562200 in 1.642 secs
task (0,0,15,18): 0.539507 0.231667 = -1002.304636 in 1.647 secs
task (0,0,15,24): 0.424840 0.303222 = -1022.136282 in 1.669 secs
task (0,0,15,28): 0.435587 0.345965 = -1018.607900 in 1.670 secs
task (0,0,15,0): 0.364203 0.382194 = -1010.874479 in 1.954 secs
task (0,0,15,7): 0.427925 0.292363 = -1021.097912 in 1.102 secs
task (0,0,15,31): 0.415678 0.309018 = -1022.111438 in 1.111 secs
task (0,0,15,13): 0.429938 0.349850 = -1018.051861 in 1.126 secs
task (0,0,15,4): 0.416516 0.306733 = -1022.031740 in 1.128 secs
task (0,0,15,10): 0.417906 0.342373 = -1019.865513 in 1.147 secs
task (0,0,15,27): 0.408584 0.313121 = -1021.946094 in 1.149 secs
task (0,0,15,22): 0.437518 0.340562 = -1019.581283 in 1.149 secs
task (0,0,15,16): 0.366198 0.387703 = -1009.244535 in 1.632 secs
task (0,0,15,19): 0.486526 0.299204 = -1020.723112 in 1.635 secs
task (0,0,15,8): 0.392643 0.314929 = -1021.043414 in 1.096 secs
task (0,0,15,25): 0.466557 0.301492 = -1021.924570 in 1.653 secs
task (0,0,15,29): 0.478504 0.270686 = -1018.184198 in 1.653 secs
task (0,0,15,14): 0.356309 0.301840 = -1014.805953 in 1.107 secs
task (0,0,15,5): 0.434834 0.358528 = -1015.715014 in 1.115 secs
task (0,0,15,11): 0.412788 0.294117 = -1020.387791 in 1.123 secs
task (0,0,15,23): 0.337669 0.309266 = -1013.156073 in 1.125 secs
task (0,0,15,1): 0.463818 0.317360 = -1021.360922 in 1.640 secs
task (0,0,15,17): 0.391745 0.285421 = -1016.048349 in 1.270 secs
task (0,0,15,20): 0.494024 0.272704 = -1018.097059 in 1.268 secs
task (0,0,15,2): 0.369978 0.364856 = -1015.315944 in 1.035 secs
BEST @    15:        0.4464137077562104        0.2935724448648110    -1024.1722363078004037
task (0,0,16,30): 0.409020 0.327535 = -1021.626894 in 1.117 secs
task (0,0,16,3): 0.468225 0.302347 = -1021.847148 in 1.129 secs
task (0,0,16,12): 0.399812 0.293867 = -1019.146983 in 1.131 secs
task (0,0,16,6): 0.414399 0.295952 = -1020.796317 in 1.137 secs
task (0,0,16,26): 0.418068 0.333392 = -1021.141385 in 1.153 secs
task (0,0,16,21): 0.418456 0.307277 = -1022.130245 in 1.155 secs
task (0,0,16,9): 0.431607 0.308588 = -1022.521209 in 1.157 secs
task (0,0,16,15): 0.419584 0.330886 = -1021.415477 in 1.653 secs
task (0,0,16,18): 0.428581 0.322834 = -1022.094593 in 1.653 secs
task (0,0,16,28): 0.405055 0.335811 = -1020.799015 in 1.665 secs
task (0,0,16,24): 0.457887 0.311221 = -1022.090631 in 1.672 secs
task (0,0,16,0): 0.416605 0.303378 = -1021.779832 in 1.939 secs
task (0,0,16,31): 0.445613 0.346793 = -1017.865519 in 1.111 secs
task (0,0,16,7): 0.402250 0.314500 = -1021.655600 in 1.101 secs
task (0,0,16,4): 0.335964 0.373495 = -1012.168766 in 1.125 secs
task (0,0,16,13): 0.410416 0.319123 = -1022.044572 in 1.124 secs
task (0,0,16,22): 0.434706 0.288991 = -1020.917220 in 1.144 secs
task (0,0,16,10): 0.451108 0.297417 = -1022.173818 in 1.141 secs
task (0,0,16,27): 0.466604 0.271549 = -1018.365931 in 1.146 secs
task (0,0,16,16): 0.438117 0.282975 = -1019.979163 in 1.631 secs
task (0,0,16,19): 0.461386 0.298412 = -1022.048765 in 1.635 secs
task (0,0,16,29): 0.443800 0.280751 = -1019.784580 in 1.650 secs
task (0,0,16,25): 0.466662 0.285006 = -1020.851667 in 1.648 secs
task (0,0,16,8): 0.394873 0.294793 = -1018.786673 in 1.095 secs
task (0,0,16,14): 0.457439 0.284633 = -1020.831554 in 1.110 secs
task (0,0,16,5): 0.410355 0.332400 = -1021.234786 in 1.117 secs
task (0,0,16,11): 0.468557 0.273277 = -1018.786940 in 1.121 secs
task (0,0,16,23): 0.425775 0.301813 = -1022.063214 in 1.125 secs
task (0,0,16,1): 0.421294 0.320973 = -1022.202742 in 1.640 secs
task (0,0,16,17): 0.453380 0.298226 = -1022.201571 in 1.264 secs
task (0,0,16,20): 0.466147 0.306873 = -1021.889640 in 1.263 secs
task (0,0,16,2): 0.436559 0.282775 = -1019.853141 in 1.036 secs
BEST @    16:        0.4464137077562104        0.2935724448648110    -1024.1722363078004037
task (0,0,17,6): 0.473053 0.300717 = -1021.607267 in 1.100 secs
task (0,0,17,12): 0.458749 0.296311 = -1022.008680 in 1.122 secs
task (0,0,17,30): 0.448238 0.302161 = -1022.403882 in 1.124 secs
task (0,0,17,3): 0.418930 0.334181 = -1021.038011 in 1.128 secs
task (0,0,17,9): 0.469119 0.313335 = -1021.359362 in 1.155 secs
task (0,0,17,21): 0.430312 0.309193 = -1022.511361 in 1.158 secs
task (0,0,17,26): 0.401013 0.318009 = -1021.646751 in 1.159 secs
task (0,0,17,15): 0.440281 0.303323 = -1022.453857 in 1.641 secs
task (0,0,17,18): 0.445596 0.292299 = -1021.691350 in 1.647 secs
task (0,0,17,24): 0.442565 0.306142 = -1022.528938 in 1.671 secs
task (0,0,17,28): 0.425074 0.291518 = -1020.809036 in 1.671 secs
task (0,0,17,0): 0.390178 0.323521 = -1021.036974 in 1.954 secs
task (0,0,17,7): 0.432189 0.293276 = -1021.420888 in 1.105 secs
task (0,0,17,31): 0.454800 0.311069 = -1022.219689 in 1.110 secs
task (0,0,17,13): 0.468469 0.300306 = -1021.830295 in 1.122 secs
task (0,0,17,4): 0.424906 0.311074 = -1022.443985 in 1.125 secs
task (0,0,17,10): 0.435883 0.317487 = -1022.363549 in 1.143 secs
task (0,0,17,22): 0.465506 0.303179 = -1021.967429 in 1.142 secs
task (0,0,17,27): 0.445315 0.300953 = -1022.365518 in 1.149 secs
task (0,0,17,16): 0.422388 0.296137 = -1021.329753 in 1.630 secs
task (0,0,17,19): 0.399846 0.319057 = -1021.596911 in 1.633 secs
task (0,0,17,8): 0.421448 0.313615 = -1022.391186 in 1.093 secs
task (0,0,17,29): 0.420461 0.338197 = -1020.473946 in 1.648 secs
task (0,0,17,25): 0.417259 0.314792 = -1022.283761 in 1.649 secs
task (0,0,17,14): 0.477941 0.280340 = -1019.979641 in 1.110 secs
task (0,0,17,5): 0.440671 0.293882 = -1021.776033 in 1.114 secs
task (0,0,17,11): 0.416982 0.333944 = -1021.081674 in 1.119 secs
task (0,0,17,23): 0.457961 0.288584 = -1021.349465 in 1.125 secs
task (0,0,17,1): 0.428584 0.313007 = -1022.507896 in 1.631 secs
task (0,0,17,17): 0.495966 0.283964 = -1019.470623 in 1.274 secs
task (0,0,17,20): 0.399429 0.331517 = -1021.107379 in 1.270 secs
task (0,0,17,2): 0.449795 0.298057 = -1022.208068 in 1.037 secs
BEST @    17:        0.4464137077562104        0.2935724448648110    -1024.1722363078004037
task (0,0,18,30): 0.440300 0.310361 = -1022.549258 in 1.108 secs
task (0,0,18,6): 0.430603 0.324146 = -1021.979437 in 1.116 secs
task (0,0,18,12): 0.436875 0.309173 = -1022.562216 in 1.123 secs
task (0,0,18,3): 0.465043 0.291632 = -1021.562868 in 1.124 secs
task (0,0,18,26): 0.459666 0.306377 = -1022.172797 in 1.152 secs
task (0,0,18,9): 0.436095 0.300429 = -1022.249340 in 1.160 secs
task (0,0,18,21): 0.441884 0.308929 = -1022.545613 in 1.168 secs
task (0,0,18,15): 0.433748 0.315391 = -1022.468641 in 1.652 secs
task (0,0,18,18): 0.430697 0.308276 = -1022.499248 in 1.655 secs
task (0,0,18,24): 0.451152 0.299341 = -1022.266594 in 1.677 secs
task (0,0,18,28): 0.415584 0.316240 = -1022.224973 in 1.678 secs
task (0,0,18,0): 0.447676 0.303107 = -1022.432119 in 1.940 secs
task (0,0,18,31): 0.443553 0.297947 = -1022.180065 in 1.112 secs
task (0,0,18,7): 0.437911 0.310915 = -1022.553946 in 1.105 secs
task (0,0,18,13): 0.434984 0.299015 = -1022.123754 in 1.126 secs
task (0,0,18,4): 0.451137 0.305667 = -1022.425476 in 1.128 secs
task (0,0,18,27): 0.463742 0.303481 = -1022.048083 in 1.150 secs
task (0,0,18,10): 0.440546 0.301119 = -1022.358009 in 1.144 secs
task (0,0,18,22): 0.437629 0.303581 = -1022.448746 in 1.146 secs
task (0,0,18,16): 0.422292 0.305875 = -1022.208380 in 1.623 secs
task (0,0,18,19): 0.404347 0.318756 = -1021.814232 in 1.628 secs
task (0,0,18,8): 0.430688 0.313444 = -1022.518374 in 1.088 secs
task (0,0,18,25): 0.438168 0.304690 = -1022.491458 in 1.645 secs
task (0,0,18,29): 0.454838 0.298092 = -1022.166735 in 1.646 secs
task (0,0,18,14): 0.433300 0.309664 = -1022.551755 in 1.103 secs
task (0,0,18,5): 0.442374 0.300342 = -1022.326935 in 1.110 secs
task (0,0,18,11): 0.442565 0.310043 = -1022.531624 in 1.114 secs
task (0,0,18,23): 0.441005 0.306801 = -1022.542587 in 1.119 secs
task (0,0,18,1): 0.422681 0.320855 = -1022.220436 in 1.636 secs
task (0,0,18,17): 0.398073 0.324434 = -1021.438887 in 1.268 secs
task (0,0,18,20): 0.423250 0.316435 = -1022.390637 in 1.265 secs
task (0,0,18,2): 0.437750 0.305392 = -1022.508842 in 1.033 secs
BEST @    18:        0.4464137077562104        0.2935724448648110    -1024.1722363078004037
task (0,0,19,6): 0.447047 0.303662 = -1022.456047 in 1.115 secs
task (0,0,19,30): 0.440492 0.312040 = -1022.518241 in 1.121 secs
task (0,0,19,3): 0.430190 0.315179 = -1022.476777 in 1.131 secs
task (0,0,19,12): 0.449564 0.306652 = -1022.454994 in 1.133 secs
task (0,0,19,9): 0.431395 0.308598 = -1022.518454 in 1.153 secs
task (0,0,19,26): 0.430034 0.311564 = -1022.526378 in 1.154 secs
task (0,0,19,21): 0.442713 0.304206 = -1022.490160 in 1.158 secs
task (0,0,19,15): 0.449938 0.304220 = -1022.433169 in 1.631 secs
task (0,0,19,18): 0.426062 0.312345 = -1022.474289 in 1.638 secs
task (0,0,19,24): 0.432596 0.312712 = -1022.534800 in 1.669 secs
task (0,0,19,28): 0.426542 0.312300 = -1022.481387 in 1.671 secs
task (0,0,19,0): 0.444747 0.314465 = -1022.366364 in 1.957 secs
task (0,0,19,7): 0.443454 0.306507 = -1022.528405 in 1.105 secs
task (0,0,19,31): 0.441408 0.314932 = -1022.411571 in 1.118 secs
task (0,0,19,13): 0.435136 0.312393 = -1022.542329 in 1.124 secs
task (0,0,19,4): 0.432222 0.312554 = -1022.535220 in 1.128 secs
task (0,0,19,10): 0.433306 0.300216 = -1022.173629 in 1.146 secs
task (0,0,19,27): 0.432691 0.314740 = -1022.492054 in 1.150 secs
task (0,0,19,22): 0.452052 0.313688 = -1022.197868 in 1.150 secs
task (0,0,19,16): 0.429895 0.311086 = -1022.524559 in 1.629 secs
task (0,0,19,19): 0.444647 0.312255 = -1022.453004 in 1.634 secs
task (0,0,19,8): 0.442131 0.302675 = -1022.436838 in 1.092 secs
task (0,0,19,25): 0.435777 0.308000 = -1022.550416 in 1.651 secs
task (0,0,19,29): 0.437497 0.309076 = -1022.563916 in 1.650 secs
task (0,0,19,14): 0.431526 0.313318 = -1022.522377 in 1.107 secs
task (0,0,19,5): 0.437189 0.309968 = -1022.562581 in 1.114 secs
task (0,0,19,11): 0.449895 0.303564 = -1022.420717 in 1.119 secs
task (0,0,19,23): 0.432130 0.311443 = -1022.543949 in 1.123 secs
task (0,0,19,1): 0.429179 0.305891 = -1022.403294 in 1.629 secs
task (0,0,19,17): 0.442391 0.315775 = -1022.356115 in 1.279 secs
task (0,0,19,20): 0.436461 0.312024 = -1022.547698 in 1.274 secs
task (0,0,19,2): 0.439545 0.306733 = -1022.544242 in 1.033 secs
BEST @    19:        0.4464137077562104        0.2935724448648110    -1024.1722363078004037
task (0,0,20,6): 0.440171 0.306287 = -1022.537411 in 1.105 secs
task (0,0,20,3): 0.438883 0.313510 = -1022.495603 in 1.121 secs
task (0,0,20,12): 0.439701 0.304899 = -1022.504579 in 1.129 secs
task (0,0,20,30): 0.435697 0.312052 = -1022.545085 in 1.130 secs
task (0,0,20,9): 0.441859 0.307476 = -1022.544421 in 1.157 secs
task (0,0,20,26): 0.424586 0.316036 = -1022.412107 in 1.160 secs
task (0,0,20,21): 0.435168 0.306095 = -1022.506474 in 1.165 secs
task (0,0,20,15): 0.432489 0.308872 = -1022.534617 in 1.635 secs
task (0,0,20,18): 0.421192 0.316896 = -1022.343785 in 1.645 secs
task (0,0,20,24): 0.441516 0.305184 = -1022.512285 in 1.672 secs
task (0,0,20,28): 0.430632 0.311014 = -1022.531062 in 1.675 secs
task (0,0,20,0): 0.441831 0.306283 = -1022.533758 in 1.970 secs
task (0,0,20,7): 0.444679 0.304816 = -1022.496297 in 1.102 secs
task (0,0,20,31): 0.437311 0.311067 = -1022.556375 in 1.116 secs
task (0,0,20,4): 0.434099 0.312363 = -1022.543022 in 1.126 secs
task (0,0,20,13): 0.431268 0.316080 = -1022.453259 in 1.125 secs
task (0,0,20,10): 0.436056 0.307661 = -1022.547231 in 1.145 secs
task (0,0,20,27): 0.449070 0.303330 = -1022.427013 in 1.149 secs
task (0,0,20,22): 0.422717 0.312438 = -1022.411208 in 1.146 secs
task (0,0,20,16): 0.442194 0.310452 = -1022.529625 in 1.633 secs
task (0,0,20,19): 0.432653 0.311812 = -1022.544888 in 1.637 secs
task (0,0,20,8): 0.439249 0.309054 = -1022.561435 in 1.094 secs
task (0,0,20,25): 0.442668 0.306789 = -1022.537232 in 1.648 secs
task (0,0,20,29): 0.436451 0.308266 = -1022.556653 in 1.649 secs
task (0,0,20,5): 0.431587 0.308308 = -1022.515864 in 1.116 secs
task (0,0,20,14): 0.433515 0.310046 = -1022.553310 in 1.109 secs
task (0,0,20,11): 0.440080 0.307235 = -1022.550333 in 1.122 secs
task (0,0,20,23): 0.432645 0.310539 = -1022.549053 in 1.125 secs
task (0,0,20,1): 0.425246 0.312437 = -1022.460635 in 1.640 secs
task (0,0,20,17): 0.436603 0.309386 = -1022.562653 in 1.271 secs
task (0,0,20,20): 0.437055 0.307808 = -1022.552468 in 1.265 secs
task (0,0,20,2): 0.433281 0.311135 = -1022.551473 in 1.022 secs
BEST @    20:        0.4464137077562104        0.2935724448648110    -1024.1722363078004037
task (0,0,21,3): 0.440174 0.307034 = -1022.548001 in 1.124 secs
task (0,0,21,12): 0.437445 0.308509 = -1022.561321 in 1.124 secs
task (0,0,21,6): 0.431530 0.309797 = -1022.535186 in 1.126 secs
task (0,0,21,30): 0.437062 0.308811 = -1022.562484 in 1.128 secs
task (0,0,21,21): 0.439428 0.309143 = -1022.560529 in 1.146 secs
task (0,0,21,26): 0.437024 0.308605 = -1022.560900 in 1.147 secs
task (0,0,21,9): 0.440008 0.307380 = -1022.552109 in 1.165 secs
task (0,0,21,15): 0.434146 0.310880 = -1022.555405 in 1.646 secs
task (0,0,21,18): 0.437367 0.309123 = -1022.563625 in 1.654 secs
task (0,0,21,24): 0.438789 0.310206 = -1022.557874 in 1.671 secs
task (0,0,21,28): 0.435584 0.311514 = -1022.553039 in 1.676 secs
task (0,0,21,0): 0.433021 0.309980 = -1022.548479 in 1.944 secs
task (0,0,21,7): 0.433807 0.308239 = -1022.539471 in 1.102 secs
task (0,0,21,31): 0.431126 0.309724 = -1022.530604 in 1.116 secs
task (0,0,21,4): 0.440513 0.308202 = -1022.555996 in 1.125 secs
task (0,0,21,13): 0.436275 0.309330 = -1022.562459 in 1.129 secs
task (0,0,21,22): 0.440575 0.305125 = -1022.512782 in 1.147 secs
task (0,0,21,27): 0.436749 0.308828 = -1022.561576 in 1.153 secs
task (0,0,21,10): 0.439622 0.306967 = -1022.547018 in 1.146 secs
task (0,0,21,16): 0.433570 0.311675 = -1022.549663 in 1.634 secs
task (0,0,21,19): 0.433931 0.308448 = -1022.543517 in 1.637 secs
task (0,0,21,25): 0.434563 0.309189 = -1022.555383 in 1.646 secs
task (0,0,21,8): 0.440459 0.307259 = -1022.550007 in 1.091 secs
task (0,0,21,29): 0.434254 0.310643 = -1022.557447 in 1.646 secs
task (0,0,21,5): 0.436036 0.313417 = -1022.519881 in 1.116 secs
task (0,0,21,14): 0.438792 0.307753 = -1022.556318 in 1.115 secs
task (0,0,21,23): 0.439203 0.309782 = -1022.560074 in 1.127 secs
task (0,0,21,11): 0.436127 0.308544 = -1022.557987 in 1.119 secs
task (0,0,21,1): 0.434160 0.312345 = -1022.543187 in 1.639 secs
task (0,0,21,17): 0.441128 0.309295 = -1022.552482 in 1.271 secs
task (0,0,21,20): 0.434133 0.308680 = -1022.548480 in 1.266 secs
task (0,0,21,2): 0.439778 0.307442 = -1022.553097 in 1.036 secs
BEST @    21:        0.4464137077562104        0.2935724448648110    -1024.1722363078004037
task (0,0,22,6): 0.438287 0.309153 = -1022.563748 in 1.110 secs
task (0,0,22,30): 0.435658 0.309612 = -1022.562162 in 1.117 secs
task (0,0,22,3): 0.437085 0.308893 = -1022.562886 in 1.130 secs
task (0,0,22,12): 0.438396 0.308417 = -1022.561205 in 1.138 secs
task (0,0,22,21): 0.434379 0.308974 = -1022.552490 in 1.153 secs
task (0,0,22,9): 0.438242 0.311067 = -1022.552396 in 1.156 secs
task (0,0,22,26): 0.439763 0.307250 = -1022.550983 in 1.156 secs
task (0,0,22,15): 0.436983 0.309706 = -1022.564276 in 1.636 secs
task (0,0,22,18): 0.437149 0.307819 = -1022.554204 in 1.644 secs
task (0,0,22,24): 0.435250 0.309642 = -1022.560790 in 1.665 secs
task (0,0,22,28): 0.440240 0.308786 = -1022.558334 in 1.669 secs
task (0,0,22,0): 0.437553 0.309163 = -1022.564428 in 1.941 secs
task (0,0,22,7): 0.438515 0.309288 = -1022.563517 in 1.103 secs
task (0,0,22,31): 0.439198 0.307243 = -1022.551002 in 1.116 secs
task (0,0,22,4): 0.437582 0.308624 = -1022.562357 in 1.129 secs
task (0,0,22,13): 0.438560 0.310028 = -1022.561177 in 1.129 secs
task (0,0,22,22): 0.439091 0.307092 = -1022.549146 in 1.146 secs
task (0,0,22,10): 0.437220 0.309773 = -1022.564810 in 1.147 secs
task (0,0,22,27): 0.437419 0.310161 = -1022.563364 in 1.149 secs
task (0,0,22,16): 0.439828 0.308998 = -1022.559822 in 1.626 secs
task (0,0,22,19): 0.437700 0.308180 = -1022.559321 in 1.629 secs
task (0,0,22,8): 0.439326 0.308021 = -1022.558266 in 1.092 secs
task (0,0,22,25): 0.436491 0.309314 = -1022.563723 in 1.644 secs
task (0,0,22,29): 0.439394 0.307629 = -1022.555176 in 1.644 secs
task (0,0,22,5): 0.437822 0.309296 = -1022.564317 in 1.116 secs
task (0,0,22,14): 0.436651 0.307529 = -1022.548090 in 1.111 secs
task (0,0,22,11): 0.439283 0.309193 = -1022.561550 in 1.121 secs
task (0,0,22,23): 0.437962 0.308613 = -1022.562326 in 1.125 secs
task (0,0,22,1): 0.436245 0.309336 = -1022.563050 in 1.638 secs
task (0,0,22,17): 0.435324 0.309079 = -1022.558632 in 1.277 secs
task (0,0,22,20): 0.435470 0.309059 = -1022.559143 in 1.274 secs
task (0,0,22,2): 0.438342 0.309151 = -1022.563684 in 1.039 secs
BEST @    22:        0.4464137077562104        0.2935724448648110    -1024.1722363078004037
task (0,0,23,6): 0.439726 0.308698 = -1022.560049 in 1.114 secs
task (0,0,23,30): 0.437406 0.309902 = -1022.563795 in 1.117 secs
task (0,0,23,3): 0.439378 0.309445 = -1022.560542 in 1.133 secs
task (0,0,23,12): 0.437529 0.309663 = -1022.564203 in 1.136 secs
task (0,0,23,9): 0.435980 0.309673 = -1022.563001 in 1.147 secs
task (0,0,23,21): 0.436109 0.310659 = -1022.560729 in 1.151 secs
task (0,0,23,26): 0.439353 0.308744 = -1022.561194 in 1.156 secs
task (0,0,23,15): 0.437086 0.307817 = -1022.553537 in 1.630 secs
task (0,0,23,18): 0.437091 0.310073 = -1022.563404 in 1.641 secs
task (0,0,23,24): 0.437342 0.309217 = -1022.564014 in 1.671 secs
task (0,0,23,28): 0.435424 0.309269 = -1022.560026 in 1.672 secs
task (0,0,23,0): 0.437920 0.309265 = -1022.564286 in 1.947 secs
task (0,0,23,7): 0.436369 0.308925 = -1022.561427 in 1.100 secs
task (0,0,23,31): 0.437999 0.308686 = -1022.562838 in 1.113 secs
task (0,0,23,4): 0.435793 0.309755 = -1022.562931 in 1.121 secs
task (0,0,23,13): 0.436418 0.308926 = -1022.561730 in 1.124 secs
task (0,0,23,10): 0.436691 0.309397 = -1022.564143 in 1.142 secs
task (0,0,23,22): 0.436163 0.309041 = -1022.561899 in 1.145 secs
task (0,0,23,27): 0.437892 0.309896 = -1022.563662 in 1.148 secs
task (0,0,23,16): 0.436995 0.308984 = -1022.563140 in 1.625 secs
task (0,0,23,19): 0.436561 0.309250 = -1022.563367 in 1.631 secs
task (0,0,23,8): 0.440010 0.308592 = -1022.558465 in 1.091 secs
task (0,0,23,25): 0.438591 0.308286 = -1022.560151 in 1.651 secs
task (0,0,23,29): 0.437383 0.309882 = -1022.563358 in 1.650 secs
task (0,0,23,5): 0.437140 0.308709 = -1022.561939 in 1.115 secs
task (0,0,23,14): 0.436078 0.309584 = -1022.563142 in 1.112 secs
task (0,0,23,11): 0.435661 0.309618 = -1022.562339 in 1.123 secs
task (0,0,23,23): 0.435301 0.310739 = -1022.559998 in 1.128 secs
task (0,0,23,1): 0.435841 0.309530 = -1022.562406 in 1.638 secs
task (0,0,23,17): 0.437093 0.308610 = -1022.560955 in 1.271 secs
task (0,0,23,20): 0.437698 0.308171 = -1022.558729 in 1.264 secs
task (0,0,23,2): 0.437931 0.309348 = -1022.564189 in 1.027 secs
BEST @    23:        0.4464137077562104        0.2935724448648110    -1024.1722363078004037
task (0,0,24,6): 0.436795 0.309414 = -1022.564111 in 1.105 secs
task (0,0,24,30): 0.438138 0.308767 = -1022.563064 in 1.115 secs
task (0,0,24,12): 0.438023 0.308763 = -1022.563085 in 1.128 secs
task (0,0,24,3): 0.438099 0.309622 = -1022.563633 in 1.128 secs
task (0,0,24,9): 0.436896 0.310459 = -1022.561719 in 1.146 secs
task (0,0,24,21): 0.436696 0.309644 = -1022.564075 in 1.151 secs
task (0,0,24,26): 0.437132 0.309131 = -1022.563815 in 1.153 secs
task (0,0,24,15): 0.438139 0.309217 = -1022.564022 in 1.646 secs
task (0,0,24,18): 0.436984 0.309206 = -1022.563979 in 1.652 secs
task (0,0,24,28): 0.437219 0.310241 = -1022.562782 in 1.680 secs
task (0,0,24,24): 0.437438 0.309748 = -1022.564238 in 1.682 secs
task (0,0,24,0): 0.438018 0.308440 = -1022.561551 in 1.948 secs
task (0,0,24,7): 0.439220 0.308633 = -1022.561022 in 1.103 secs
task (0,0,24,31): 0.435929 0.309331 = -1022.561890 in 1.117 secs
task (0,0,24,13): 0.437640 0.308825 = -1022.563194 in 1.127 secs
task (0,0,24,4): 0.437986 0.309164 = -1022.564065 in 1.129 secs
task (0,0,24,10): 0.437739 0.309697 = -1022.564113 in 1.149 secs
task (0,0,24,22): 0.437328 0.309787 = -1022.564363 in 1.156 secs
task (0,0,24,27): 0.437172 0.310095 = -1022.563630 in 1.156 secs
task (0,0,24,16): 0.437889 0.308921 = -1022.563462 in 1.633 secs
task (0,0,24,19): 0.437255 0.310143 = -1022.563161 in 1.637 secs
task (0,0,24,8): 0.436256 0.309024 = -1022.561614 in 1.092 secs
task (0,0,24,29): 0.436431 0.309566 = -1022.563808 in 1.656 secs
task (0,0,24,25): 0.438071 0.309108 = -1022.563828 in 1.656 secs
task (0,0,24,14): 0.437840 0.309115 = -1022.563899 in 1.108 secs
task (0,0,24,5): 0.436838 0.309923 = -1022.563980 in 1.116 secs
task (0,0,24,11): 0.436385 0.309510 = -1022.563705 in 1.120 secs
task (0,0,24,23): 0.437047 0.309651 = -1022.564429 in 1.123 secs
task (0,0,24,1): 0.439092 0.308724 = -1022.561825 in 1.651 secs
task (0,0,24,17): 0.436587 0.309910 = -1022.563760 in 1.333 secs
task (0,0,24,20): 0.438080 0.309053 = -1022.563576 in 1.331 secs
task (0,0,24,2): 0.437426 0.309757 = -1022.564153 in 1.088 secs
BEST @    24:        0.4464137077562104        0.2935724448648110    -1024.1722363078004037
task (0,0,25,6): 0.436670 0.309612 = -1022.564152 in 1.105 secs
task (0,0,25,30): 0.436699 0.309690 = -1022.564173 in 1.119 secs
task (0,0,25,12): 0.436340 0.309666 = -1022.563728 in 1.130 secs
task (0,0,25,3): 0.438022 0.309756 = -1022.563367 in 1.131 secs
task (0,0,25,21): 0.437477 0.309693 = -1022.564199 in 1.153 secs
task (0,0,25,9): 0.437530 0.309432 = -1022.564361 in 1.154 secs
task (0,0,25,26): 0.436895 0.309096 = -1022.563449 in 1.157 secs
task (0,0,25,15): 0.436614 0.309538 = -1022.563977 in 1.641 secs
task (0,0,25,18): 0.436808 0.309596 = -1022.564200 in 1.647 secs
task (0,0,25,24): 0.437440 0.309804 = -1022.563994 in 1.674 secs
task (0,0,25,28): 0.437711 0.309487 = -1022.564281 in 1.675 secs
task (0,0,25,0): 0.437696 0.309986 = -1022.563141 in 1.965 secs
task (0,0,25,7): 0.437210 0.309790 = -1022.564266 in 1.101 secs
task (0,0,25,31): 0.436391 0.309294 = -1022.563145 in 1.113 secs
task (0,0,25,13): 0.436882 0.309902 = -1022.563857 in 1.121 secs
task (0,0,25,4): 0.436750 0.309246 = -1022.563534 in 1.128 secs
task (0,0,25,10): 0.437311 0.309563 = -1022.564364 in 1.146 secs
task (0,0,25,22): 0.437497 0.309696 = -1022.564131 in 1.149 secs
task (0,0,25,27): 0.435976 0.309702 = -1022.563045 in 1.151 secs
task (0,0,25,16): 0.437892 0.309004 = -1022.563660 in 1.627 secs
task (0,0,25,19): 0.437881 0.309647 = -1022.563876 in 1.630 secs
task (0,0,25,8): 0.436765 0.309767 = -1022.564158 in 1.090 secs
task (0,0,25,25): 0.437620 0.309656 = -1022.564241 in 1.647 secs
task (0,0,25,29): 0.436663 0.309974 = -1022.563846 in 1.648 secs
task (0,0,25,14): 0.437751 0.309229 = -1022.564162 in 1.100 secs
task (0,0,25,5): 0.437263 0.310027 = -1022.563541 in 1.108 secs
task (0,0,25,11): 0.437732 0.309028 = -1022.563713 in 1.115 secs
task (0,0,25,23): 0.437413 0.309972 = -1022.563537 in 1.121 secs
task (0,0,25,1): 0.436137 0.310272 = -1022.562741 in 1.629 secs
task (0,0,25,17): 0.437585 0.309828 = -1022.564055 in 1.275 secs
task (0,0,25,20): 0.437196 0.310328 = -1022.562508 in 1.273 secs
task (0,0,25,2): 0.437472 0.309617 = -1022.564348 in 1.037 secs
BEST @    25:        0.4464137077562104        0.2935724448648110    -1024.1722363078004037
task (0,0,26,6): 0.437504 0.309580 = -1022.564317 in 1.117 secs
task (0,0,26,30): 0.437421 0.309631 = -1022.564362 in 1.117 secs
task (0,0,26,3): 0.437302 0.309642 = -1022.564338 in 1.124 secs
task (0,0,26,12): 0.437358 0.309801 = -1022.564094 in 1.127 secs
task (0,0,26,26): 0.437431 0.309815 = -1022.564000 in 1.157 secs
task (0,0,26,9): 0.437659 0.309569 = -1022.564259 in 1.163 secs
task (0,0,26,21): 0.437682 0.309640 = -1022.564139 in 1.172 secs
task (0,0,26,15): 0.437696 0.309343 = -1022.564311 in 1.645 secs
task (0,0,26,18): 0.437087 0.309620 = -1022.564383 in 1.653 secs
task (0,0,26,24): 0.437423 0.309698 = -1022.564249 in 1.679 secs
task (0,0,26,28): 0.437003 0.309560 = -1022.564372 in 1.679 secs
task (0,0,26,0): 0.436799 0.309615 = -1022.564255 in 1.939 secs
task (0,0,26,7): 0.437228 0.309727 = -1022.564311 in 1.101 secs
task (0,0,26,31): 0.437046 0.309787 = -1022.564245 in 1.107 secs
task (0,0,26,13): 0.437917 0.309595 = -1022.563967 in 1.116 secs
task (0,0,26,4): 0.437233 0.309394 = -1022.564374 in 1.119 secs
task (0,0,26,27): 0.437019 0.309650 = -1022.564352 in 1.145 secs
task (0,0,26,10): 0.437315 0.309759 = -1022.564211 in 1.140 secs
task (0,0,26,22): 0.437216 0.309785 = -1022.564219 in 1.145 secs
task (0,0,26,16): 0.437226 0.309697 = -1022.564369 in 1.626 secs
task (0,0,26,19): 0.437705 0.309608 = -1022.564209 in 1.629 secs
task (0,0,26,8): 0.437196 0.309884 = -1022.564048 in 1.092 secs
task (0,0,26,25): 0.437185 0.309664 = -1022.564379 in 1.645 secs
task (0,0,26,29): 0.437217 0.309694 = -1022.564347 in 1.646 secs
task (0,0,26,14): 0.437693 0.309525 = -1022.564316 in 1.104 secs
task (0,0,26,5): 0.437739 0.309691 = -1022.564006 in 1.112 secs
task (0,0,26,11): 0.437173 0.309849 = -1022.564152 in 1.114 secs
task (0,0,26,23): 0.437545 0.309562 = -1022.564384 in 1.120 secs
task (0,0,26,1): 0.437230 0.309565 = -1022.564423 in 1.639 secs
task (0,0,26,17): 0.436775 0.309677 = -1022.564271 in 1.273 secs
task (0,0,26,20): 0.437271 0.309443 = -1022.564439 in 1.268 secs
task (0,0,26,2): 0.436810 0.309465 = -1022.564191 in 1.034 secs
BEST @    26:        0.4464137077562104        0.2935724448648110    -1024.1722363078004037
task (0,0,27,6): 0.437204 0.309556 = -1022.564443 in 1.115 secs
task (0,0,27,30): 0.437414 0.309616 = -1022.564423 in 1.117 secs
task (0,0,27,12): 0.437306 0.309672 = -1022.564359 in 1.130 secs
task (0,0,27,3): 0.437208 0.309702 = -1022.564321 in 1.136 secs
task (0,0,27,9): 0.437470 0.309525 = -1022.564445 in 1.158 secs
task (0,0,27,26): 0.437661 0.309691 = -1022.564130 in 1.159 secs
task (0,0,27,21): 0.437597 0.309305 = -1022.564399 in 1.159 secs
task (0,0,27,15): 0.437594 0.309348 = -1022.564451 in 1.651 secs
task (0,0,27,18): 0.437323 0.309549 = -1022.564558 in 1.655 secs
task (0,0,27,24): 0.437530 0.309539 = -1022.564448 in 1.675 secs
task (0,0,27,28): 0.437404 0.309624 = -1022.564440 in 1.676 secs
task (0,0,27,0): 0.437129 0.309528 = -1022.564545 in 1.929 secs
task (0,0,27,7): 0.437647 0.309578 = -1022.564314 in 1.103 secs
task (0,0,27,31): 0.437465 0.309376 = -1022.564416 in 1.111 secs
task (0,0,27,13): 0.437327 0.309728 = -1022.564296 in 1.121 secs
task (0,0,27,4): 0.437454 0.309657 = -1022.564334 in 1.126 secs
task (0,0,27,10): 0.436995 0.309640 = -1022.564345 in 1.144 secs
task (0,0,27,27): 0.437434 0.309351 = -1022.564385 in 1.150 secs
task (0,0,27,22): 0.437343 0.309668 = -1022.564376 in 1.151 secs
task (0,0,27,16): 0.437117 0.309577 = -1022.564434 in 1.635 secs
task (0,0,27,19): 0.437445 0.309436 = -1022.564429 in 1.640 secs
task (0,0,27,8): 0.437635 0.309542 = -1022.564317 in 1.095 secs
task (0,0,27,25): 0.437634 0.309620 = -1022.564227 in 1.652 secs
task (0,0,27,29): 0.437276 0.309536 = -1022.564443 in 1.653 secs
task (0,0,27,14): 0.437123 0.309579 = -1022.564403 in 1.107 secs
task (0,0,27,5): 0.437211 0.309566 = -1022.564422 in 1.114 secs
task (0,0,27,11): 0.437167 0.309608 = -1022.564447 in 1.121 secs
task (0,0,27,23): 0.437134 0.309594 = -1022.564447 in 1.124 secs
task (0,0,27,1): 0.437044 0.309610 = -1022.564385 in 1.655 secs
task (0,0,27,17): 0.437514 0.309534 = -1022.564400 in 1.276 secs
task (0,0,27,20): 0.437473 0.309372 = -1022.564394 in 1.272 secs
task (0,0,27,2): 0.436888 0.309452 = -1022.564252 in 1.037 secs
BEST @    27:        0.4464137077562104        0.2935724448648110    -1024.1722363078004037
task (0,0,28,6): 0.437361 0.309449 = -1022.564456 in 1.107 secs
task (0,0,28,30): 0.437350 0.309650 = -1022.564363 in 1.118 secs
task (0,0,28,3): 0.437630 0.309434 = -1022.564399 in 1.122 secs
task (0,0,28,12): 0.437456 0.309428 = -1022.564446 in 1.125 secs
task (0,0,28,9): 0.437065 0.309650 = -1022.564393 in 1.151 secs
task (0,0,28,26): 0.437414 0.309481 = -1022.564470 in 1.158 secs
task (0,0,28,21): 0.437137 0.309430 = -1022.564417 in 1.161 secs
task (0,0,28,15): 0.437136 0.309686 = -1022.564372 in 1.646 secs
task (0,0,28,18): 0.437067 0.309612 = -1022.564410 in 1.651 secs
task (0,0,28,24): 0.437199 0.309448 = -1022.564450 in 1.671 secs
task (0,0,28,28): 0.437264 0.309504 = -1022.564480 in 1.674 secs
task (0,0,28,0): 0.437181 0.309573 = -1022.564439 in 1.952 secs
task (0,0,28,7): 0.437192 0.309645 = -1022.564425 in 1.100 secs
task (0,0,28,31): 0.437141 0.309475 = -1022.564442 in 1.108 secs
task (0,0,28,4): 0.436994 0.309640 = -1022.564375 in 1.122 secs
task (0,0,28,13): 0.437332 0.309640 = -1022.564386 in 1.121 secs
task (0,0,28,10): 0.437353 0.309629 = -1022.564385 in 1.139 secs
task (0,0,28,27): 0.437278 0.309570 = -1022.564422 in 1.145 secs
task (0,0,28,22): 0.437381 0.309491 = -1022.564424 in 1.143 secs
task (0,0,28,16): 0.437344 0.309532 = -1022.564447 in 1.626 secs
task (0,0,28,19): 0.437337 0.309466 = -1022.564438 in 1.630 secs
task (0,0,28,8): 0.437185 0.309564 = -1022.564457 in 1.091 secs
task (0,0,28,25): 0.437406 0.309421 = -1022.564428 in 1.642 secs
task (0,0,28,29): 0.437341 0.309615 = -1022.564423 in 1.643 secs
task (0,0,28,14): 0.437645 0.309559 = -1022.564337 in 1.105 secs
task (0,0,28,5): 0.437339 0.309503 = -1022.564481 in 1.113 secs
task (0,0,28,11): 0.437237 0.309502 = -1022.564455 in 1.117 secs
task (0,0,28,23): 0.437427 0.309421 = -1022.564427 in 1.121 secs
task (0,0,28,1): 0.437308 0.309525 = -1022.564461 in 1.636 secs
task (0,0,28,17): 0.437297 0.309452 = -1022.564443 in 1.271 secs
task (0,0,28,20): 0.437183 0.309580 = -1022.564448 in 1.267 secs
task (0,0,28,2): 0.437322 0.309553 = -1022.564447 in 1.036 secs
BEST @    28:        0.4464137077562104        0.2935724448648110    -1024.1722363078004037
task (0,0,29,6): 0.437264 0.309653 = -1022.564373 in 1.110 secs
task (0,0,29,3): 0.437484 0.309366 = -1022.564418 in 1.118 secs
task (0,0,29,12): 0.437194 0.309556 = -1022.564448 in 1.118 secs
task (0,0,29,9): 0.437519 0.309568 = -1022.564399 in 1.140 secs
task (0,0,29,30): 0.437474 0.309412 = -1022.564443 in 1.140 secs
task (0,0,29,26): 0.437605 0.309453 = -1022.564409 in 1.144 secs
task (0,0,29,21): 0.437227 0.309601 = -1022.564445 in 1.167 secs
task (0,0,29,15): 0.437145 0.309564 = -1022.564459 in 1.640 secs
task (0,0,29,18): 0.437434 0.309599 = -1022.564406 in 1.646 secs
task (0,0,29,24): 0.437291 0.309382 = -1022.564444 in 1.673 secs
task (0,0,29,28): 0.437514 0.309462 = -1022.564498 in 1.674 secs
task (0,0,29,0): 0.437200 0.309474 = -1022.564486 in 1.947 secs
task (0,0,29,7): 0.437586 0.309411 = -1022.564389 in 1.104 secs
task (0,0,29,4): 0.437119 0.309480 = -1022.564431 in 1.130 secs
task (0,0,29,13): 0.437292 0.309549 = -1022.564460 in 1.134 secs
task (0,0,29,31): 0.437502 0.309470 = -1022.564420 in 1.114 secs
task (0,0,29,10): 0.437400 0.309450 = -1022.564450 in 1.144 secs
task (0,0,29,27): 0.437253 0.309472 = -1022.564467 in 1.153 secs
task (0,0,29,22): 0.437429 0.309495 = -1022.564456 in 1.152 secs
task (0,0,29,16): 0.437283 0.309432 = -1022.564436 in 1.635 secs
task (0,0,29,19): 0.437222 0.309546 = -1022.564462 in 1.636 secs
task (0,0,29,8): 0.437587 0.309519 = -1022.564375 in 1.095 secs
task (0,0,29,29): 0.437329 0.309502 = -1022.564472 in 1.657 secs
task (0,0,29,25): 0.437529 0.309413 = -1022.564440 in 1.658 secs
task (0,0,29,14): 0.437170 0.309606 = -1022.564447 in 1.107 secs
task (0,0,29,5): 0.437447 0.309667 = -1022.564328 in 1.115 secs
task (0,0,29,11): 0.437305 0.309546 = -1022.564451 in 1.121 secs
task (0,0,29,23): 0.437491 0.309511 = -1022.564413 in 1.121 secs
task (0,0,29,1): 0.437328 0.309579 = -1022.564439 in 1.648 secs
task (0,0,29,17): 0.437232 0.309507 = -1022.564462 in 1.274 secs
task (0,0,29,20): 0.437420 0.309596 = -1022.564414 in 1.271 secs
task (0,0,29,2): 0.437382 0.309543 = -1022.564441 in 1.034 secs
BEST @    29:        0.4464137077562104        0.2935724448648110    -1024.1722363078004037
task (0,0,30,6): 0.437208 0.309477 = -1022.564429 in 1.107 secs
task (0,0,30,30): 0.437265 0.309510 = -1022.564440 in 1.115 secs
task (0,0,30,3): 0.437249 0.309426 = -1022.564439 in 1.119 secs
task (0,0,30,12): 0.437181 0.309630 = -1022.564408 in 1.127 secs
task (0,0,30,9): 0.437435 0.309575 = -1022.564402 in 1.147 secs
task (0,0,30,26): 0.437270 0.309485 = -1022.564460 in 1.149 secs
task (0,0,30,21): 0.437331 0.309496 = -1022.564458 in 1.154 secs
task (0,0,30,15): 0.437365 0.309513 = -1022.564455 in 1.641 secs
task (0,0,30,18): 0.437324 0.309566 = -1022.564442 in 1.647 secs
task (0,0,30,28): 0.437225 0.309536 = -1022.564450 in 1.672 secs
task (0,0,30,24): 0.437251 0.309496 = -1022.564461 in 1.673 secs
task (0,0,30,0): 0.437470 0.309429 = -1022.564470 in 1.952 secs
task (0,0,30,7): 0.437383 0.309524 = -1022.564471 in 1.102 secs
task (0,0,30,31): 0.437168 0.309572 = -1022.564460 in 1.112 secs
task (0,0,30,4): 0.437135 0.309432 = -1022.564384 in 1.128 secs
task (0,0,30,13): 0.437358 0.309351 = -1022.564369 in 1.123 secs
task (0,0,30,10): 0.437358 0.309526 = -1022.564454 in 1.139 secs
task (0,0,30,27): 0.437259 0.309500 = -1022.564454 in 1.147 secs
task (0,0,30,22): 0.437338 0.309564 = -1022.564450 in 1.148 secs
task (0,0,30,16): 0.437186 0.309450 = -1022.564407 in 1.623 secs
task (0,0,30,19): 0.437501 0.309459 = -1022.564426 in 1.628 secs
task (0,0,30,8): 0.437254 0.309485 = -1022.564452 in 1.093 secs
task (0,0,30,25): 0.437307 0.309498 = -1022.564449 in 1.647 secs
task (0,0,30,29): 0.436993 0.309496 = -1022.564351 in 1.649 secs
task (0,0,30,14): 0.437246 0.309485 = -1022.564445 in 1.107 secs
task (0,0,30,5): 0.437324 0.309502 = -1022.564453 in 1.117 secs
task (0,0,30,11): 0.437384 0.309383 = -1022.564412 in 1.121 secs
task (0,0,30,23): 0.437204 0.309527 = -1022.564465 in 1.125 secs
task (0,0,30,1): 0.437139 0.309512 = -1022.564433 in 1.634 secs
task (0,0,30,17): 0.437275 0.309511 = -1022.564448 in 1.275 secs
task (0,0,30,20): 0.437559 0.309429 = -1022.564395 in 1.271 secs
task (0,0,30,2): 0.437253 0.309490 = -1022.564457 in 1.031 secs
BEST @    30:        0.4464137077562104        0.2935724448648110    -1024.1722363078004037
task (0,0,31,6): 0.437357 0.309461 = -1022.564460 in 1.109 secs
task (0,0,31,12): 0.437248 0.309544 = -1022.564451 in 1.121 secs
task (0,0,31,30): 0.437253 0.309507 = -1022.564457 in 1.122 secs
task (0,0,31,3): 0.437314 0.309478 = -1022.564460 in 1.124 secs
task (0,0,31,26): 0.437272 0.309555 = -1022.564447 in 1.148 secs
task (0,0,31,9): 0.437274 0.309508 = -1022.564461 in 1.156 secs
task (0,0,31,21): 0.437240 0.309476 = -1022.564453 in 1.165 secs
task (0,0,31,15): 0.437329 0.309499 = -1022.564454 in 1.644 secs
task (0,0,31,18): 0.437240 0.309510 = -1022.564443 in 1.648 secs
task (0,0,31,24): 0.437235 0.309510 = -1022.564450 in 1.677 secs
task (0,0,31,28): 0.437385 0.309477 = -1022.564451 in 1.678 secs
task (0,0,31,0): 0.437338 0.309461 = -1022.564448 in 1.949 secs
task (0,0,31,7): 0.437273 0.309490 = -1022.564467 in 1.106 secs
task (0,0,31,31): 0.437400 0.309516 = -1022.564464 in 1.111 secs
task (0,0,31,13): 0.437326 0.309498 = -1022.564465 in 1.123 secs
task (0,0,31,4): 0.437354 0.309552 = -1022.564446 in 1.128 secs
task (0,0,31,27): 0.437322 0.309470 = -1022.564464 in 1.152 secs
task (0,0,31,10): 0.437285 0.309494 = -1022.564471 in 1.147 secs
task (0,0,31,22): 0.437297 0.309479 = -1022.564463 in 1.154 secs
task (0,0,31,16): 0.437199 0.309515 = -1022.564444 in 1.635 secs
task (0,0,31,19): 0.437317 0.309466 = -1022.564443 in 1.637 secs
task (0,0,31,8): 0.437401 0.309459 = -1022.564437 in 1.098 secs
task (0,0,31,25): 0.437412 0.309493 = -1022.564452 in 1.658 secs
task (0,0,31,29): 0.437444 0.309441 = -1022.564448 in 1.657 secs
task (0,0,31,14): 0.437365 0.309506 = -1022.564447 in 1.111 secs
task (0,0,31,5): 0.437290 0.309519 = -1022.564453 in 1.119 secs
task (0,0,31,11): 0.437479 0.309435 = -1022.564422 in 1.122 secs
task (0,0,31,23): 0.437240 0.309555 = -1022.564452 in 1.127 secs
task (0,0,31,1): 0.437387 0.309572 = -1022.564425 in 1.640 secs
task (0,0,31,17): 0.437423 0.309479 = -1022.564436 in 1.269 secs
task (0,0,31,20): 0.437361 0.309522 = -1022.564445 in 1.268 secs
task (0,0,31,2): 0.437195 0.309543 = -1022.564448 in 1.032 secs
BEST @    31:        0.4464137077562104        0.2935724448648110    -1024.1722363078004037
task (0,0,32,6): 0.437318 0.309483 = -1022.564462 in 1.107 secs
task (0,0,32,30): 0.437327 0.309484 = -1022.564454 in 1.116 secs
task (0,0,32,12): 0.437273 0.309521 = -1022.564458 in 1.123 secs
task (0,0,32,3): 0.437251 0.309514 = -1022.564457 in 1.130 secs
task (0,0,32,9): 0.437271 0.309488 = -1022.564457 in 1.144 secs
task (0,0,32,26): 0.437349 0.309467 = -1022.564458 in 1.152 secs
task (0,0,32,21): 0.437297 0.309523 = -1022.564448 in 1.154 secs
task (0,0,32,15): 0.437264 0.309504 = -1022.564460 in 1.645 secs
task (0,0,32,18): 0.437274 0.309483 = -1022.564459 in 1.650 secs
task (0,0,32,24): 0.437387 0.309490 = -1022.564454 in 1.671 secs
task (0,0,32,28): 0.437211 0.309514 = -1022.564453 in 1.672 secs
task (0,0,32,0): 0.437382 0.309472 = -1022.564460 in 1.936 secs
task (0,0,32,7): 0.437315 0.309523 = -1022.564457 in 1.104 secs
task (0,0,32,31): 0.437352 0.309461 = -1022.564456 in 1.114 secs
task (0,0,32,13): 0.437310 0.309495 = -1022.564468 in 1.122 secs
task (0,0,32,4): 0.437266 0.309569 = -1022.564465 in 1.126 secs
task (0,0,32,10): 0.437319 0.309473 = -1022.564460 in 1.142 secs
task (0,0,32,27): 0.437342 0.309498 = -1022.564466 in 1.148 secs
task (0,0,32,22): 0.437378 0.309516 = -1022.564461 in 1.149 secs
task (0,0,32,16): 0.437285 0.309511 = -1022.564464 in 1.631 secs
task (0,0,32,19): 0.437272 0.309500 = -1022.564463 in 1.634 secs
task (0,0,32,8): 0.437259 0.309501 = -1022.564454 in 1.094 secs
task (0,0,32,25): 0.437312 0.309497 = -1022.564458 in 1.652 secs
task (0,0,32,29): 0.437407 0.309472 = -1022.564446 in 1.652 secs
task (0,0,32,14): 0.437278 0.309479 = -1022.564447 in 1.104 secs
task (0,0,32,5): 0.437263 0.309477 = -1022.564442 in 1.115 secs
task (0,0,32,11): 0.437364 0.309529 = -1022.564451 in 1.120 secs
task (0,0,32,23): 0.437289 0.309539 = -1022.564458 in 1.123 secs
task (0,0,32,1): 0.437214 0.309490 = -1022.564449 in 1.645 secs
task (0,0,32,17): 0.437428 0.309504 = -1022.564445 in 1.269 secs
task (0,0,32,20): 0.437325 0.309511 = -1022.564459 in 1.266 secs
task (0,0,32,2): 0.437228 0.309510 = -1022.564455 in 1.038 secs
BEST @    32:        0.4464137077562104        0.2935724448648110    -1024.1722363078004037
task (0,0,33,6): 0.437269 0.309508 = -1022.564459 in 1.103 secs
task (0,0,33,12): 0.437223 0.309492 = -1022.564453 in 1.121 secs
task (0,0,33,30): 0.437344 0.309533 = -1022.564451 in 1.122 secs
task (0,0,33,3): 0.437332 0.309544 = -1022.564455 in 1.124 secs
task (0,0,33,9): 0.437353 0.309486 = -1022.564460 in 1.150 secs
task (0,0,33,26): 0.437292 0.309506 = -1022.564460 in 1.155 secs
task (0,0,33,21): 0.437297 0.309463 = -1022.564460 in 1.159 secs
task (0,0,33,15): 0.437362 0.309481 = -1022.564462 in 1.640 secs
task (0,0,33,18): 0.437305 0.309484 = -1022.564466 in 1.646 secs
task (0,0,33,24): 0.437270 0.309563 = -1022.564444 in 1.662 secs
task (0,0,33,28): 0.437244 0.309491 = -1022.564458 in 1.665 secs
task (0,0,33,0): 0.437228 0.309524 = -1022.564473 in 1.957 secs
task (0,0,33,7): 0.437298 0.309497 = -1022.564469 in 1.102 secs
task (0,0,33,31): 0.437300 0.309502 = -1022.564470 in 1.111 secs
task (0,0,33,13): 0.437210 0.309514 = -1022.564464 in 1.128 secs
task (0,0,33,4): 0.437314 0.309487 = -1022.564470 in 1.126 secs
task (0,0,33,10): 0.437267 0.309524 = -1022.564467 in 1.144 secs
task (0,0,33,27): 0.437361 0.309501 = -1022.564472 in 1.150 secs
task (0,0,33,22): 0.437268 0.309520 = -1022.564474 in 1.150 secs
task (0,0,33,16): 0.437294 0.309542 = -1022.564476 in 1.635 secs
task (0,0,33,19): 0.437312 0.309472 = -1022.564470 in 1.639 secs
task (0,0,33,8): 0.437290 0.309549 = -1022.564463 in 1.097 secs
task (0,0,33,25): 0.437380 0.309470 = -1022.564466 in 1.647 secs
task (0,0,33,29): 0.437328 0.309451 = -1022.564462 in 1.649 secs
task (0,0,33,14): 0.437267 0.309564 = -1022.564451 in 1.109 secs
task (0,0,33,5): 0.437258 0.309494 = -1022.564463 in 1.119 secs
task (0,0,33,11): 0.437261 0.309498 = -1022.564458 in 1.123 secs
task (0,0,33,23): 0.437375 0.309475 = -1022.564452 in 1.127 secs
task (0,0,33,1): 0.437298 0.309550 = -1022.564457 in 1.639 secs
task (0,0,33,17): 0.437272 0.309490 = -1022.564462 in 1.273 secs
task (0,0,33,20): 0.437267 0.309527 = -1022.564466 in 1.270 secs
task (0,0,33,2): 0.437312 0.309505 = -1022.564460 in 1.032 secs
BEST @    33:        0.4464137077562104        0.2935724448648110    -1024.1722363078004037
task (0,0,34,12): 0.437305 0.309495 = -1022.564460 in 1.114 secs
task (0,0,34,6): 0.437285 0.309474 = -1022.564460 in 1.116 secs
task (0,0,34,3): 0.437263 0.309540 = -1022.564461 in 1.125 secs
task (0,0,34,30): 0.437266 0.309564 = -1022.564446 in 1.128 secs
task (0,0,34,26): 0.437249 0.309518 = -1022.564459 in 1.152 secs
task (0,0,34,9): 0.437243 0.309519 = -1022.564460 in 1.160 secs
task (0,0,34,21): 0.437249 0.309479 = -1022.564460 in 1.168 secs
task (0,0,34,15): 0.437320 0.309512 = -1022.564464 in 1.649 secs
task (0,0,34,18): 0.437180 0.309543 = -1022.564451 in 1.652 secs
task (0,0,34,24): 0.437362 0.309495 = -1022.564464 in 1.670 secs
task (0,0,34,28): 0.437331 0.309531 = -1022.564458 in 1.672 secs
task (0,0,34,0): 0.437296 0.309465 = -1022.564464 in 1.952 secs
task (0,0,34,7): 0.437273 0.309524 = -1022.564476 in 1.106 secs
task (0,0,34,13): 0.437295 0.309524 = -1022.564461 in 1.121 secs
task (0,0,34,31): 0.437278 0.309509 = -1022.564459 in 1.113 secs
task (0,0,34,4): 0.437371 0.309493 = -1022.564455 in 1.130 secs
task (0,0,34,10): 0.437248 0.309513 = -1022.564459 in 1.142 secs
task (0,0,34,27): 0.437331 0.309493 = -1022.564459 in 1.151 secs
task (0,0,34,22): 0.437386 0.309509 = -1022.564455 in 1.148 secs
task (0,0,34,16): 0.437310 0.309518 = -1022.564462 in 1.628 secs
task (0,0,34,19): 0.437365 0.309457 = -1022.564451 in 1.634 secs
task (0,0,34,8): 0.437293 0.309516 = -1022.564467 in 1.091 secs
task (0,0,34,25): 0.437305 0.309538 = -1022.564463 in 1.647 secs
task (0,0,34,29): 0.437265 0.309515 = -1022.564463 in 1.648 secs
task (0,0,34,14): 0.437234 0.309494 = -1022.564455 in 1.103 secs
task (0,0,34,5): 0.437226 0.309532 = -1022.564463 in 1.112 secs
task (0,0,34,11): 0.437220 0.309498 = -1022.564458 in 1.115 secs
task (0,0,34,23): 0.437365 0.309465 = -1022.564456 in 1.119 secs
task (0,0,34,1): 0.437238 0.309500 = -1022.564460 in 1.643 secs
task (0,0,34,17): 0.437250 0.309538 = -1022.564459 in 1.265 secs
task (0,0,34,20): 0.437305 0.309478 = -1022.564455 in 1.262 secs
task (0,0,34,2): 0.437291 0.309491 = -1022.564460 in 1.026 secs
BEST @    34:        0.4464137077562104        0.2935724448648110    -1024.1722363078004037
task (0,0,35,6): 0.437289 0.309529 = -1022.564456 in 1.111 secs
task (0,0,35,30): 0.437298 0.309523 = -1022.564461 in 1.121 secs
task (0,0,35,12): 0.437338 0.309517 = -1022.564460 in 1.126 secs
task (0,0,35,3): 0.437369 0.309494 = -1022.564458 in 1.130 secs
task (0,0,35,9): 0.437251 0.309537 = -1022.564459 in 1.148 secs
task (0,0,35,26): 0.437262 0.309507 = -1022.564461 in 1.151 secs
task (0,0,35,21): 0.437251 0.309545 = -1022.564455 in 1.153 secs
task (0,0,35,15): 0.437338 0.309509 = -1022.564460 in 1.647 secs
task (0,0,35,18): 0.437298 0.309507 = -1022.564462 in 1.650 secs
task (0,0,35,24): 0.437300 0.309499 = -1022.564463 in 1.669 secs
task (0,0,35,28): 0.437290 0.309499 = -1022.564463 in 1.671 secs
task (0,0,35,0): 0.437357 0.309510 = -1022.564458 in 1.922 secs
task (0,0,35,7): 0.437269 0.309536 = -1022.564453 in 1.102 secs
task (0,0,35,31): 0.437336 0.309503 = -1022.564452 in 1.111 secs
task (0,0,35,13): 0.437328 0.309484 = -1022.564454 in 1.121 secs
task (0,0,35,4): 0.437336 0.309506 = -1022.564458 in 1.128 secs
task (0,0,35,10): 0.437318 0.309495 = -1022.564445 in 1.143 secs
task (0,0,35,27): 0.437336 0.309494 = -1022.564444 in 1.150 secs
task (0,0,35,22): 0.437345 0.309508 = -1022.564444 in 1.149 secs
task (0,0,35,16): 0.437303 0.309515 = -1022.564456 in 1.629 secs
task (0,0,35,19): 0.437306 0.309535 = -1022.564453 in 1.634 secs
task (0,0,35,8): 0.437257 0.309530 = -1022.564460 in 1.092 secs
task (0,0,35,25): 0.437259 0.309533 = -1022.564456 in 1.647 secs
task (0,0,35,29): 0.437259 0.309532 = -1022.564457 in 1.647 secs
task (0,0,35,14): 0.437357 0.309497 = -1022.564456 in 1.105 secs
task (0,0,35,5): 0.437317 0.309491 = -1022.564456 in 1.116 secs
task (0,0,35,11): 0.437307 0.309508 = -1022.564459 in 1.120 secs
task (0,0,35,23): 0.437294 0.309517 = -1022.564459 in 1.124 secs
task (0,0,35,1): 0.437353 0.309481 = -1022.564456 in 1.650 secs
task (0,0,35,17): 0.437291 0.309516 = -1022.564470 in 1.275 secs
task (0,0,35,20): 0.437312 0.309514 = -1022.564470 in 1.272 secs
task (0,0,35,2): 0.437249 0.309486 = -1022.564456 in 1.039 secs
BEST @    35:        0.4464137077562104        0.2935724448648110    -1024.1722363078004037
task (0,0,36,6): 0.437304 0.309513 = -1022.564458 in 1.111 secs
task (0,0,36,12): 0.437276 0.309531 = -1022.564455 in 1.123 secs
task (0,0,36,3): 0.437315 0.309480 = -1022.564453 in 1.128 secs
task (0,0,36,30): 0.437325 0.309520 = -1022.564458 in 1.133 secs
task (0,0,36,26): 0.437287 0.309517 = -1022.564456 in 1.156 secs
task (0,0,36,9): 0.437298 0.309517 = -1022.564456 in 1.159 secs
task (0,0,36,21): 0.437318 0.309537 = -1022.564450 in 1.167 secs
task (0,0,36,15): 0.437293 0.309516 = -1022.564455 in 1.648 secs
task (0,0,36,18): 0.437324 0.309501 = -1022.564457 in 1.651 secs
task (0,0,36,24): 0.437289 0.309522 = -1022.564453 in 1.673 secs
task (0,0,36,28): 0.437293 0.309513 = -1022.564456 in 1.676 secs
task (0,0,36,0): 0.437246 0.309519 = -1022.564452 in 1.951 secs
task (0,0,36,7): 0.437316 0.309495 = -1022.564465 in 1.107 secs
task (0,0,36,13): 0.437290 0.309525 = -1022.564461 in 1.123 secs
task (0,0,36,31): 0.437298 0.309507 = -1022.564460 in 1.117 secs
task (0,0,36,4): 0.437331 0.309521 = -1022.564458 in 1.131 secs
task (0,0,36,10): 0.437299 0.309516 = -1022.564461 in 1.144 secs
task (0,0,36,27): 0.437303 0.309498 = -1022.564459 in 1.151 secs
task (0,0,36,22): 0.437317 0.309499 = -1022.564460 in 1.150 secs
task (0,0,36,16): 0.437308 0.309515 = -1022.564459 in 1.631 secs
task (0,0,36,19): 0.437326 0.309481 = -1022.564454 in 1.634 secs
task (0,0,36,8): 0.437280 0.309511 = -1022.564458 in 1.096 secs
task (0,0,36,25): 0.437250 0.309532 = -1022.564458 in 1.649 secs
task (0,0,36,29): 0.437330 0.309508 = -1022.564458 in 1.649 secs
task (0,0,36,14): 0.437270 0.309522 = -1022.564458 in 1.108 secs
task (0,0,36,5): 0.437293 0.309512 = -1022.564457 in 1.116 secs
task (0,0,36,11): 0.437283 0.309526 = -1022.564457 in 1.119 secs
task (0,0,36,23): 0.437284 0.309528 = -1022.564457 in 1.124 secs
task (0,0,36,1): 0.437284 0.309520 = -1022.564458 in 1.644 secs
task (0,0,36,17): 0.437302 0.309524 = -1022.564468 in 1.275 secs
task (0,0,36,20): 0.437268 0.309530 = -1022.564468 in 1.274 secs
task (0,0,36,2): 0.437297 0.309502 = -1022.564460 in 1.040 secs
BEST @    36:        0.4464137077562104        0.2935724448648110    -1024.1722363078004037
task (0,0,37,3): 0.437292 0.309493 = -1022.564458 in 1.125 secs
task (0,0,37,12): 0.437288 0.309511 = -1022.564460 in 1.126 secs
task (0,0,37,6): 0.437296 0.309513 = -1022.564460 in 1.128 secs
task (0,0,37,30): 0.437283 0.309519 = -1022.564456 in 1.138 secs
task (0,0,37,21): 0.437301 0.309510 = -1022.564460 in 1.150 secs
task (0,0,37,26): 0.437302 0.309497 = -1022.564460 in 1.152 secs
task (0,0,37,9): 0.437311 0.309501 = -1022.564461 in 1.164 secs
task (0,0,37,15): 0.437310 0.309491 = -1022.564461 in 1.645 secs
task (0,0,37,18): 0.437329 0.309477 = -1022.564461 in 1.650 secs
task (0,0,37,24): 0.437284 0.309507 = -1022.564459 in 1.661 secs
task (0,0,37,28): 0.437329 0.309488 = -1022.564464 in 1.667 secs
task (0,0,37,0): 0.437318 0.309499 = -1022.564463 in 1.958 secs
task (0,0,37,7): 0.437295 0.309513 = -1022.564458 in 1.102 secs
task (0,0,37,13): 0.437282 0.309540 = -1022.564455 in 1.119 secs
task (0,0,37,31): 0.437268 0.309521 = -1022.564459 in 1.110 secs
task (0,0,37,4): 0.437292 0.309518 = -1022.564459 in 1.126 secs
task (0,0,37,22): 0.437256 0.309542 = -1022.564460 in 1.151 secs
task (0,0,37,27): 0.437286 0.309509 = -1022.564462 in 1.149 secs
task (0,0,37,10): 0.437298 0.309515 = -1022.564460 in 1.143 secs
task (0,0,37,16): 0.437338 0.309484 = -1022.564452 in 1.630 secs
task (0,0,37,19): 0.437275 0.309549 = -1022.564455 in 1.634 secs
task (0,0,37,25): 0.437314 0.309509 = -1022.564456 in 1.645 secs
task (0,0,37,29): 0.437276 0.309519 = -1022.564458 in 1.645 secs
task (0,0,37,8): 0.437291 0.309537 = -1022.564455 in 1.098 secs
task (0,0,37,14): 0.437307 0.309503 = -1022.564456 in 1.109 secs
task (0,0,37,5): 0.437248 0.309539 = -1022.564456 in 1.117 secs
task (0,0,37,23): 0.437310 0.309510 = -1022.564457 in 1.126 secs
task (0,0,37,11): 0.437300 0.309530 = -1022.564456 in 1.120 secs
task (0,0,37,1): 0.437319 0.309514 = -1022.564457 in 1.637 secs
task (0,0,37,17): 0.437288 0.309523 = -1022.564473 in 1.270 secs
task (0,0,37,20): 0.437248 0.309530 = -1022.564471 in 1.265 secs
task (0,0,37,2): 0.437333 0.309491 = -1022.564461 in 1.028 secs
BEST @    37:        0.4464137077562104        0.2935724448648110    -1024.1722363078004037
termination reason =1
Total elapsed time = 174.226  seconds
Initialization time = 3.352  seconds
Processing time = 174.224  seconds
Finalization time = 0.000  seconds
CMAES 0:  0.446414 0.293572 -> -1024.172236
