Generate Samples...
Estimate error strength by sampling...
Building diagonal of sigma...
Prepare for CMA-ES...
task (0,0,0,30): 9.711865 3.297852 = -0.047025 in 1.422 secs
task (0,0,0,12): 4.333509 1.758632 = -3.606213 in 1.438 secs
task (0,0,0,28): -4.046713 1.020307 = -11.173121 in 1.441 secs
task (0,0,0,15): 0.825689 3.830990 = -463.865926 in 1.442 secs
task (0,0,0,9): -2.258066 1.894217 = -313.830135 in 1.464 secs
task (0,0,0,18): 0.670793 3.578819 = -470.834781 in 1.467 secs
task (0,0,0,24): -2.663049 3.845892 = -400.818123 in 1.468 secs
task (0,0,0,21): 2.012397 3.809514 = -100.516311 in 1.469 secs
task (0,0,0,26): 3.575073 1.512141 = -9.067800 in 1.471 secs
task (0,0,0,3): 1.975637 2.933430 = -108.917873 in 1.901 secs
task (0,0,0,6): 9.010537 3.691096 = -0.056886 in 1.903 secs
task (0,0,0,0): 2.633728 3.443298 = -31.470250 in 2.248 secs
task (0,0,0,31): -3.640438 2.425182 = -396.665910 in 1.116 secs
task (0,0,0,13): 3.051156 3.355955 = -15.711654 in 1.129 secs
task (0,0,0,29): 8.544603 1.648297 = -0.209555 in 1.134 secs
task (0,0,0,16): 9.010791 2.413833 = -0.113500 in 1.139 secs
task (0,0,0,10): 0.960708 3.786024 = -455.056758 in 1.154 secs
task (0,0,0,19): 0.615018 3.019368 = -474.329078 in 1.156 secs
task (0,0,0,25): -0.406641 2.758068 = -162.968463 in 1.159 secs
task (0,0,0,27): 1.123842 2.663650 = -431.295682 in 1.163 secs
task (0,0,0,22): -0.307554 4.834762 = -145.854190 in 1.169 secs
task (0,0,0,7): 4.160160 3.185414 = -3.521196 in 1.420 secs
task (0,0,0,4): 4.070211 4.595814 = -3.635588 in 1.442 secs
task (0,0,0,14): 0.433473 4.181000 = -458.521357 in 1.093 secs
task (0,0,0,17): 4.674602 2.937725 = -2.056129 in 1.101 secs
task (0,0,0,11): 6.146482 1.569927 = -0.840259 in 1.109 secs
task (0,0,0,20): 5.871309 1.540546 = -1.031114 in 1.122 secs
task (0,0,0,23): 3.656658 2.027279 = -7.400131 in 1.125 secs
task (0,0,0,1): 0.165399 2.453330 = -369.204431 in 1.633 secs
task (0,0,0,8): 1.155542 1.588253 = -441.994959 in 1.005 secs
task (0,0,0,5): 1.086436 3.406495 = -436.701318 in 1.035 secs
task (0,0,0,2): 6.241970 2.241710 = -0.620285 in 0.887 secs
BEST @     0:        0.6150184616673038        3.0193678577019467     -474.3290777678133168
task (0,0,1,6): 0.997779 1.111668 = -534.355452 in 1.118 secs
task (0,0,1,30): -3.882240 2.796639 = -200.751676 in 1.136 secs
task (0,0,1,12): 2.153862 3.042497 = -77.089252 in 1.144 secs
task (0,0,1,15): -0.989444 4.933182 = -39.006566 in 1.153 secs
task (0,0,1,28): 5.350441 4.589039 = -0.883298 in 1.154 secs
task (0,0,1,24): 3.805679 0.747971 = -9.203055 in 1.164 secs
task (0,0,1,9): 2.909538 2.078683 = -21.163656 in 1.167 secs
task (0,0,1,18): 2.961136 0.909676 = -25.023690 in 1.168 secs
task (0,0,1,21): -1.314237 3.264614 = -128.427625 in 1.173 secs
task (0,0,1,3): -0.809573 2.416273 = -249.400866 in 1.641 secs
task (0,0,1,26): -0.914975 4.964677 = -43.924360 in 1.644 secs
task (0,0,1,0): -2.628647 3.503075 = -449.551179 in 1.967 secs
task (0,0,1,7): 3.629726 4.082444 = -6.566455 in 1.110 secs
task (0,0,1,31): -0.110697 2.603064 = -245.698757 in 1.121 secs
task (0,0,1,13): 8.554964 1.975819 = -0.176802 in 1.138 secs
task (0,0,1,29): 7.423108 2.982800 = -0.218571 in 1.136 secs
task (0,0,1,16): -0.110638 4.268776 = -219.653105 in 1.147 secs
task (0,0,1,25): 1.754527 3.189600 = -165.977423 in 1.160 secs
task (0,0,1,10): 0.230087 2.919997 = -392.718483 in 1.160 secs
task (0,0,1,19): -1.970967 4.937200 = -24.101696 in 1.160 secs
task (0,0,1,22): -0.399386 3.014188 = -147.819365 in 1.170 secs
task (0,0,1,4): -3.754102 3.425112 = -147.524603 in 1.620 secs
task (0,0,1,27): 6.774751 3.103273 = -0.329989 in 1.621 secs
task (0,0,1,8): 4.699417 0.606221 = -4.099385 in 1.096 secs
task (0,0,1,14): 2.303025 1.336048 = -64.717427 in 1.117 secs
task (0,0,1,17): 3.085444 0.604102 = -24.502279 in 1.123 secs
task (0,0,1,11): 2.270415 1.945959 = -64.324706 in 1.130 secs
task (0,0,1,20): -3.722909 3.424251 = -155.564818 in 1.136 secs
task (0,0,1,23): -2.052880 2.991629 = -448.454790 in 1.139 secs
task (0,0,1,1): 1.884009 2.682011 = -130.501019 in 1.590 secs
task (0,0,1,5): -4.406765 4.279261 = -204.841473 in 0.802 secs
task (0,0,1,2): -2.767477 1.480076 = -375.750374 in 0.718 secs
BEST @     1:        0.9977791924794837        1.1116675754464622     -534.3554515892321888
task (0,0,2,30): -0.077066 2.879219 = -248.877747 in 1.116 secs
task (0,0,2,28): -2.824645 0.903921 = -44.940483 in 1.132 secs
task (0,0,2,15): 0.743155 1.566789 = -503.868372 in 1.142 secs
task (0,0,2,6): -4.542178 3.479474 = -77.859558 in 1.145 secs
task (0,0,2,12): 2.417507 1.623535 = -50.735773 in 1.149 secs
task (0,0,2,18): -0.923853 1.508915 = -529.070443 in 1.158 secs
task (0,0,2,24): -3.763200 1.490284 = -60.240343 in 1.161 secs
task (0,0,2,9): -0.018569 1.557008 = -383.996243 in 1.170 secs
task (0,0,2,21): -1.050518 2.147289 = -442.570123 in 1.190 secs
task (0,0,2,3): -4.185925 2.076597 = -250.513544 in 1.644 secs
task (0,0,2,26): -0.395119 4.946488 = -121.175492 in 1.647 secs
task (0,0,2,0): 4.381840 1.040082 = -4.371145 in 1.982 secs
task (0,0,2,31): 4.263986 2.718359 = -3.279190 in 1.120 secs
task (0,0,2,7): 0.330476 4.346654 = -429.614032 in 1.114 secs
task (0,0,2,29): 1.624693 1.144127 = -230.911524 in 1.140 secs
task (0,0,2,13): 0.187061 3.516873 = -368.978294 in 1.136 secs
task (0,0,2,16): 5.097882 1.488507 = -1.919069 in 1.146 secs
task (0,0,2,19): 3.373271 1.206010 = -12.772671 in 1.163 secs
task (0,0,2,25): -4.735317 3.619695 = -68.416117 in 1.163 secs
task (0,0,2,10): 1.018924 4.001697 = -447.166424 in 1.164 secs
task (0,0,2,22): -3.821090 3.118527 = -107.745204 in 1.163 secs
task (0,0,2,4): -4.817055 1.166856 = -6.469850 in 1.614 secs
task (0,0,2,27): 4.109742 2.274019 = -4.145189 in 1.615 secs
task (0,0,2,8): 2.766491 2.275883 = -26.251313 in 1.091 secs
task (0,0,2,14): 6.959982 1.670304 = -0.479226 in 1.113 secs
task (0,0,2,17): -4.660286 3.009365 = -330.529739 in 1.122 secs
task (0,0,2,20): -0.338575 1.103259 = -647.346094 in 1.137 secs
task (0,0,2,11): 0.117500 2.320231 = -350.766241 in 1.129 secs
task (0,0,2,23): -0.383238 2.668796 = -174.051504 in 1.133 secs
task (0,0,2,1): 0.108015 3.583571 = -328.488225 in 1.583 secs
task (0,0,2,5): 0.775833 3.359926 = -465.316511 in 0.809 secs
task (0,0,2,2): -4.158708 2.697781 = -384.131037 in 0.718 secs
BEST @     2:       -0.3385752051682691        1.1032589898613341     -647.3460938899100938
task (0,0,3,6): 0.503407 3.120993 = -470.438838 in 1.108 secs
task (0,0,3,12): 2.387692 1.265905 = -56.426840 in 1.133 secs
task (0,0,3,15): 0.436492 2.142800 = -466.499354 in 1.140 secs
task (0,0,3,30): -4.372926 2.922897 = -280.187350 in 1.144 secs
task (0,0,3,18): -0.264276 2.996960 = -180.583727 in 1.158 secs
task (0,0,3,24): -2.729511 2.272788 = -227.616944 in 1.161 secs
task (0,0,3,9): -4.258862 3.135979 = -126.161215 in 1.162 secs
task (0,0,3,28): -0.470924 1.453781 = -520.932416 in 1.164 secs
task (0,0,3,21): -2.744732 1.665657 = -486.777181 in 1.177 secs
task (0,0,3,3): 2.156034 1.984050 = -79.443962 in 1.640 secs
task (0,0,3,26): 0.594344 0.846653 = -727.314977 in 1.643 secs
task (0,0,3,0): -2.702859 3.287217 = -464.563746 in 1.990 secs
task (0,0,3,7): 2.009691 4.579477 = -100.665505 in 1.113 secs
task (0,0,3,31): -0.968489 0.697319 = -576.423805 in 1.122 secs
task (0,0,3,13): -1.221154 1.875460 = -490.154235 in 1.137 secs
task (0,0,3,16): 5.278072 1.288071 = -1.787498 in 1.147 secs
task (0,0,3,29): -1.739944 1.349096 = -495.817062 in 1.139 secs
task (0,0,3,19): 2.843253 0.784514 = -31.418738 in 1.166 secs
task (0,0,3,25): 5.174936 2.673058 = -1.320688 in 1.171 secs
task (0,0,3,10): 0.676592 4.083324 = -470.109966 in 1.174 secs
task (0,0,3,22): -0.000348 3.010715 = -279.797410 in 1.165 secs
task (0,0,3,4): 0.893006 2.353224 = -469.920882 in 1.612 secs
task (0,0,3,27): -1.565678 2.301062 = -465.659897 in 1.613 secs
task (0,0,3,8): -1.158804 2.833266 = -208.460700 in 1.090 secs
task (0,0,3,14): 1.178062 2.069351 = -421.230150 in 1.112 secs
task (0,0,3,17): 0.620072 2.559535 = -475.835877 in 1.117 secs
task (0,0,3,20): -0.354644 2.173189 = -244.498781 in 1.133 secs
task (0,0,3,11): -0.975214 1.643553 = -511.765616 in 1.125 secs
task (0,0,3,23): 4.622038 2.585506 = -2.280698 in 1.128 secs
task (0,0,3,1): 4.106463 1.604801 = -4.769011 in 1.570 secs
task (0,0,3,5): -0.125382 1.402349 = -462.327609 in 0.817 secs
task (0,0,3,2): 7.943441 1.932177 = -0.245957 in 0.727 secs
BEST @     3:        0.5943443493957217        0.8466531410746008     -727.3149766735798494
task (0,0,4,30): 3.239011 1.007248 = -16.342239 in 1.116 secs
task (0,0,4,6): -1.316054 3.458126 = -94.709384 in 1.121 secs
task (0,0,4,12): -0.896804 2.253925 = -350.729731 in 1.149 secs
task (0,0,4,28): 1.943768 1.711720 = -120.734101 in 1.150 secs
task (0,0,4,15): 4.321390 0.865592 = -5.035836 in 1.155 secs
task (0,0,4,18): -0.383948 2.036544 = -277.654999 in 1.161 secs
task (0,0,4,9): -1.492991 2.538277 = -442.480037 in 1.174 secs
task (0,0,4,21): 0.491747 1.833989 = -481.310024 in 1.177 secs
task (0,0,4,24): -1.669838 0.823606 = -285.604842 in 1.180 secs
task (0,0,4,3): -1.060112 0.876276 = -639.125967 in 1.643 secs
task (0,0,4,26): -1.766131 1.547483 = -403.375300 in 1.644 secs
task (0,0,4,0): 0.064012 1.636564 = -378.520575 in 1.968 secs
task (0,0,4,7): 0.239887 3.806592 = -393.310886 in 1.110 secs
task (0,0,4,31): 0.267349 2.062898 = -421.147083 in 1.119 secs
task (0,0,4,29): 0.317235 0.970337 = -686.413360 in 1.134 secs
task (0,0,4,13): -0.937919 1.126142 = -568.973422 in 1.136 secs
task (0,0,4,16): -1.553735 2.243081 = -470.987954 in 1.144 secs
task (0,0,4,19): -1.144828 2.670596 = -265.398675 in 1.161 secs
task (0,0,4,10): -3.002097 0.386126 = -11.307950 in 1.159 secs
task (0,0,4,25): 0.250991 0.472350 = -974.388474 in 1.159 secs
task (0,0,4,22): -1.267234 0.893387 = -577.975547 in 1.163 secs
task (0,0,4,4): -1.815347 1.974904 = -380.092903 in 1.610 secs
task (0,0,4,27): -1.177685 3.283826 = -105.358330 in 1.610 secs
task (0,0,4,8): 0.344498 0.213661 = -948.947036 in 1.090 secs
task (0,0,4,14): -1.629339 2.957532 = -347.733055 in 1.111 secs
task (0,0,4,17): -1.384848 3.571615 = -86.378987 in 1.118 secs
task (0,0,4,20): 2.492691 3.048099 = -40.865093 in 1.131 secs
task (0,0,4,11): -1.333256 2.756511 = -306.882244 in 1.124 secs
task (0,0,4,23): 0.558860 3.953611 = -473.389053 in 1.130 secs
task (0,0,4,1): -2.171027 2.276511 = -342.766006 in 1.578 secs
task (0,0,4,5): -0.902045 1.352044 = -536.191532 in 0.796 secs
task (0,0,4,2): 0.978677 2.478871 = -459.920735 in 0.714 secs
BEST @     4:        0.2509910419166602        0.4723501789131213     -974.3884737252681134
task (0,0,5,6): 0.554108 2.387479 = -476.709682 in 1.118 secs
task (0,0,5,30): -2.295090 2.662691 = -439.631568 in 1.128 secs
task (0,0,5,12): -1.417714 2.835453 = -307.840378 in 1.143 secs
task (0,0,5,28): -1.272175 2.344290 = -441.905092 in 1.148 secs
task (0,0,5,15): 0.351705 0.821956 = -788.767667 in 1.153 secs
task (0,0,5,9): 0.549164 0.115016 = -849.014275 in 1.168 secs
task (0,0,5,18): -1.791822 0.968519 = -372.684655 in 1.169 secs
task (0,0,5,21): -1.397130 1.130232 = -560.134171 in 1.170 secs
task (0,0,5,24): 2.120036 1.413925 = -89.230260 in 1.171 secs
task (0,0,5,3): 0.757114 2.514761 = -469.743565 in 1.639 secs
task (0,0,5,26): 0.205313 0.525138 = -947.622092 in 1.641 secs
task (0,0,5,0): -2.570100 2.961400 = -443.199342 in 2.006 secs
task (0,0,5,7): 0.164444 0.547562 = -935.520590 in 1.114 secs
task (0,0,5,31): -0.198096 0.279169 = -631.067936 in 1.118 secs
task (0,0,5,13): -0.109628 1.654601 = -357.175005 in 1.137 secs
task (0,0,5,29): -1.139161 2.924679 = -175.100550 in 1.138 secs
task (0,0,5,16): 0.426936 2.721845 = -459.847113 in 1.147 secs
task (0,0,5,10): -2.712690 2.738712 = -291.220682 in 1.161 secs
task (0,0,5,19): 2.295230 0.777948 = -75.839006 in 1.165 secs
task (0,0,5,25): 0.353965 0.959615 = -691.518556 in 1.166 secs
task (0,0,5,22): -0.574424 0.339740 = -421.115257 in 1.186 secs
task (0,0,5,4): -0.362579 0.319472 = -555.112754 in 1.614 secs
task (0,0,5,27): -0.989315 0.753685 = -613.280382 in 1.616 secs
task (0,0,5,8): -0.308460 1.563552 = -437.342664 in 1.095 secs
task (0,0,5,14): 1.251953 0.876716 = -447.704393 in 1.111 secs
task (0,0,5,17): -0.161771 0.341831 = -750.221635 in 1.116 secs
task (0,0,5,11): 1.312931 4.168926 = -355.519096 in 1.130 secs
task (0,0,5,20): 0.174310 2.158985 = -380.958693 in 1.136 secs
task (0,0,5,23): -1.901224 1.977239 = -347.148115 in 1.134 secs
task (0,0,5,1): -0.972167 2.449619 = -292.549331 in 1.575 secs
task (0,0,5,5): 0.383826 2.009363 = -451.941928 in 0.814 secs
task (0,0,5,2): -1.303462 0.071980 = -49.658460 in 0.722 secs
BEST @     5:        0.2509910419166602        0.4723501789131213     -974.3884737252681134
task (0,0,6,30): -1.324229 0.658935 = -306.978227 in 1.125 secs
task (0,0,6,12): 1.070922 3.614665 = -438.798821 in 1.140 secs
task (0,0,6,6): 2.241098 1.395866 = -71.391888 in 1.145 secs
task (0,0,6,15): -1.109997 0.683308 = -471.406172 in 1.154 secs
task (0,0,6,18): -1.606670 1.433841 = -437.149683 in 1.165 secs
task (0,0,6,9): -1.107625 2.219186 = -436.265466 in 1.169 secs
task (0,0,6,28): -0.177170 0.246246 = -601.397932 in 1.170 secs
task (0,0,6,21): 0.693272 0.015365 = -452.550258 in 1.193 secs
task (0,0,6,24): -0.625522 1.091988 = -625.669993 in 1.198 secs
task (0,0,6,3): -0.514684 0.973842 = -688.092376 in 1.650 secs
task (0,0,6,26): 0.865144 0.149459 = -825.611142 in 1.653 secs
task (0,0,6,0): 1.028476 0.266597 = -725.280895 in 2.007 secs
task (0,0,6,31): -0.504424 1.118424 = -636.533672 in 1.123 secs
task (0,0,6,7): 0.361482 1.882438 = -455.639042 in 1.113 secs
task (0,0,6,13): -1.059684 2.174619 = -437.819092 in 1.133 secs
task (0,0,6,16): -0.225745 0.814145 = -787.044047 in 1.146 secs
task (0,0,6,29): -0.164090 0.225367 = -580.780476 in 1.142 secs
task (0,0,6,19): -0.371040 1.260169 = -582.571990 in 1.164 secs
task (0,0,6,10): 0.257956 1.211963 = -534.274987 in 1.164 secs
task (0,0,6,22): -1.514128 2.335182 = -461.327441 in 1.166 secs
task (0,0,6,25): -0.580590 0.610635 = -730.686465 in 1.167 secs
task (0,0,6,4): -1.286817 0.341902 = -120.548155 in 1.613 secs
task (0,0,6,27): -0.250746 1.640021 = -385.816628 in 1.614 secs
task (0,0,6,8): -0.712560 0.568670 = -607.490770 in 1.096 secs
task (0,0,6,14): 1.535226 0.124295 = -371.807532 in 1.114 secs
task (0,0,6,17): -0.588169 2.096607 = -302.142025 in 1.123 secs
task (0,0,6,11): 0.564874 0.250625 = -1005.966067 in 1.130 secs
task (0,0,6,20): 0.997966 1.653821 = -480.609701 in 1.138 secs
task (0,0,6,23): -2.865023 1.997949 = -424.865968 in 1.135 secs
task (0,0,6,1): -0.681090 0.127889 = -189.001344 in 1.576 secs
task (0,0,6,5): 0.541971 0.836689 = -746.122119 in 0.841 secs
task (0,0,6,2): 1.256208 0.758597 = -459.709946 in 0.753 secs
BEST @     6:        0.5648744259165795        0.2506246784435290    -1005.9660670759980121
termination reason =1
Total elapsed time = 30.526  seconds
Initialization time = 0.025  seconds
Processing time = 30.524  seconds
Finalization time = 0.000  seconds
CMAES 0:  0.564874 0.250625 -> -1005.966067
