Generate Samples...
Estimate error strength by sampling...
Building diagonal of sigma...
Prepare for CMA-ES...
task (0,0,0,0): -1.459548 2.457033 = -449.819149 in 0.580 secs
task (0,0,0,1): 7.646829 1.814027 = -0.304198 in 0.577 secs
task (0,0,0,2): 2.387476 3.553671 = -49.124728 in 0.578 secs
task (0,0,0,3): 4.651590 0.539986 = -4.466335 in 0.578 secs
task (0,0,0,4): 4.813983 1.953592 = -2.145818 in 0.577 secs
task (0,0,0,5): 3.667383 1.493069 = -8.129224 in 0.577 secs
task (0,0,0,6): 0.144648 1.857433 = -382.566632 in 0.577 secs
task (0,0,0,7): 8.808700 3.964921 = -0.056339 in 0.577 secs
task (0,0,0,8): 1.582815 3.293951 = -228.136663 in 0.577 secs
task (0,0,0,9): 4.061618 2.717843 = -4.133675 in 0.577 secs
task (0,0,0,10): 2.958513 2.475671 = -18.966784 in 0.577 secs
task (0,0,0,11): 5.831679 2.902608 = -0.716314 in 0.577 secs
task (0,0,0,12): -0.775125 1.277101 = -566.267605 in 0.577 secs
task (0,0,0,13): 5.297703 2.598663 = -1.200215 in 0.577 secs
task (0,0,0,14): -1.093904 2.460924 = -339.511760 in 0.577 secs
task (0,0,0,15): 1.279306 0.165329 = -541.593599 in 0.577 secs
task (0,0,0,16): -3.240564 1.322979 = -86.834110 in 0.581 secs
task (0,0,0,17): 0.989888 2.943141 = -454.425897 in 0.579 secs
task (0,0,0,18): 1.044283 2.905030 = -446.674863 in 0.577 secs
task (0,0,0,19): 6.122538 2.741756 = -0.589706 in 0.577 secs
task (0,0,0,20): 8.127942 2.183785 = -0.198826 in 0.582 secs
task (0,0,0,21): -1.497162 0.197698 = -59.377663 in 0.577 secs
task (0,0,0,22): -3.507482 1.910447 = -422.283250 in 0.579 secs
task (0,0,0,23): 3.981726 4.880038 = -4.030027 in 0.577 secs
task (0,0,0,24): 2.090979 1.687945 = -91.626790 in 0.579 secs
task (0,0,0,25): -4.768235 4.166626 = -82.596131 in 0.577 secs
task (0,0,0,26): 3.806854 2.400550 = -5.826724 in 0.578 secs
task (0,0,0,27): 4.776584 3.260361 = -1.781567 in 0.578 secs
task (0,0,0,28): -1.332085 4.483233 = -31.532612 in 0.578 secs
task (0,0,0,29): 7.737909 3.702218 = -0.137713 in 0.577 secs
task (0,0,0,30): 0.544442 0.065961 = -713.022224 in 0.577 secs
task (0,0,0,31): 6.938957 1.933459 = -0.435448 in 0.578 secs
BEST @     0:        0.5444416327510928        0.0659613494394820     -713.0222240167325936
task (0,0,1,0): 8.159096 4.695189 = -0.068463 in 0.578 secs
task (0,0,1,1): -2.016647 4.993040 = -23.394229 in 0.578 secs
task (0,0,1,2): -4.098747 0.614740 = -5.249295 in 0.578 secs
task (0,0,1,3): -2.717599 0.909083 = -54.472949 in 0.579 secs
task (0,0,1,4): 0.345582 0.968856 = -685.605661 in 0.578 secs
task (0,0,1,5): 4.508834 4.287066 = -2.190624 in 0.580 secs
task (0,0,1,6): -3.515980 2.094079 = -465.355030 in 0.578 secs
task (0,0,1,7): 2.965313 1.223377 = -22.413061 in 0.577 secs
task (0,0,1,8): 1.795004 4.658933 = -152.568020 in 0.577 secs
task (0,0,1,9): -1.695992 4.588197 = -29.777198 in 0.578 secs
task (0,0,1,10): 8.121924 3.620248 = -0.108159 in 0.577 secs
task (0,0,1,11): 1.065961 2.136618 = -451.245230 in 0.578 secs
task (0,0,1,12): 2.434307 0.394164 = -75.122118 in 0.577 secs
task (0,0,1,13): 0.549626 1.029014 = -634.085451 in 0.578 secs
task (0,0,1,14): -2.363543 2.351583 = -290.618229 in 0.577 secs
task (0,0,1,15): 9.531100 1.486277 = -0.148882 in 0.577 secs
task (0,0,1,16): -0.991945 2.323503 = -359.190954 in 0.578 secs
task (0,0,1,17): 0.634426 2.286952 = -477.675667 in 0.577 secs
task (0,0,1,18): 2.730974 0.484799 = -44.215582 in 0.578 secs
task (0,0,1,19): 4.209847 4.758082 = -3.045374 in 0.577 secs
task (0,0,1,20): -2.573577 1.159778 = -172.314341 in 0.577 secs
task (0,0,1,21): -2.380188 3.775480 = -309.671972 in 0.577 secs
task (0,0,1,22): -3.021159 0.278153 = -9.333513 in 0.577 secs
task (0,0,1,23): 0.318750 2.804724 = -429.388160 in 0.578 secs
task (0,0,1,24): -4.291020 1.208073 = -12.489438 in 0.578 secs
task (0,0,1,25): -3.637096 1.484571 = -74.365145 in 0.578 secs
task (0,0,1,26): 0.707392 0.618223 = -816.998733 in 0.577 secs
task (0,0,1,27): 6.652291 3.233971 = -0.349160 in 0.578 secs
task (0,0,1,28): 5.540980 0.507227 = -2.203998 in 0.577 secs
task (0,0,1,29): 2.815765 0.439939 = -40.280826 in 0.577 secs
task (0,0,1,30): 3.737792 1.813385 = -6.946177 in 0.578 secs
task (0,0,1,31): 6.155670 0.748559 = -1.238448 in 0.586 secs
BEST @     1:        0.7073921146239398        0.6182227797209779     -816.9987329672519536
task (0,0,2,0): -0.282146 1.093353 = -649.578721 in 0.579 secs
task (0,0,2,1): 3.071201 2.376639 = -16.037487 in 0.578 secs
task (0,0,2,2): -3.829677 2.111344 = -445.540553 in 0.577 secs
task (0,0,2,3): -2.262003 3.193334 = -447.702292 in 0.577 secs
task (0,0,2,4): -0.035884 2.323178 = -286.917047 in 0.577 secs
task (0,0,2,5): -4.902298 1.120013 = -5.492222 in 0.578 secs
task (0,0,2,6): -1.161855 2.630907 = -289.772667 in 0.577 secs
task (0,0,2,7): -0.562965 1.658584 = -470.778448 in 0.577 secs
task (0,0,2,8): 1.549658 3.697325 = -241.722683 in 0.578 secs
task (0,0,2,9): -2.394543 2.487392 = -329.303578 in 0.579 secs
task (0,0,2,10): 0.111123 3.929905 = -328.806729 in 0.581 secs
task (0,0,2,11): 0.944756 1.049969 = -562.518579 in 0.577 secs
task (0,0,2,12): 2.081162 2.283936 = -90.309488 in 0.578 secs
task (0,0,2,13): 1.060591 0.000179 = -439.913940 in 0.577 secs
task (0,0,2,14): 1.534680 1.811150 = -256.347245 in 0.578 secs
task (0,0,2,15): -1.488410 2.220276 = -468.258919 in 0.580 secs
task (0,0,2,16): -0.512391 2.845761 = -142.712820 in 0.577 secs
task (0,0,2,17): -4.230284 2.331842 = -452.348262 in 0.577 secs
task (0,0,2,18): 0.986404 2.783529 = -455.947164 in 0.578 secs
task (0,0,2,19): -0.581835 3.105233 = -116.287598 in 0.578 secs
task (0,0,2,20): -4.197434 0.026183 = -0.931672 in 0.577 secs
task (0,0,2,21): -0.122161 0.328539 = -765.084219 in 0.577 secs
task (0,0,2,22): 0.608629 1.059174 = -616.702388 in 0.578 secs
task (0,0,2,23): 0.580301 3.061141 = -474.618795 in 0.578 secs
task (0,0,2,24): 1.392770 1.950951 = -324.678427 in 0.578 secs
task (0,0,2,25): 0.208582 0.851394 = -771.609795 in 0.577 secs
task (0,0,2,26): 1.540780 1.434955 = -259.878268 in 0.582 secs
task (0,0,2,27): -2.849386 1.933551 = -442.469036 in 0.578 secs
task (0,0,2,28): 0.002777 2.085349 = -315.790331 in 0.579 secs
task (0,0,2,29): 3.424188 2.215755 = -9.788194 in 0.578 secs
task (0,0,2,30): -4.260059 1.402076 = -20.810206 in 0.580 secs
task (0,0,2,31): -1.289013 1.268156 = -488.853249 in 0.578 secs
BEST @     2:        0.7073921146239398        0.6182227797209779     -816.9987329672519536
task (0,0,3,0): 0.193961 0.865209 = -762.449222 in 0.577 secs
task (0,0,3,1): 0.169821 3.153122 = -362.386895 in 0.578 secs
task (0,0,3,2): -0.089564 1.647868 = -358.488216 in 0.577 secs
task (0,0,3,3): -2.263500 0.332081 = -25.663178 in 0.580 secs
task (0,0,3,4): 2.693467 0.258724 = -56.408045 in 0.577 secs
task (0,0,3,5): 2.176428 1.105022 = -84.780121 in 0.579 secs
task (0,0,3,6): -2.482797 0.016908 = -4.693571 in 0.577 secs
task (0,0,3,7): -1.328423 1.210118 = -522.698597 in 0.580 secs
task (0,0,3,8): 0.797650 1.616852 = -499.694004 in 0.577 secs
task (0,0,3,9): -0.627454 2.452880 = -202.001107 in 0.577 secs
task (0,0,3,10): -1.563270 1.268877 = -512.707930 in 0.577 secs
task (0,0,3,11): 0.905788 2.479742 = -467.286762 in 0.580 secs
task (0,0,3,12): -1.036376 2.038026 = -461.509182 in 0.580 secs
task (0,0,3,13): -0.362915 0.991780 = -693.031351 in 0.581 secs
task (0,0,3,14): -0.327425 2.655642 = -184.411885 in 0.578 secs
task (0,0,3,15): 2.628598 1.334115 = -36.984550 in 0.577 secs
task (0,0,3,16): -1.710291 1.850670 = -380.217348 in 0.578 secs
task (0,0,3,17): -0.929245 2.313905 = -336.660484 in 0.577 secs
task (0,0,3,18): -0.034646 1.917515 = -319.655092 in 0.584 secs
task (0,0,3,19): -3.486906 1.490959 = -101.426890 in 0.588 secs
task (0,0,3,20): -3.763034 0.164869 = -3.746724 in 0.580 secs
task (0,0,3,21): -2.152154 0.228916 = -24.396104 in 0.578 secs
task (0,0,3,22): 0.722611 1.567790 = -503.966559 in 0.577 secs
task (0,0,3,23): -1.685527 2.164523 = -471.087848 in 0.578 secs
task (0,0,3,24): -1.857810 1.333377 = -508.275770 in 0.577 secs
task (0,0,3,25): -2.637181 1.205866 = -181.341709 in 0.578 secs
task (0,0,3,26): 0.475124 0.437448 = -983.090355 in 0.577 secs
task (0,0,3,27): 0.976023 0.421701 = -726.923462 in 0.577 secs
task (0,0,3,28): 0.143870 2.382611 = -360.962687 in 0.578 secs
task (0,0,3,29): -3.364040 2.313553 = -380.697975 in 0.577 secs
task (0,0,3,30): -0.802480 2.746666 = -158.263603 in 0.579 secs
task (0,0,3,31): -1.571306 2.907051 = -344.902082 in 0.577 secs
BEST @     3:        0.4751236403313777        0.4374482532342209     -983.0903551593203247
task (0,0,4,0): 0.895133 1.524772 = -504.603346 in 0.579 secs
task (0,0,4,1): 0.383994 0.332366 = -1020.398029 in 0.579 secs
task (0,0,4,2): 1.154998 0.332435 = -612.303938 in 0.580 secs
task (0,0,4,3): 0.538949 0.431083 = -974.190762 in 0.578 secs
task (0,0,4,4): -1.224178 0.859026 = -575.041681 in 0.581 secs
task (0,0,4,5): 0.134429 0.130358 = -657.133209 in 0.578 secs
task (0,0,4,6): 0.492550 1.867797 = -480.319458 in 0.580 secs
task (0,0,4,7): -0.119192 0.866607 = -758.537378 in 0.580 secs
task (0,0,4,8): -0.410496 1.738039 = -393.521889 in 0.578 secs
task (0,0,4,9): 1.499602 1.568811 = -276.638395 in 0.578 secs
task (0,0,4,10): 0.749465 1.207920 = -559.805877 in 0.578 secs
task (0,0,4,11): -1.241175 1.751936 = -494.347441 in 0.580 secs
task (0,0,4,12): -1.062268 0.349517 = -182.866288 in 0.583 secs
task (0,0,4,13): -1.149927 1.261757 = -490.262298 in 0.577 secs
task (0,0,4,14): -0.789493 1.217908 = -567.877895 in 0.577 secs
task (0,0,4,15): 0.268272 1.586348 = -445.075866 in 0.577 secs
task (0,0,4,16): -0.926833 0.268216 = -185.400898 in 0.577 secs
task (0,0,4,17): -0.853610 1.369634 = -546.294321 in 0.578 secs
task (0,0,4,18): -0.634667 1.154671 = -609.691814 in 0.577 secs
task (0,0,4,19): -0.119830 1.954103 = -297.997276 in 0.578 secs
task (0,0,4,20): 1.104027 0.802463 = -541.686055 in 0.578 secs
task (0,0,4,21): 0.958090 0.439659 = -734.754544 in 0.577 secs
task (0,0,4,22): 1.927062 1.377865 = -128.376552 in 0.584 secs
task (0,0,4,23): -0.430182 0.376408 = -579.051214 in 0.579 secs
task (0,0,4,24): -1.256046 2.194303 = -461.663320 in 0.578 secs
task (0,0,4,25): -2.600992 2.310223 = -225.505926 in 0.578 secs
task (0,0,4,26): 0.788736 0.561768 = -801.749295 in 0.578 secs
task (0,0,4,27): -0.392706 1.555102 = -465.850465 in 0.578 secs
task (0,0,4,28): -1.701356 1.092528 = -527.879401 in 0.578 secs
task (0,0,4,29): 0.760500 1.498586 = -510.862944 in 0.578 secs
task (0,0,4,30): -2.432956 1.393431 = -454.859541 in 0.577 secs
task (0,0,4,31): 0.368974 1.851265 = -458.589406 in 0.578 secs
BEST @     4:        0.3839943271602927        0.3323660322307682    -1020.3980286934371406
task (0,0,5,0): 0.201629 1.649519 = -417.905418 in 0.577 secs
task (0,0,5,1): -0.314833 0.070328 = -276.578700 in 0.578 secs
task (0,0,5,2): 0.548071 0.285269 = -1012.760216 in 0.578 secs
task (0,0,5,3): -0.111233 0.602174 = -906.658642 in 0.577 secs
task (0,0,5,4): -0.023418 1.669475 = -357.267618 in 0.578 secs
task (0,0,5,5): -0.798087 2.187371 = -340.106805 in 0.577 secs
task (0,0,5,6): -0.480027 0.059723 = -194.919342 in 0.578 secs
task (0,0,5,7): 0.631294 1.590597 = -502.625897 in 0.577 secs
task (0,0,5,8): -1.826694 0.537501 = -81.493167 in 0.577 secs
task (0,0,5,9): -0.296341 2.065378 = -265.713140 in 0.578 secs
task (0,0,5,10): -0.114851 2.606131 = -244.102852 in 0.582 secs
task (0,0,5,11): -1.201267 0.833272 = -567.376511 in 0.578 secs
task (0,0,5,12): -1.887643 2.023522 = -367.794410 in 0.577 secs
task (0,0,5,13): -0.276253 0.293962 = -588.709750 in 0.578 secs
task (0,0,5,14): -2.954589 2.832741 = -228.148965 in 0.578 secs
task (0,0,5,15): 0.911382 0.407327 = -781.659596 in 0.577 secs
task (0,0,5,16): -3.044555 2.179217 = -365.297447 in 0.577 secs
task (0,0,5,17): -0.464954 0.100264 = -247.273612 in 0.577 secs
task (0,0,5,18): 0.102359 0.419846 = -971.830896 in 0.578 secs
task (0,0,5,19): -0.412268 0.264840 = -444.225037 in 0.577 secs
task (0,0,5,20): 0.819684 1.349143 = -529.696789 in 0.588 secs
task (0,0,5,21): 1.425324 0.097499 = -432.545466 in 0.581 secs
task (0,0,5,22): -0.496005 1.451472 = -525.705390 in 0.578 secs
task (0,0,5,23): 0.461878 1.521768 = -496.159219 in 0.578 secs
task (0,0,5,24): 0.354724 1.468306 = -481.588605 in 0.577 secs
task (0,0,5,25): -1.880344 1.937727 = -343.412046 in 0.578 secs
task (0,0,5,26): 0.155813 1.313968 = -478.415745 in 0.578 secs
task (0,0,5,27): -0.517656 0.132790 = -254.981168 in 0.578 secs
task (0,0,5,28): -1.329721 0.270315 = -93.107469 in 0.577 secs
task (0,0,5,29): 1.256401 0.878871 = -444.873094 in 0.577 secs
task (0,0,5,30): -2.031097 0.248888 = -30.004233 in 0.578 secs
task (0,0,5,31): -0.408012 1.309544 = -566.719278 in 0.577 secs
BEST @     5:        0.3839943271602927        0.3323660322307682    -1020.3980286934371406
task (0,0,6,0): 0.051257 0.757597 = -817.899281 in 0.587 secs
task (0,0,6,1): 0.287967 1.107350 = -594.029037 in 0.579 secs
task (0,0,6,2): -0.215331 1.107739 = -637.929977 in 0.588 secs
task (0,0,6,3): 1.580257 0.971356 = -257.435201 in 0.588 secs
task (0,0,6,4): 0.660705 0.223379 = -973.818382 in 0.585 secs
task (0,0,6,5): -1.181591 0.979074 = -611.946513 in 0.578 secs
task (0,0,6,6): 0.361639 1.196805 = -551.438804 in 0.585 secs
task (0,0,6,7): -0.883404 0.615658 = -544.372481 in 0.580 secs
task (0,0,6,8): 0.733875 0.134114 = -875.051353 in 0.578 secs
task (0,0,6,9): -0.225034 1.301903 = -537.807693 in 0.577 secs
task (0,0,6,10): 0.759028 0.217999 = -926.991391 in 0.577 secs
task (0,0,6,11): -1.134988 1.132537 = -556.765726 in 0.577 secs
task (0,0,6,12): -0.488516 0.763308 = -797.459731 in 0.578 secs
task (0,0,6,13): 0.384108 0.210483 = -961.899742 in 0.578 secs
task (0,0,6,14): 0.646374 0.758106 = -764.029039 in 0.580 secs
task (0,0,6,15): -1.191407 2.308242 = -433.768823 in 0.588 secs
task (0,0,6,16): -0.276133 0.850001 = -766.323103 in 0.577 secs
task (0,0,6,17): -0.065279 0.345005 = -832.854193 in 0.578 secs
task (0,0,6,18): -0.293919 0.609004 = -866.509722 in 0.580 secs
task (0,0,6,19): -0.051976 1.155840 = -586.722503 in 0.579 secs
task (0,0,6,20): -0.436891 0.819087 = -782.869640 in 0.581 secs
task (0,0,6,21): -0.001740 0.211421 = -690.353320 in 0.585 secs
task (0,0,6,22): 0.797991 1.037299 = -600.392848 in 0.578 secs
task (0,0,6,23): -1.629225 1.143811 = -551.173992 in 0.577 secs
task (0,0,6,24): -1.124512 1.217501 = -511.967924 in 0.579 secs
task (0,0,6,25): -0.760540 0.988518 = -659.191518 in 0.583 secs
task (0,0,6,26): -0.549777 0.810702 = -770.785019 in 0.577 secs
task (0,0,6,27): 0.184913 0.620581 = -896.212421 in 0.578 secs
task (0,0,6,28): -0.874367 1.029828 = -625.317256 in 0.577 secs
task (0,0,6,29): 0.106335 1.330647 = -468.450808 in 0.578 secs
task (0,0,6,30): 0.226807 1.206616 = -534.661411 in 0.577 secs
task (0,0,6,31): -0.520196 0.060836 = -182.716173 in 0.581 secs
BEST @     6:        0.3839943271602927        0.3323660322307682    -1020.3980286934371406
Total elapsed time = 129.591  seconds
Initialization time = 0.002  seconds
Processing time = 129.589  seconds
Finalization time = 0.000  seconds
CMAES 0:  0.383994 0.332366 -> -1020.398029
