Generate Samples...
Estimate error strength by sampling...
Building diagonal of sigma...
Prepare for CMA-ES...
task (0,0,0,0): 1.194250 3.111089 = -405.839675 in 0.293 secs
task (0,0,0,1): 2.919541 0.235442 = -43.455670 in 0.291 secs
task (0,0,0,2): 8.156954 2.115745 = -0.424167 in 0.289 secs
task (0,0,0,3): 6.591374 3.150631 = -0.750858 in 0.289 secs
task (0,0,0,4): 5.466186 3.787729 = -1.457393 in 0.289 secs
task (0,0,0,5): -1.145341 0.049296 = -55.738302 in 0.289 secs
task (0,0,0,6): 8.402037 1.341726 = -0.463681 in 0.288 secs
task (0,0,0,7): -4.645001 2.208269 = -173.247618 in 0.288 secs
task (0,0,0,8): 8.304016 1.710466 = -0.438241 in 0.289 secs
task (0,0,0,9): 0.032216 3.345434 = -284.075797 in 0.289 secs
task (0,0,0,10): -0.239672 1.954743 = -280.930038 in 0.288 secs
task (0,0,0,11): -1.690780 3.802276 = -90.238492 in 0.289 secs
task (0,0,0,12): 1.030022 4.267584 = -442.780059 in 0.289 secs
task (0,0,0,13): 1.592343 2.715495 = -228.994459 in 0.288 secs
task (0,0,0,14): 0.805183 3.762139 = -458.804378 in 0.288 secs
task (0,0,0,15): 0.746390 1.091125 = -584.974761 in 0.289 secs
task (0,0,0,16): 6.264223 2.140557 = -1.056911 in 0.288 secs
task (0,0,0,17): 0.543343 2.629320 = -466.535359 in 0.288 secs
task (0,0,0,18): 7.467541 2.847454 = -0.500332 in 0.289 secs
task (0,0,0,19): 3.918825 1.248767 = -7.936335 in 0.289 secs
task (0,0,0,20): 3.775701 0.320322 = -14.043951 in 0.288 secs
task (0,0,0,21): -0.903495 2.160743 = -391.230295 in 0.289 secs
task (0,0,0,22): 1.085106 2.529967 = -439.894127 in 0.289 secs
task (0,0,0,23): 5.368070 4.779014 = -1.480244 in 0.288 secs
task (0,0,0,24): -3.093214 3.554757 = -457.856724 in 0.288 secs
task (0,0,0,25): 7.311651 1.297101 = -0.746858 in 0.289 secs
task (0,0,0,26): -0.028489 3.674486 = -252.403371 in 0.289 secs
task (0,0,0,27): 0.140103 1.670141 = -385.716697 in 0.288 secs
task (0,0,0,28): 1.986908 1.436767 = -119.659987 in 0.289 secs
task (0,0,0,29): 4.200018 4.203910 = -4.327898 in 0.289 secs
task (0,0,0,30): 4.389020 2.630028 = -3.959994 in 0.288 secs
task (0,0,0,31): 6.651909 2.534205 = -0.793203 in 0.288 secs
BEST @     0:        0.7463904326119490        1.0911246374253851     -584.9747608949054438
task (0,0,1,0): -0.223094 2.788531 = -194.025884 in 0.289 secs
task (0,0,1,1): 2.954943 0.317536 = -38.810045 in 0.289 secs
task (0,0,1,2): 2.869236 3.128802 = -24.282267 in 0.289 secs
task (0,0,1,3): -2.283746 2.770107 = -464.635820 in 0.289 secs
task (0,0,1,4): 1.833187 1.166473 = -162.922106 in 0.289 secs
task (0,0,1,5): 1.212903 0.924399 = -464.809683 in 0.289 secs
task (0,0,1,6): -0.338018 2.375924 = -205.585303 in 0.288 secs
task (0,0,1,7): 2.493876 0.273591 = -78.988505 in 0.291 secs
task (0,0,1,8): 0.833469 4.621669 = -458.230374 in 0.290 secs
task (0,0,1,9): 4.948254 1.406227 = -3.012668 in 0.288 secs
task (0,0,1,10): -1.586833 2.551137 = -449.279634 in 0.289 secs
task (0,0,1,11): 1.118108 1.620312 = -451.908213 in 0.289 secs
task (0,0,1,12): -1.441994 3.291373 = -147.588039 in 0.289 secs
task (0,0,1,13): -3.935800 0.813389 = -9.382368 in 0.289 secs
task (0,0,1,14): 6.196981 2.535878 = -1.028204 in 0.289 secs
task (0,0,1,15): 7.765322 1.567271 = -0.566619 in 0.289 secs
task (0,0,1,16): -0.085835 2.280786 = -264.514205 in 0.289 secs
task (0,0,1,17): 0.108212 1.424654 = -421.818946 in 0.289 secs
task (0,0,1,18): 0.809159 3.119249 = -460.064865 in 0.289 secs
task (0,0,1,19): 1.576212 1.437645 = -248.167257 in 0.289 secs
task (0,0,1,20): -1.698782 1.610259 = -360.812465 in 0.289 secs
task (0,0,1,21): 1.323769 2.572094 = -354.236908 in 0.289 secs
task (0,0,1,22): -1.643753 1.833890 = -404.367904 in 0.289 secs
task (0,0,1,23): 6.755425 0.716076 = -1.192204 in 0.288 secs
task (0,0,1,24): 1.927714 2.069105 = -127.403703 in 0.289 secs
task (0,0,1,25): 2.463008 1.619477 = -51.197858 in 0.289 secs
task (0,0,1,26): 0.953867 4.219047 = -451.886449 in 0.289 secs
task (0,0,1,27): 0.534015 1.378967 = -513.604013 in 0.289 secs
task (0,0,1,28): 0.084205 2.317099 = -327.719193 in 0.289 secs
task (0,0,1,29): 1.041776 4.443667 = -440.929661 in 0.289 secs
task (0,0,1,30): -3.444469 2.266671 = -421.199695 in 0.288 secs
task (0,0,1,31): 0.562785 4.123913 = -465.881404 in 0.292 secs
BEST @     1:        0.7463904326119490        1.0911246374253851     -584.9747608949054438
task (0,0,2,0): 0.332694 3.001308 = -425.086025 in 0.289 secs
task (0,0,2,1): 2.542073 2.244996 = -42.628978 in 0.289 secs
task (0,0,2,2): -3.355861 2.691337 = -157.278925 in 0.289 secs
task (0,0,2,3): 2.169826 3.199081 = -79.366202 in 0.289 secs
task (0,0,2,4): 0.858406 1.850472 = -479.897100 in 0.289 secs
task (0,0,2,5): 3.448592 4.170026 = -10.382641 in 0.288 secs
task (0,0,2,6): 0.914651 3.112020 = -457.644271 in 0.289 secs
task (0,0,2,7): 3.409198 2.784349 = -11.530672 in 0.289 secs
task (0,0,2,8): 0.382762 3.866754 = -438.468743 in 0.288 secs
task (0,0,2,9): 4.158164 2.029202 = -5.328241 in 0.288 secs
task (0,0,2,10): 1.738575 4.401992 = -174.026865 in 0.289 secs
task (0,0,2,11): 3.348495 4.213817 = -11.839066 in 0.289 secs
task (0,0,2,12): -0.112646 1.519510 = -394.395751 in 0.288 secs
task (0,0,2,13): 3.573974 2.828644 = -9.356156 in 0.289 secs
task (0,0,2,14): 0.311181 3.425771 = -416.112583 in 0.289 secs
task (0,0,2,15): -0.186967 2.759893 = -205.975916 in 0.288 secs
task (0,0,2,16): 0.683360 1.921068 = -475.356966 in 0.289 secs
task (0,0,2,17): 4.327848 2.514758 = -4.248653 in 0.289 secs
task (0,0,2,18): -0.521337 2.245076 = -235.311609 in 0.289 secs
task (0,0,2,19): -1.948731 2.538297 = -471.203396 in 0.288 secs
task (0,0,2,20): -0.319776 1.684397 = -379.267505 in 0.289 secs
task (0,0,2,21): 0.648607 1.668634 = -487.918330 in 0.289 secs
task (0,0,2,22): -0.025670 1.583066 = -366.622265 in 0.288 secs
task (0,0,2,23): 2.270754 1.749541 = -70.173915 in 0.289 secs
task (0,0,2,24): 0.613766 3.496138 = -466.468473 in 0.289 secs
task (0,0,2,25): -2.526200 1.697348 = -462.118946 in 0.288 secs
task (0,0,2,26): 0.980143 2.560936 = -455.490030 in 0.288 secs
task (0,0,2,27): 1.761088 2.589318 = -169.859559 in 0.289 secs
task (0,0,2,28): -4.479738 2.852843 = -379.251293 in 0.289 secs
task (0,0,2,29): -0.296490 2.696289 = -181.009591 in 0.288 secs
task (0,0,2,30): -1.102052 2.910144 = -169.046179 in 0.289 secs
task (0,0,2,31): -0.988258 2.907880 = -147.559201 in 0.289 secs
BEST @     2:        0.7463904326119490        1.0911246374253851     -584.9747608949054438
task (0,0,3,0): -0.630671 1.253731 = -586.266491 in 0.288 secs
task (0,0,3,1): -2.127205 3.741469 = -213.726744 in 0.288 secs
task (0,0,3,2): -1.595583 3.553766 = -119.376293 in 0.289 secs
task (0,0,3,3): -0.312025 1.599090 = -413.551446 in 0.290 secs
task (0,0,3,4): 1.535808 3.153488 = -251.375622 in 0.289 secs
task (0,0,3,5): -2.186814 1.939468 = -288.660899 in 0.289 secs
task (0,0,3,6): 0.769650 3.308289 = -459.316892 in 0.289 secs
task (0,0,3,7): -1.935845 3.735818 = -153.563738 in 0.289 secs
task (0,0,3,8): 2.553323 3.282251 = -40.276152 in 0.288 secs
task (0,0,3,9): -0.079737 3.219621 = -233.747152 in 0.289 secs
task (0,0,3,10): -2.533176 3.507889 = -442.510178 in 0.289 secs
task (0,0,3,11): 3.053172 3.399372 = -18.277482 in 0.288 secs
task (0,0,3,12): -0.537701 3.194922 = -112.161495 in 0.289 secs
task (0,0,3,13): -0.896001 3.013960 = -117.779779 in 0.289 secs
task (0,0,3,14): 1.142924 2.526724 = -425.549935 in 0.289 secs
task (0,0,3,15): -1.684587 2.856887 = -408.323877 in 0.289 secs
task (0,0,3,16): -0.613248 2.141307 = -288.842642 in 0.289 secs
task (0,0,3,17): 1.072267 2.963009 = -439.305309 in 0.289 secs
task (0,0,3,18): 0.249132 1.716228 = -419.181570 in 0.289 secs
task (0,0,3,19): -1.744939 2.282529 = -474.762247 in 0.289 secs
task (0,0,3,20): 2.446108 3.676979 = -48.073408 in 0.289 secs
task (0,0,3,21): 0.359852 1.671488 = -454.386620 in 0.289 secs
task (0,0,3,22): 2.334808 2.356670 = -60.421671 in 0.289 secs
task (0,0,3,23): 0.637943 1.661364 = -488.380927 in 0.289 secs
task (0,0,3,24): 2.223397 2.900488 = -72.420626 in 0.289 secs
task (0,0,3,25): 0.803565 2.549787 = -463.181982 in 0.289 secs
task (0,0,3,26): -2.102499 2.209380 = -350.945132 in 0.289 secs
task (0,0,3,27): 1.369203 2.832685 = -331.053058 in 0.289 secs
task (0,0,3,28): 1.132871 1.131376 = -480.513744 in 0.289 secs
task (0,0,3,29): -0.511185 2.121890 = -269.002962 in 0.290 secs
task (0,0,3,30): -1.623937 2.861871 = -385.888231 in 0.290 secs
task (0,0,3,31): 1.572863 3.003046 = -236.038909 in 0.289 secs
BEST @     3:       -0.6306708393284531        1.2537306366100283     -586.2664911170262485
task (0,0,4,0): -0.174034 2.490906 = -224.391402 in 0.288 secs
task (0,0,4,1): -0.895611 2.596511 = -210.484252 in 0.289 secs
task (0,0,4,2): -2.171418 2.116764 = -295.400005 in 0.289 secs
task (0,0,4,3): -0.644195 1.957137 = -377.921587 in 0.288 secs
task (0,0,4,4): 0.089511 2.846538 = -317.955944 in 0.289 secs
task (0,0,4,5): -0.484612 2.780018 = -146.270367 in 0.289 secs
task (0,0,4,6): -1.978330 2.769291 = -454.896922 in 0.288 secs
task (0,0,4,7): -0.174414 2.528812 = -221.822637 in 0.288 secs
task (0,0,4,8): 1.584925 3.615129 = -229.929654 in 0.289 secs
task (0,0,4,9): -0.160703 2.632214 = -220.062030 in 0.289 secs
task (0,0,4,10): 0.666400 2.124124 = -470.881937 in 0.288 secs
task (0,0,4,11): -0.651316 4.463435 = -71.031901 in 0.289 secs
task (0,0,4,12): 0.862609 1.999707 = -474.130801 in 0.289 secs
task (0,0,4,13): -0.692443 2.212987 = -286.374056 in 0.289 secs
task (0,0,4,14): 1.388288 3.075987 = -320.885344 in 0.289 secs
task (0,0,4,15): 1.524623 2.505507 = -258.545071 in 0.289 secs
task (0,0,4,16): -1.740142 1.129521 = -535.716071 in 0.289 secs
task (0,0,4,17): 2.087546 0.441049 = -133.401851 in 0.289 secs
task (0,0,4,18): -0.092955 3.206126 = -228.405431 in 0.289 secs
task (0,0,4,19): -1.063972 1.000989 = -620.995755 in 0.289 secs
task (0,0,4,20): 0.778417 1.684745 = -487.215547 in 0.288 secs
task (0,0,4,21): -0.171853 2.493935 = -224.786871 in 0.288 secs
task (0,0,4,22): -1.394870 1.662223 = -443.928758 in 0.289 secs
task (0,0,4,23): -0.481207 3.257292 = -117.705790 in 0.289 secs
task (0,0,4,24): 1.509766 1.930332 = -269.711077 in 0.289 secs
task (0,0,4,25): 2.207092 0.839425 = -91.512357 in 0.289 secs
task (0,0,4,26): 0.194728 2.082222 = -383.348084 in 0.289 secs
task (0,0,4,27): -0.822704 3.258156 = -89.296258 in 0.289 secs
task (0,0,4,28): 0.330387 2.362253 = -428.874412 in 0.289 secs
task (0,0,4,29): -0.581741 1.286248 = -578.004646 in 0.289 secs
task (0,0,4,30): 2.720194 2.869255 = -30.962101 in 0.289 secs
task (0,0,4,31): 3.845629 1.127491 = -8.872269 in 0.288 secs
BEST @     4:       -1.0639720559090839        1.0009886624322395     -620.9957547351721132
task (0,0,5,0): 0.914369 1.519959 = -498.722754 in 0.289 secs
task (0,0,5,1): 1.710200 2.335970 = -187.257441 in 0.289 secs
task (0,0,5,2): -0.278253 0.032093 = -228.244768 in 0.288 secs
task (0,0,5,3): 0.253569 2.798858 = -396.080588 in 0.288 secs
task (0,0,5,4): -1.015531 1.672668 = -506.058947 in 0.289 secs
task (0,0,5,5): -0.019907 2.308344 = -285.258940 in 0.289 secs
task (0,0,5,6): -0.055547 1.027494 = -657.762579 in 0.288 secs
task (0,0,5,7): -0.777425 2.754332 = -150.996918 in 0.289 secs
task (0,0,5,8): 0.775081 1.675510 = -487.749953 in 0.289 secs
task (0,0,5,9): -2.159849 1.279163 = -481.683257 in 0.288 secs
task (0,0,5,10): -1.049211 2.005354 = -463.111295 in 0.288 secs
task (0,0,5,11): -1.106038 1.673171 = -505.484157 in 0.289 secs
task (0,0,5,12): 0.937944 1.795108 = -478.415538 in 0.289 secs
task (0,0,5,13): 1.413567 2.559155 = -310.595244 in 0.288 secs
task (0,0,5,14): -0.004107 1.122991 = -589.269792 in 0.289 secs
task (0,0,5,15): 1.962515 1.830387 = -121.070002 in 0.289 secs
task (0,0,5,16): -0.852856 1.999529 = -431.243733 in 0.289 secs
task (0,0,5,17): -1.434593 1.588877 = -411.081771 in 0.289 secs
task (0,0,5,18): -3.553615 0.859475 = -15.595667 in 0.289 secs
task (0,0,5,19): -0.403940 0.937617 = -711.075019 in 0.289 secs
task (0,0,5,20): -1.536922 0.959961 = -509.648620 in 0.288 secs
task (0,0,5,21): -0.366233 2.326430 = -210.886079 in 0.289 secs
task (0,0,5,22): -1.867762 0.793280 = -179.284667 in 0.289 secs
task (0,0,5,23): -0.623227 0.429688 = -504.558595 in 0.288 secs
task (0,0,5,24): -0.380798 0.933263 = -714.440846 in 0.289 secs
task (0,0,5,25): -0.920993 2.195851 = -383.503789 in 0.289 secs
task (0,0,5,26): -3.473198 1.242558 = -45.898592 in 0.288 secs
task (0,0,5,27): 1.411766 2.097394 = -315.005014 in 0.291 secs
task (0,0,5,28): -0.680399 0.884560 = -718.307056 in 0.289 secs
task (0,0,5,29): 1.725347 2.185545 = -183.052844 in 0.289 secs
task (0,0,5,30): -1.376642 1.374337 = -435.587192 in 0.288 secs
task (0,0,5,31): -0.158254 2.430665 = -232.858684 in 0.289 secs
BEST @     5:       -0.6803988095700337        0.8845599271931905     -718.3070558265494583
task (0,0,6,0): 0.195896 0.111956 = -661.491332 in 0.289 secs
task (0,0,6,1): -1.081014 2.736892 = -216.570919 in 0.288 secs
task (0,0,6,2): -2.612142 0.722529 = -40.118946 in 0.288 secs
task (0,0,6,3): 0.616528 1.979655 = -474.910803 in 0.289 secs
task (0,0,6,4): -2.183644 2.555360 = -446.124779 in 0.289 secs
task (0,0,6,5): -0.966967 0.320592 = -204.562458 in 0.288 secs
task (0,0,6,6): 1.206970 2.020744 = -410.417435 in 0.289 secs
task (0,0,6,7): -0.455911 1.432586 = -516.699101 in 0.289 secs
task (0,0,6,8): 1.320852 0.797570 = -416.916838 in 0.288 secs
task (0,0,6,9): -0.746087 0.749692 = -718.658575 in 0.289 secs
task (0,0,6,10): -2.697944 0.355011 = -16.642315 in 0.289 secs
task (0,0,6,11): -2.050265 1.611132 = -427.948585 in 0.291 secs
task (0,0,6,12): -3.173865 1.102126 = -48.595198 in 0.288 secs
task (0,0,6,13): 1.675160 2.720571 = -197.753695 in 0.289 secs
task (0,0,6,14): 0.189593 1.411886 = -439.587471 in 0.289 secs
task (0,0,6,15): -2.102399 2.277956 = -378.986952 in 0.289 secs
task (0,0,6,16): -0.422984 1.691808 = -410.400664 in 0.289 secs
task (0,0,6,17): -0.501466 0.680895 = -796.866342 in 0.289 secs
task (0,0,6,18): -1.248015 1.368638 = -445.940943 in 0.289 secs
task (0,0,6,19): -1.173919 3.183468 = -120.573784 in 0.288 secs
task (0,0,6,20): -1.531168 3.010720 = -276.647248 in 0.289 secs
task (0,0,6,21): -0.758924 2.276914 = -283.449286 in 0.289 secs
task (0,0,6,22): 0.473007 2.241080 = -462.037577 in 0.288 secs
task (0,0,6,23): -1.049099 1.026454 = -610.989902 in 0.289 secs
task (0,0,6,24): -0.906637 0.978158 = -645.085904 in 0.289 secs
task (0,0,6,25): -1.705220 0.434582 = -78.729558 in 0.289 secs
task (0,0,6,26): -2.826790 1.453348 = -319.046487 in 0.288 secs
task (0,0,6,27): 0.487906 0.998278 = -645.845070 in 0.289 secs
task (0,0,6,28): 0.287431 1.668929 = -434.442562 in 0.289 secs
task (0,0,6,29): 0.996587 2.119692 = -460.541629 in 0.289 secs
task (0,0,6,30): 0.098631 2.085731 = -343.247179 in 0.289 secs
task (0,0,6,31): 0.198290 2.335681 = -378.278208 in 0.289 secs
BEST @     6:       -0.5014663899502799        0.6808947527189424     -796.8663424286187364
task (0,0,7,0): -0.685949 0.258027 = -279.284469 in 0.289 secs
task (0,0,7,1): 0.563617 1.103742 = -592.157630 in 0.288 secs
task (0,0,7,2): 1.079265 1.510309 = -468.580534 in 0.289 secs
task (0,0,7,3): -1.638623 1.986372 = -452.354129 in 0.289 secs
task (0,0,7,4): -1.288273 0.871966 = -558.609427 in 0.289 secs
task (0,0,7,5): 0.575726 0.356910 = -990.567482 in 0.289 secs
task (0,0,7,6): 0.370377 1.012261 = -643.848588 in 0.289 secs
task (0,0,7,7): -0.646172 1.044498 = -638.098382 in 0.289 secs
task (0,0,7,8): 0.294514 1.217018 = -523.936310 in 0.289 secs
task (0,0,7,9): -0.144418 0.849602 = -762.313260 in 0.289 secs
task (0,0,7,10): -0.273021 0.992010 = -690.455521 in 0.289 secs
task (0,0,7,11): -0.589290 1.216268 = -598.198843 in 0.288 secs
task (0,0,7,12): -0.133846 0.816037 = -780.654187 in 0.289 secs
task (0,0,7,13): -0.211142 0.168258 = -467.693479 in 0.289 secs
task (0,0,7,14): 0.652414 1.187155 = -562.258320 in 0.288 secs
task (0,0,7,15): 0.963251 0.528281 = -698.829575 in 0.288 secs
task (0,0,7,16): -0.475175 0.944912 = -703.266994 in 0.289 secs
task (0,0,7,17): 0.222279 0.505146 = -957.101358 in 0.289 secs
task (0,0,7,18): -0.466767 0.319903 = -478.217404 in 0.288 secs
task (0,0,7,19): -0.892489 1.512838 = -527.854050 in 0.289 secs
task (0,0,7,20): 0.570569 0.707329 = -816.126338 in 0.289 secs
task (0,0,7,21): -0.718947 1.205492 = -582.516986 in 0.288 secs
task (0,0,7,22): -0.281896 0.984737 = -693.874898 in 0.288 secs
task (0,0,7,23): -0.320149 1.176605 = -605.828249 in 0.289 secs
task (0,0,7,24): -0.372168 1.337201 = -540.228550 in 0.289 secs
task (0,0,7,25): -0.522264 0.632504 = -775.933270 in 0.291 secs
task (0,0,7,26): -0.963355 0.662250 = -547.438816 in 0.289 secs
task (0,0,7,27): 0.320424 1.458818 = -463.866014 in 0.289 secs
task (0,0,7,28): -0.876154 0.159675 = -154.734083 in 0.289 secs
task (0,0,7,29): -2.582228 0.692055 = -38.813116 in 0.289 secs
task (0,0,7,30): -0.312404 1.570121 = -426.281998 in 0.289 secs
task (0,0,7,31): -0.015987 2.292189 = -287.586717 in 0.289 secs
BEST @     7:        0.5757262410902461        0.3569100835082238     -990.5674823614297111
task (0,0,8,0): 0.371715 0.754511 = -825.272197 in 0.288 secs
task (0,0,8,1): 0.965170 0.416080 = -735.202703 in 0.289 secs
task (0,0,8,2): -1.136743 0.093518 = -77.548920 in 0.289 secs
task (0,0,8,3): 0.423153 1.481539 = -483.447767 in 0.289 secs
task (0,0,8,4): 2.844750 0.001969 = -25.112931 in 0.289 secs
task (0,0,8,5): 0.339628 0.924779 = -708.799793 in 0.289 secs
task (0,0,8,6): -1.827121 1.925767 = -362.772312 in 0.289 secs
task (0,0,8,7): -0.149800 1.209428 = -560.627673 in 0.288 secs
task (0,0,8,8): -0.314989 1.203356 = -592.850154 in 0.289 secs
task (0,0,8,9): -0.837461 1.237755 = -553.093593 in 0.289 secs
task (0,0,8,10): -0.675212 1.224693 = -587.457441 in 0.288 secs
task (0,0,8,11): -0.284649 2.024912 = -266.962632 in 0.288 secs
task (0,0,8,12): 1.463682 0.916030 = -323.666711 in 0.289 secs
task (0,0,8,13): 0.275017 0.815604 = -788.706679 in 0.288 secs
task (0,0,8,14): -0.060972 1.345726 = -465.686490 in 0.288 secs
task (0,0,8,15): -1.216660 2.101004 = -464.786382 in 0.289 secs
task (0,0,8,16): 0.256481 0.029650 = -500.602775 in 0.289 secs
task (0,0,8,17): 0.194049 1.201589 = -524.491524 in 0.288 secs
task (0,0,8,18): -0.053677 1.586401 = -365.332823 in 0.289 secs
task (0,0,8,19): -0.078686 1.671258 = -343.365683 in 0.289 secs
task (0,0,8,20): 0.556144 0.454999 = -957.757116 in 0.288 secs
task (0,0,8,21): 0.852251 1.037998 = -585.170809 in 0.288 secs
task (0,0,8,22): -1.497640 1.318259 = -479.881064 in 0.289 secs
task (0,0,8,23): -1.568674 2.051689 = -476.420474 in 0.289 secs
task (0,0,8,24): 0.617504 0.156452 = -924.890209 in 0.288 secs
task (0,0,8,25): -2.595055 2.417418 = -236.773762 in 0.289 secs
task (0,0,8,26): -1.113417 1.355575 = -478.243954 in 0.289 secs
task (0,0,8,27): -0.941475 0.935959 = -656.785015 in 0.288 secs
task (0,0,8,28): 1.218190 0.377552 = -554.946408 in 0.288 secs
task (0,0,8,29): -0.523418 1.948970 = -336.293255 in 0.289 secs
task (0,0,8,30): -0.360958 1.985422 = -282.662967 in 0.289 secs
task (0,0,8,31): -1.501864 0.987987 = -544.829223 in 0.288 secs
BEST @     8:        0.5757262410902461        0.3569100835082238     -990.5674823614297111
task (0,0,9,0): -0.579765 1.248526 = -589.659836 in 0.289 secs
task (0,0,9,1): 0.695078 0.085923 = -777.007450 in 0.289 secs
task (0,0,9,2): -0.044240 0.328517 = -828.978673 in 0.288 secs
task (0,0,9,3): 0.438331 1.088234 = -596.831468 in 0.289 secs
task (0,0,9,4): 1.117121 0.044060 = -548.926671 in 0.289 secs
task (0,0,9,5): -1.322939 0.730324 = -392.638554 in 0.289 secs
task (0,0,9,6): 0.914066 0.613940 = -700.750487 in 0.288 secs
task (0,0,9,7): 1.381010 0.481959 = -420.624887 in 0.289 secs
task (0,0,9,8): 0.550345 0.931556 = -679.114050 in 0.289 secs
task (0,0,9,9): 0.589371 0.506002 = -923.765570 in 0.289 secs
task (0,0,9,10): 0.000215 1.638174 = -356.593173 in 0.289 secs
task (0,0,9,11): -0.708938 1.054361 = -626.180851 in 0.292 secs
task (0,0,9,12): -0.000973 0.746520 = -819.412201 in 0.289 secs
task (0,0,9,13): 0.906734 0.072632 = -683.914560 in 0.288 secs
task (0,0,9,14): 1.750183 0.529320 = -223.187684 in 0.289 secs
task (0,0,9,15): 0.773200 0.029207 = -583.741428 in 0.289 secs
task (0,0,9,16): -0.054626 1.076104 = -626.662232 in 0.289 secs
task (0,0,9,17): 0.724239 0.882748 = -670.068789 in 0.289 secs
task (0,0,9,18): 0.842571 0.186482 = -859.645622 in 0.289 secs
task (0,0,9,19): -0.367637 0.992769 = -687.663409 in 0.290 secs
task (0,0,9,20): 0.654931 1.203836 = -557.492870 in 0.289 secs
task (0,0,9,21): -0.402671 0.865876 = -752.809281 in 0.289 secs
task (0,0,9,22): -0.201044 0.839352 = -768.009643 in 0.289 secs
task (0,0,9,23): 1.724971 0.434029 = -243.551644 in 0.291 secs
task (0,0,9,24): 0.364373 0.958628 = -682.070474 in 0.289 secs
task (0,0,9,25): -0.249740 1.166506 = -602.607516 in 0.289 secs
task (0,0,9,26): 0.661975 0.745239 = -762.244283 in 0.289 secs
task (0,0,9,27): 0.389451 0.580536 = -922.834371 in 0.288 secs
task (0,0,9,28): -1.135582 0.381666 = -180.831092 in 0.289 secs
task (0,0,9,29): 1.439309 0.014721 = -333.517421 in 0.289 secs
task (0,0,9,30): -0.086442 0.852765 = -760.404335 in 0.289 secs
task (0,0,9,31): 0.647378 0.574429 = -865.566864 in 0.289 secs
BEST @     9:        0.5757262410902461        0.3569100835082238     -990.5674823614297111
task (0,0,10,0): 0.843346 0.130599 = -814.085362 in 0.289 secs
task (0,0,10,1): 0.728554 0.564238 = -831.720835 in 0.289 secs
task (0,0,10,2): 0.511706 0.656555 = -864.351516 in 0.289 secs
task (0,0,10,3): 0.009607 1.287605 = -485.414734 in 0.289 secs
task (0,0,10,4): 1.492395 0.197174 = -397.515828 in 0.289 secs
task (0,0,10,5): -0.194602 1.680817 = -349.235740 in 0.289 secs
task (0,0,10,6): 0.509513 0.157045 = -920.383054 in 0.289 secs
task (0,0,10,7): 0.084313 0.731749 = -829.312884 in 0.289 secs
task (0,0,10,8): 0.171242 0.463672 = -974.347810 in 0.289 secs
task (0,0,10,9): 0.581532 0.675301 = -832.450875 in 0.289 secs
task (0,0,10,10): 0.730235 0.535277 = -845.405327 in 0.289 secs
task (0,0,10,11): 0.084888 1.299465 = -472.006451 in 0.289 secs
task (0,0,10,12): 0.024124 0.261434 = -790.824349 in 0.289 secs
task (0,0,10,13): 0.719424 0.730815 = -748.161051 in 0.289 secs
task (0,0,10,14): -0.450452 0.831090 = -772.593118 in 0.289 secs
task (0,0,10,15): 0.437540 0.612313 = -903.031543 in 0.289 secs
task (0,0,10,16): 0.867662 0.253949 = -852.183783 in 0.289 secs
task (0,0,10,17): 0.209138 0.452576 = -980.512442 in 0.289 secs
task (0,0,10,18): 0.487294 0.657686 = -869.224320 in 0.289 secs
task (0,0,10,19): -0.050629 0.468891 = -930.135896 in 0.289 secs
task (0,0,10,20): 0.750723 0.703772 = -748.761118 in 0.289 secs
task (0,0,10,21): 0.601166 0.831170 = -729.714646 in 0.289 secs
task (0,0,10,22): 0.080830 0.516230 = -949.597798 in 0.289 secs
task (0,0,10,23): 0.088673 0.991498 = -670.389590 in 0.289 secs
task (0,0,10,24): 0.157777 0.499229 = -959.201534 in 0.289 secs
task (0,0,10,25): 0.929977 0.302050 = -795.902113 in 0.289 secs
task (0,0,10,26): 0.360544 0.684496 = -868.546931 in 0.289 secs
task (0,0,10,27): 0.719894 1.253906 = -543.150453 in 0.289 secs
task (0,0,10,28): 0.311828 0.635425 = -894.648852 in 0.289 secs
task (0,0,10,29): 1.219327 0.515110 = -525.383619 in 0.289 secs
task (0,0,10,30): -0.324041 0.560717 = -841.001303 in 0.289 secs
task (0,0,10,31): -0.044857 0.338457 = -840.784697 in 0.289 secs
BEST @    10:        0.5757262410902461        0.3569100835082238     -990.5674823614297111
task (0,0,11,0): 0.348954 0.221706 = -957.162564 in 0.289 secs
task (0,0,11,1): 0.752244 0.245095 = -930.620788 in 0.288 secs
task (0,0,11,2): 0.159653 0.462566 = -973.935436 in 0.289 secs
task (0,0,11,3): -0.097167 0.521130 = -922.076251 in 0.289 secs
task (0,0,11,4): 0.187370 0.594421 = -908.495285 in 0.289 secs
task (0,0,11,5): 0.073230 0.528835 = -943.939329 in 0.289 secs
task (0,0,11,6): 0.176987 0.131825 = -688.014367 in 0.289 secs
task (0,0,11,7): 0.249534 0.295246 = -978.884305 in 0.289 secs
task (0,0,11,8): 0.084930 0.399814 = -961.521837 in 0.288 secs
task (0,0,11,9): 0.789480 0.011749 = -512.808402 in 0.289 secs
task (0,0,11,10): 0.513161 0.541434 = -927.355678 in 0.289 secs
task (0,0,11,11): 0.025260 0.066520 = -464.258395 in 0.289 secs
task (0,0,11,12): -0.662906 0.518612 = -587.596021 in 0.289 secs
task (0,0,11,13): 0.334858 0.950407 = -690.370631 in 0.289 secs
task (0,0,11,14): 0.593705 0.337036 = -990.874003 in 0.289 secs
task (0,0,11,15): -0.348701 0.843857 = -767.017270 in 0.288 secs
task (0,0,11,16): -0.681440 0.939639 = -691.866118 in 0.289 secs
task (0,0,11,17): 0.880731 0.461298 = -782.288757 in 0.289 secs
task (0,0,11,18): -0.363670 0.707921 = -836.887036 in 0.289 secs
task (0,0,11,19): -0.029283 0.779603 = -800.705017 in 0.289 secs
task (0,0,11,20): 0.436152 0.171413 = -923.802096 in 0.290 secs
task (0,0,11,21): 0.027024 0.723118 = -832.850497 in 0.289 secs
task (0,0,11,22): -0.224490 0.386419 = -758.342049 in 0.289 secs
task (0,0,11,23): 0.133840 0.780614 = -804.856597 in 0.296 secs
task (0,0,11,24): 0.244330 0.651425 = -882.298407 in 0.289 secs
task (0,0,11,25): 0.506906 0.133244 = -876.326759 in 0.292 secs
task (0,0,11,26): 0.132000 0.414992 = -977.625846 in 0.292 secs
task (0,0,11,27): 0.571804 0.241726 = -999.040290 in 0.294 secs
task (0,0,11,28): -0.286079 0.351930 = -662.603353 in 0.288 secs
task (0,0,11,29): -0.219092 0.381671 = -756.646450 in 0.291 secs
task (0,0,11,30): -0.036707 0.709788 = -841.484175 in 0.289 secs
task (0,0,11,31): 0.759895 0.762999 = -715.426648 in 0.289 secs
BEST @    11:        0.5718040942501054        0.2417258058585472     -999.0402904796744679
task (0,0,12,0): -0.155170 0.480089 = -888.406026 in 0.288 secs
task (0,0,12,1): 0.608898 0.364557 = -977.285231 in 0.290 secs
task (0,0,12,2): 0.042930 0.475666 = -956.403856 in 0.292 secs
task (0,0,12,3): 0.760351 0.635027 = -778.936109 in 0.289 secs
task (0,0,12,4): 0.195922 0.647938 = -880.503321 in 0.289 secs
task (0,0,12,5): -0.104244 0.476761 = -910.873063 in 0.289 secs
task (0,0,12,6): 0.165026 0.254341 = -891.458738 in 0.289 secs
task (0,0,12,7): 0.225377 0.637729 = -887.859513 in 0.289 secs
task (0,0,12,8): 0.464564 0.178971 = -943.344918 in 0.289 secs
task (0,0,12,9): 0.294984 0.677796 = -871.748020 in 0.289 secs
task (0,0,12,10): 0.959993 0.211011 = -779.231104 in 0.289 secs
task (0,0,12,11): 0.293648 0.289899 = -991.964800 in 0.289 secs
task (0,0,12,12): 0.625874 0.125416 = -873.030341 in 0.289 secs
task (0,0,12,13): 0.715552 0.265669 = -951.069789 in 0.289 secs
task (0,0,12,14): 0.524148 0.259541 = -1010.309910 in 0.289 secs
task (0,0,12,15): 0.546670 0.156483 = -924.633087 in 0.289 secs
task (0,0,12,16): 0.119403 0.407569 = -973.955675 in 0.289 secs
task (0,0,12,17): 1.132496 0.333058 = -628.655047 in 0.289 secs
task (0,0,12,18): -0.294735 0.547294 = -849.674398 in 0.289 secs
task (0,0,12,19): -0.272103 1.058575 = -658.295802 in 0.289 secs
task (0,0,12,20): 0.095809 0.601740 = -903.612979 in 0.289 secs
task (0,0,12,21): -0.089467 0.857720 = -757.724649 in 0.288 secs
task (0,0,12,22): -0.249576 0.504593 = -852.010898 in 0.289 secs
task (0,0,12,23): 0.020697 0.430700 = -946.750551 in 0.289 secs
task (0,0,12,24): 0.353643 0.210913 = -946.394077 in 0.289 secs
task (0,0,12,25): 0.508557 0.032171 = -586.515493 in 0.289 secs
task (0,0,12,26): -0.122106 0.624738 = -895.002229 in 0.289 secs
task (0,0,12,27): 0.182484 0.140076 = -707.917438 in 0.290 secs
task (0,0,12,28): 0.457764 0.472102 = -968.904230 in 0.289 secs
task (0,0,12,29): 0.326314 0.731648 = -841.543613 in 0.289 secs
task (0,0,12,30): 0.528859 0.185957 = -962.186616 in 0.289 secs
task (0,0,12,31): 0.159501 0.294672 = -933.769700 in 0.289 secs
BEST @    12:        0.5241475193551201        0.2595407030171403    -1010.3099101534946840
task (0,0,13,0): 0.761817 0.246353 = -925.022770 in 0.289 secs
task (0,0,13,1): 0.543533 0.330751 = -1006.007382 in 0.289 secs
task (0,0,13,2): 0.882855 0.347705 = -821.203876 in 0.288 secs
task (0,0,13,3): 0.516168 0.302434 = -1015.108569 in 0.289 secs
task (0,0,13,4): 0.502526 0.173182 = -943.224827 in 0.289 secs
task (0,0,13,5): 0.293463 0.539016 = -941.440351 in 0.289 secs
task (0,0,13,6): 0.532935 0.108296 = -826.168687 in 0.289 secs
task (0,0,13,7): 0.395441 0.428272 = -992.619208 in 0.289 secs
task (0,0,13,8): 0.040763 0.093922 = -527.663158 in 0.289 secs
task (0,0,13,9): 0.672694 0.205317 = -957.778389 in 0.289 secs
task (0,0,13,10): 0.225973 0.392289 = -996.401770 in 0.289 secs
task (0,0,13,11): 0.316444 0.344133 = -1011.723981 in 0.289 secs
task (0,0,13,12): 0.315606 0.469292 = -975.815256 in 0.289 secs
task (0,0,13,13): 0.142794 0.249618 = -868.778157 in 0.288 secs
task (0,0,13,14): 0.549649 0.251046 = -1005.212532 in 0.289 secs
task (0,0,13,15): 0.318223 0.270171 = -988.349242 in 0.289 secs
task (0,0,13,16): 0.766960 0.045815 = -644.887277 in 0.289 secs
task (0,0,13,17): 0.175164 0.317340 = -960.462604 in 0.289 secs
task (0,0,13,18): 0.393979 0.484917 = -967.732704 in 0.291 secs
task (0,0,13,19): 0.441885 0.249850 = -1005.134067 in 0.289 secs
task (0,0,13,20): 0.211832 0.280125 = -949.561209 in 0.288 secs
task (0,0,13,21): -0.052405 0.562086 = -924.105609 in 0.289 secs
task (0,0,13,22): 0.032361 0.488778 = -952.829913 in 0.289 secs
task (0,0,13,23): 0.220815 0.364491 = -994.961348 in 0.288 secs
task (0,0,13,24): 0.502047 0.305560 = -1016.761448 in 0.288 secs
task (0,0,13,25): 0.517687 0.401590 = -989.089312 in 0.289 secs
task (0,0,13,26): 0.827306 0.163117 = -855.519938 in 0.288 secs
task (0,0,13,27): 0.005393 0.400315 = -927.531443 in 0.288 secs
task (0,0,13,28): 0.577018 0.273708 = -1003.872280 in 0.289 secs
task (0,0,13,29): 0.312456 0.562860 = -930.472343 in 0.289 secs
task (0,0,13,30): 0.185291 0.214454 = -847.269549 in 0.289 secs
task (0,0,13,31): 0.464960 0.288399 = -1018.706604 in 0.289 secs
BEST @    13:        0.4649600185438065        0.2883991994580334    -1018.7066043209297277
task (0,0,14,0): 0.603169 0.266131 = -996.683944 in 0.289 secs
task (0,0,14,1): 0.463633 0.340886 = -1016.120825 in 0.288 secs
task (0,0,14,2): 0.089768 0.409261 = -965.460673 in 0.288 secs
task (0,0,14,3): 0.548366 0.180114 = -956.540142 in 0.289 secs
task (0,0,14,4): 0.503409 0.239326 = -1003.618206 in 0.289 secs
task (0,0,14,5): 0.637325 0.318962 = -979.719357 in 0.289 secs
task (0,0,14,6): 0.302542 0.249264 = -965.481554 in 0.289 secs
task (0,0,14,7): 0.284479 0.414153 = -997.627474 in 0.289 secs
task (0,0,14,8): 0.448009 0.224494 = -989.089064 in 0.288 secs
task (0,0,14,9): 0.387778 0.392697 = -1006.334810 in 0.288 secs
task (0,0,14,10): 0.619423 0.260054 = -991.371400 in 0.289 secs
task (0,0,14,11): 0.524672 0.385274 = -993.758049 in 0.288 secs
task (0,0,14,12): 0.676957 0.166106 = -926.094675 in 0.288 secs
task (0,0,14,13): 0.630336 0.363586 = -969.540346 in 0.289 secs
task (0,0,14,14): 0.744221 0.297571 = -931.069151 in 0.289 secs
task (0,0,14,15): 0.313451 0.387077 = -1006.633261 in 0.288 secs
task (0,0,14,16): 0.515681 0.309912 = -1014.607677 in 0.288 secs
task (0,0,14,17): 0.688727 0.196562 = -947.136669 in 0.289 secs
task (0,0,14,18): 0.355861 0.170047 = -885.375228 in 0.289 secs
task (0,0,14,19): 0.550293 0.412696 = -977.243671 in 0.289 secs
task (0,0,14,20): 0.159625 0.471717 = -970.767911 in 0.289 secs
task (0,0,14,21): 0.249315 0.339814 = -997.769343 in 0.289 secs
task (0,0,14,22): 0.514674 0.422096 = -981.521358 in 0.288 secs
task (0,0,14,23): 0.700773 0.260420 = -958.679153 in 0.288 secs
task (0,0,14,24): 0.540236 0.339773 = -1004.603547 in 0.292 secs
task (0,0,14,25): 0.708671 0.244580 = -954.009871 in 0.289 secs
task (0,0,14,26): 0.848923 0.063390 = -681.918038 in 0.288 secs
task (0,0,14,27): 0.495336 0.282080 = -1016.720701 in 0.289 secs
task (0,0,14,28): 0.505822 0.270429 = -1014.191067 in 0.289 secs
task (0,0,14,29): 0.509630 0.231721 = -999.571219 in 0.289 secs
task (0,0,14,30): 0.667019 0.160313 = -922.085784 in 0.289 secs
task (0,0,14,31): 0.786786 0.074103 = -728.795308 in 0.289 secs
BEST @    14:        0.4649600185438065        0.2883991994580334    -1018.7066043209297277
task (0,0,15,0): 0.443432 0.344927 = -1016.815581 in 0.289 secs
task (0,0,15,1): 0.483012 0.332878 = -1015.680636 in 0.288 secs
task (0,0,15,2): 0.564746 0.277370 = -1006.767751 in 0.289 secs
task (0,0,15,3): 0.430081 0.310938 = -1020.346861 in 0.289 secs
task (0,0,15,4): 0.338596 0.295995 = -1007.076239 in 0.288 secs
task (0,0,15,5): 0.398524 0.309507 = -1018.868020 in 0.289 secs
task (0,0,15,6): 0.590636 0.296197 = -999.680524 in 0.289 secs
task (0,0,15,7): 0.383022 0.300866 = -1016.072269 in 0.289 secs
task (0,0,15,8): 0.385531 0.326223 = -1018.739968 in 0.289 secs
task (0,0,15,9): 0.478839 0.227601 = -995.464912 in 0.289 secs
task (0,0,15,10): 0.450521 0.386059 = -1004.803614 in 0.289 secs
task (0,0,15,11): 0.359966 0.420178 = -996.882569 in 0.288 secs
task (0,0,15,12): 0.504288 0.221098 = -992.637796 in 0.289 secs
task (0,0,15,13): 0.464272 0.268562 = -1014.549564 in 0.289 secs
task (0,0,15,14): 0.568208 0.212428 = -985.150806 in 0.289 secs
task (0,0,15,15): 0.448554 0.332342 = -1018.634650 in 0.291 secs
task (0,0,15,16): 0.487257 0.289518 = -1017.967608 in 0.290 secs
task (0,0,15,17): 0.452654 0.317584 = -1019.913119 in 0.290 secs
task (0,0,15,18): 0.326025 0.218527 = -943.017540 in 0.289 secs
task (0,0,15,19): 0.555016 0.248360 = -1003.700807 in 0.291 secs
task (0,0,15,20): 0.374703 0.351774 = -1016.348191 in 0.289 secs
task (0,0,15,21): 0.379431 0.409627 = -1000.561514 in 0.288 secs
task (0,0,15,22): 0.465125 0.251161 = -1007.979559 in 0.289 secs
task (0,0,15,23): 0.483177 0.337679 = -1014.744007 in 0.289 secs
task (0,0,15,24): 0.526078 0.334656 = -1008.747721 in 0.289 secs
task (0,0,15,25): 0.572429 0.333469 = -998.155985 in 0.288 secs
task (0,0,15,26): 0.547255 0.371664 = -993.391740 in 0.289 secs
task (0,0,15,27): 0.390718 0.287216 = -1013.721134 in 0.289 secs
task (0,0,15,28): 0.252311 0.439735 = -987.335375 in 0.288 secs
task (0,0,15,29): 0.597504 0.252493 = -996.449402 in 0.289 secs
task (0,0,15,30): 0.498847 0.281034 = -1016.351552 in 0.289 secs
task (0,0,15,31): 0.273359 0.425860 = -993.242927 in 0.289 secs
BEST @    15:        0.4300813402658440        0.3109382235926426    -1020.3468613543138872
task (0,0,16,0): 0.405425 0.334914 = -1019.130065 in 0.289 secs
task (0,0,16,1): 0.430087 0.374786 = -1010.143376 in 0.289 secs
task (0,0,16,2): 0.357622 0.320698 = -1015.829688 in 0.289 secs
task (0,0,16,3): 0.490866 0.294457 = -1017.986208 in 0.289 secs
task (0,0,16,4): 0.347066 0.377105 = -1010.595118 in 0.288 secs
task (0,0,16,5): 0.362582 0.398215 = -1004.836315 in 0.289 secs
task (0,0,16,6): 0.449720 0.340461 = -1017.266050 in 0.289 secs
task (0,0,16,7): 0.470084 0.316167 = -1019.049794 in 0.289 secs
task (0,0,16,8): 0.509423 0.278522 = -1015.185282 in 0.289 secs
task (0,0,16,9): 0.517475 0.308980 = -1014.426792 in 0.289 secs
task (0,0,16,10): 0.349561 0.325059 = -1015.204357 in 0.288 secs
task (0,0,16,11): 0.473556 0.327484 = -1017.522150 in 0.288 secs
task (0,0,16,12): 0.528670 0.308569 = -1012.645495 in 0.289 secs
task (0,0,16,13): 0.395916 0.373348 = -1011.993926 in 0.289 secs
task (0,0,16,14): 0.361934 0.348950 = -1016.067575 in 0.288 secs
task (0,0,16,15): 0.421583 0.298901 = -1019.166216 in 0.289 secs
task (0,0,16,16): 0.461420 0.295261 = -1019.468477 in 0.289 secs
task (0,0,16,17): 0.365897 0.314843 = -1016.203102 in 0.288 secs
task (0,0,16,18): 0.436695 0.332998 = -1019.063032 in 0.289 secs
task (0,0,16,19): 0.375128 0.340289 = -1017.596066 in 0.289 secs
task (0,0,16,20): 0.479167 0.322280 = -1017.691290 in 0.289 secs
task (0,0,16,21): 0.412268 0.322921 = -1019.980955 in 0.288 secs
task (0,0,16,22): 0.393223 0.303857 = -1017.719291 in 0.289 secs
task (0,0,16,23): 0.293680 0.382788 = -1006.001647 in 0.289 secs
task (0,0,16,24): 0.421792 0.340076 = -1018.492187 in 0.289 secs
task (0,0,16,25): 0.381077 0.296223 = -1014.798176 in 0.289 secs
task (0,0,16,26): 0.560898 0.254070 = -1004.330383 in 0.289 secs
task (0,0,16,27): 0.457161 0.286652 = -1018.493216 in 0.288 secs
task (0,0,16,28): 0.415871 0.315314 = -1020.116634 in 0.288 secs
task (0,0,16,29): 0.469563 0.320726 = -1018.683650 in 0.289 secs
task (0,0,16,30): 0.436942 0.374508 = -1009.748103 in 0.289 secs
task (0,0,16,31): 0.451659 0.280173 = -1017.178064 in 0.288 secs
BEST @    16:        0.4300813402658440        0.3109382235926426    -1020.3468613543138872
task (0,0,17,0): 0.399017 0.348262 = -1017.396197 in 0.289 secs
task (0,0,17,1): 0.481387 0.299776 = -1018.801963 in 0.289 secs
task (0,0,17,2): 0.377900 0.316274 = -1017.688014 in 0.288 secs
task (0,0,17,3): 0.490234 0.304179 = -1018.056232 in 0.288 secs
task (0,0,17,4): 0.419940 0.330592 = -1019.620550 in 0.289 secs
task (0,0,17,5): 0.411999 0.306027 = -1019.431542 in 0.289 secs
task (0,0,17,6): 0.388931 0.313352 = -1018.447542 in 0.288 secs
task (0,0,17,7): 0.464594 0.325012 = -1018.576954 in 0.289 secs
task (0,0,17,8): 0.457308 0.297138 = -1019.681603 in 0.289 secs
task (0,0,17,9): 0.517834 0.271036 = -1013.317492 in 0.288 secs
task (0,0,17,10): 0.429823 0.328946 = -1019.681360 in 0.289 secs
task (0,0,17,11): 0.412471 0.297240 = -1018.344074 in 0.291 secs
task (0,0,17,12): 0.405098 0.289505 = -1016.116431 in 0.289 secs
task (0,0,17,13): 0.416268 0.322572 = -1020.075430 in 0.288 secs
task (0,0,17,14): 0.486134 0.292560 = -1018.240518 in 0.291 secs
task (0,0,17,15): 0.439951 0.303917 = -1020.176400 in 0.290 secs
task (0,0,17,16): 0.422913 0.305746 = -1019.919075 in 0.288 secs
task (0,0,17,17): 0.398728 0.319711 = -1019.462101 in 0.288 secs
task (0,0,17,18): 0.442055 0.301103 = -1020.014710 in 0.289 secs
task (0,0,17,19): 0.470076 0.292969 = -1019.057735 in 0.289 secs
task (0,0,17,20): 0.434248 0.287599 = -1018.002914 in 0.289 secs
task (0,0,17,21): 0.438755 0.342844 = -1017.461955 in 0.290 secs
task (0,0,17,22): 0.480248 0.302169 = -1018.892743 in 0.289 secs
task (0,0,17,23): 0.445891 0.307002 = -1020.286864 in 0.288 secs
task (0,0,17,24): 0.501367 0.263758 = -1012.916413 in 0.289 secs
task (0,0,17,25): 0.513066 0.295711 = -1015.736264 in 0.289 secs
task (0,0,17,26): 0.481857 0.315968 = -1018.111506 in 0.289 secs
task (0,0,17,27): 0.496031 0.314616 = -1016.758935 in 0.288 secs
task (0,0,17,28): 0.401470 0.296023 = -1017.173285 in 0.289 secs
task (0,0,17,29): 0.383011 0.331159 = -1018.513575 in 0.289 secs
task (0,0,17,30): 0.394904 0.351299 = -1016.875100 in 0.288 secs
task (0,0,17,31): 0.460312 0.336158 = -1017.271047 in 0.288 secs
BEST @    17:        0.4300813402658440        0.3109382235926426    -1020.3468613543138872
task (0,0,18,0): 0.418020 0.335690 = -1019.109938 in 0.289 secs
task (0,0,18,1): 0.368888 0.327726 = -1017.465387 in 0.292 secs
task (0,0,18,2): 0.411027 0.323846 = -1019.923665 in 0.291 secs
task (0,0,18,3): 0.436361 0.323986 = -1019.976561 in 0.289 secs
task (0,0,18,4): 0.423701 0.305356 = -1019.918592 in 0.289 secs
task (0,0,18,5): 0.448284 0.293785 = -1019.387486 in 0.289 secs
task (0,0,18,6): 0.466688 0.296343 = -1019.408929 in 0.289 secs
task (0,0,18,7): 0.427481 0.331262 = -1019.490685 in 0.289 secs
task (0,0,18,8): 0.420996 0.301848 = -1019.484977 in 0.289 secs
task (0,0,18,9): 0.458978 0.317447 = -1019.633113 in 0.289 secs
task (0,0,18,10): 0.420168 0.303369 = -1019.601371 in 0.289 secs
task (0,0,18,11): 0.395825 0.319380 = -1019.288100 in 0.289 secs
task (0,0,18,12): 0.463379 0.313769 = -1019.619295 in 0.288 secs
task (0,0,18,13): 0.433675 0.298496 = -1019.620519 in 0.289 secs
task (0,0,18,14): 0.439536 0.307824 = -1020.335658 in 0.289 secs
task (0,0,18,15): 0.404379 0.325677 = -1019.673555 in 0.289 secs
task (0,0,18,16): 0.465828 0.312272 = -1019.556175 in 0.288 secs
task (0,0,18,17): 0.402569 0.323423 = -1019.656592 in 0.289 secs
task (0,0,18,18): 0.470859 0.296524 = -1019.267088 in 0.289 secs
task (0,0,18,19): 0.412111 0.316864 = -1020.015592 in 0.289 secs
task (0,0,18,20): 0.417766 0.327480 = -1019.854373 in 0.289 secs
task (0,0,18,21): 0.456540 0.310117 = -1020.051794 in 0.289 secs
task (0,0,18,22): 0.452958 0.316681 = -1019.951945 in 0.288 secs
task (0,0,18,23): 0.451907 0.295804 = -1019.613794 in 0.289 secs
task (0,0,18,24): 0.461243 0.287991 = -1018.688934 in 0.290 secs
task (0,0,18,25): 0.439595 0.310580 = -1020.384873 in 0.289 secs
task (0,0,18,26): 0.447984 0.304157 = -1020.181089 in 0.288 secs
task (0,0,18,27): 0.428083 0.301822 = -1019.774801 in 0.289 secs
task (0,0,18,28): 0.475846 0.304784 = -1019.168054 in 0.289 secs
task (0,0,18,29): 0.456522 0.303537 = -1020.018347 in 0.288 secs
task (0,0,18,30): 0.423206 0.336074 = -1019.007690 in 0.289 secs
task (0,0,18,31): 0.400185 0.304679 = -1018.459382 in 0.289 secs
BEST @    18:        0.4395953702414366        0.3105796334951675    -1020.3848731369128018
task (0,0,19,0): 0.429657 0.306591 = -1020.171517 in 0.289 secs
task (0,0,19,1): 0.435025 0.305834 = -1020.226647 in 0.288 secs
task (0,0,19,2): 0.421673 0.315200 = -1020.268154 in 0.289 secs
task (0,0,19,3): 0.428473 0.319083 = -1020.303806 in 0.289 secs
task (0,0,19,4): 0.415438 0.314589 = -1020.087178 in 0.288 secs
task (0,0,19,5): 0.441657 0.305440 = -1020.256340 in 0.289 secs
task (0,0,19,6): 0.454797 0.297100 = -1019.709012 in 0.289 secs
task (0,0,19,7): 0.426547 0.316859 = -1020.339239 in 0.289 secs
task (0,0,19,8): 0.455333 0.304492 = -1020.071441 in 0.291 secs
task (0,0,19,9): 0.409873 0.330557 = -1019.554554 in 0.289 secs
task (0,0,19,10): 0.450765 0.293715 = -1019.398195 in 0.289 secs
task (0,0,19,11): 0.431254 0.308090 = -1020.273694 in 0.289 secs
task (0,0,19,12): 0.439985 0.298419 = -1019.762836 in 0.289 secs
task (0,0,19,13): 0.412477 0.316376 = -1020.020950 in 0.289 secs
task (0,0,19,14): 0.440888 0.315400 = -1020.328396 in 0.289 secs
task (0,0,19,15): 0.412749 0.306871 = -1019.548728 in 0.289 secs
task (0,0,19,16): 0.406347 0.322861 = -1019.807083 in 0.289 secs
task (0,0,19,17): 0.411571 0.320141 = -1020.009464 in 0.289 secs
task (0,0,19,18): 0.454104 0.299066 = -1019.856239 in 0.288 secs
task (0,0,19,19): 0.441621 0.309089 = -1020.357974 in 0.289 secs
task (0,0,19,20): 0.440105 0.319766 = -1020.168224 in 0.289 secs
task (0,0,19,21): 0.461432 0.313154 = -1019.749692 in 0.288 secs
task (0,0,19,22): 0.452700 0.309722 = -1020.177906 in 0.288 secs
task (0,0,19,23): 0.463830 0.291781 = -1019.108711 in 0.289 secs
task (0,0,19,24): 0.454741 0.298784 = -1019.830196 in 0.289 secs
task (0,0,19,25): 0.439678 0.313380 = -1020.380502 in 0.288 secs
task (0,0,19,26): 0.395692 0.311814 = -1018.860039 in 0.289 secs
task (0,0,19,27): 0.387510 0.332794 = -1018.696616 in 0.289 secs
task (0,0,19,28): 0.434184 0.326928 = -1019.783647 in 0.289 secs
task (0,0,19,29): 0.432522 0.316460 = -1020.369936 in 0.288 secs
task (0,0,19,30): 0.423591 0.324602 = -1020.055475 in 0.289 secs
task (0,0,19,31): 0.434648 0.296756 = -1019.452806 in 0.289 secs
BEST @    19:        0.4395953702414366        0.3105796334951675    -1020.3848731369128018
task (0,0,20,0): 0.445022 0.305083 = -1020.236315 in 0.288 secs
task (0,0,20,1): 0.424078 0.316430 = -1020.313389 in 0.289 secs
task (0,0,20,2): 0.426216 0.319887 = -1020.271945 in 0.289 secs
task (0,0,20,3): 0.450438 0.307359 = -1020.226779 in 0.288 secs
task (0,0,20,4): 0.422987 0.324355 = -1020.067972 in 0.289 secs
task (0,0,20,5): 0.431010 0.315285 = -1020.384450 in 0.289 secs
task (0,0,20,6): 0.431479 0.315674 = -1020.381747 in 0.289 secs
task (0,0,20,7): 0.423986 0.316189 = -1020.312879 in 0.289 secs
task (0,0,20,8): 0.424927 0.319493 = -1020.275392 in 0.289 secs
task (0,0,20,9): 0.433943 0.321635 = -1020.167024 in 0.289 secs
task (0,0,20,10): 0.444134 0.306251 = -1020.280271 in 0.289 secs
task (0,0,20,11): 0.431703 0.315168 = -1020.387744 in 0.289 secs
task (0,0,20,12): 0.434484 0.318946 = -1020.287801 in 0.289 secs
task (0,0,20,13): 0.442487 0.309081 = -1020.352528 in 0.289 secs
task (0,0,20,14): 0.420599 0.318882 = -1020.235785 in 0.289 secs
task (0,0,20,15): 0.429686 0.320314 = -1020.260690 in 0.289 secs
task (0,0,20,16): 0.424570 0.319644 = -1020.268586 in 0.289 secs
task (0,0,20,17): 0.440997 0.316570 = -1020.291289 in 0.288 secs
task (0,0,20,18): 0.430551 0.303762 = -1020.011157 in 0.288 secs
task (0,0,20,19): 0.436910 0.313819 = -1020.395102 in 0.289 secs
task (0,0,20,20): 0.443952 0.308627 = -1020.334554 in 0.289 secs
task (0,0,20,21): 0.423658 0.322948 = -1020.141516 in 0.288 secs
task (0,0,20,22): 0.430291 0.316764 = -1020.362671 in 0.289 secs
task (0,0,20,23): 0.432603 0.308998 = -1020.325738 in 0.289 secs
task (0,0,20,24): 0.440943 0.310099 = -1020.373998 in 0.288 secs
task (0,0,20,25): 0.430136 0.311623 = -1020.361450 in 0.288 secs
task (0,0,20,26): 0.436266 0.304200 = -1020.153747 in 0.289 secs
task (0,0,20,27): 0.452274 0.301119 = -1019.998136 in 0.288 secs
task (0,0,20,28): 0.439453 0.316290 = -1020.323673 in 0.288 secs
task (0,0,20,29): 0.434423 0.302871 = -1020.034360 in 0.289 secs
task (0,0,20,30): 0.440828 0.308125 = -1020.342499 in 0.289 secs
task (0,0,20,31): 0.429130 0.304674 = -1020.039382 in 0.288 secs
BEST @    20:        0.4369099323090307        0.3138185031367960    -1020.3951019670500955
task (0,0,21,0): 0.431631 0.317054 = -1020.358402 in 0.289 secs
task (0,0,21,1): 0.431924 0.313131 = -1020.393871 in 0.289 secs
task (0,0,21,2): 0.433593 0.316199 = -1020.373053 in 0.288 secs
