Generate Samples...
Estimate error strength by sampling...
Building diagonal of sigma...
Prepare for CMA-ES...
task (0,0,0,0): 3.223712 3.069872 = -48.640579 in 9.298 secs
task (0,0,0,1): 5.090336 3.177710 = -6.089660 in 9.294 secs
task (0,0,0,2): 4.139060 2.447949 = -16.249292 in 9.289 secs
task (0,0,0,3): -3.745856 0.745876 = -32.393541 in 9.294 secs
task (0,0,0,4): 2.080869 1.327792 = -353.762056 in 9.291 secs
task (0,0,0,5): 9.716246 3.318638 = -0.249063 in 9.282 secs
task (0,0,0,6): 1.980778 0.513932 = -535.250849 in 9.304 secs
task (0,0,0,7): 7.052428 1.336479 = -1.770307 in 9.284 secs
task (0,0,0,8): 6.903313 1.967198 = -1.713057 in 9.291 secs
task (0,0,0,9): 3.645651 3.169912 = -27.705541 in 9.296 secs
task (0,0,0,10): 2.834946 3.918463 = -85.720787 in 9.303 secs
task (0,0,0,11): 0.735839 1.627805 = -2016.945367 in 9.291 secs
task (0,0,0,12): -2.862088 3.643550 = -1897.952780 in 9.299 secs
task (0,0,0,13): 8.352575 3.103052 = -0.588569 in 9.292 secs
task (0,0,0,14): -0.117319 2.266775 = -999.921768 in 9.293 secs
task (0,0,0,15): 1.777042 2.888675 = -589.539327 in 9.288 secs
task (0,0,0,16): -2.381512 1.595602 = -2021.533932 in 9.295 secs
task (0,0,0,17): -0.724644 3.402441 = -340.531957 in 9.296 secs
task (0,0,0,18): 4.245351 3.364019 = -13.756282 in 9.290 secs
task (0,0,0,19): -0.450442 3.162806 = -503.596510 in 9.297 secs
task (0,0,0,20): -1.056231 2.505235 = -1186.300353 in 9.291 secs
task (0,0,0,21): 2.817400 1.640740 = -97.246183 in 9.288 secs
task (0,0,0,22): 0.152498 1.919889 = -1445.203025 in 9.302 secs
task (0,0,0,23): 4.173477 2.351630 = -15.788087 in 9.283 secs
task (0,0,0,24): -2.118722 1.243543 = -1865.967681 in 9.290 secs
task (0,0,0,25): 0.250098 0.505179 = -3886.934909 in 9.291 secs
task (0,0,0,26): -0.983496 2.530263 = -1022.713597 in 9.287 secs
task (0,0,0,27): 0.522688 2.351367 = -1852.557116 in 9.289 secs
task (0,0,0,28): 3.026042 1.517832 = -72.527107 in 9.293 secs
task (0,0,0,29): 2.765004 0.581017 = -143.331249 in 9.295 secs
task (0,0,0,30): 3.815378 0.814965 = -32.377523 in 9.290 secs
task (0,0,0,31): 3.262186 1.554883 = -51.906346 in 9.290 secs
BEST @     0:        0.2500981860900016        0.5051785791620573    -3886.9349088192893760
task (0,0,1,0): 7.631006 2.762790 = -0.956615 in 9.289 secs
task (0,0,1,1): 9.856989 1.628104 = -0.286258 in 9.291 secs
task (0,0,1,2): -2.628680 2.301588 = -861.464574 in 9.294 secs
task (0,0,1,3): -4.489564 0.412447 = -9.030796 in 9.296 secs
task (0,0,1,4): -3.737523 2.404611 = -1796.718819 in 9.299 secs
task (0,0,1,5): -2.035400 3.288218 = -1515.983509 in 9.292 secs
task (0,0,1,6): -1.960461 2.451295 = -1852.691711 in 9.296 secs
task (0,0,1,7): -4.370370 0.372171 = -9.601958 in 9.290 secs
task (0,0,1,8): 0.365513 2.462955 = -1702.416940 in 9.287 secs
task (0,0,1,9): -3.968764 0.351749 = -13.743514 in 9.291 secs
task (0,0,1,10): 4.563724 1.728534 = -11.497062 in 9.293 secs
task (0,0,1,11): 2.022688 2.613336 = -367.195122 in 9.298 secs
task (0,0,1,12): -4.938614 2.211377 = -371.606949 in 9.296 secs
task (0,0,1,13): -3.122281 0.496604 = -43.430417 in 9.289 secs
task (0,0,1,14): 3.535385 2.766015 = -32.393672 in 9.291 secs
task (0,0,1,15): 6.760608 0.773442 = -2.591996 in 9.286 secs
task (0,0,1,16): -3.729764 2.269077 = -1925.693198 in 9.295 secs
task (0,0,1,17): -1.792454 2.592254 = -1923.407797 in 9.302 secs
task (0,0,1,18): -2.524749 2.248127 = -908.319234 in 9.295 secs
task (0,0,1,19): 1.031273 4.503904 = -1813.378407 in 9.298 secs
task (0,0,1,20): -1.330688 3.039827 = -733.924797 in 9.297 secs
task (0,0,1,21): -4.313868 0.446820 = -11.113426 in 9.289 secs
task (0,0,1,22): -1.970559 0.508638 = -233.312102 in 9.293 secs
task (0,0,1,23): -3.661065 0.571842 = -26.199319 in 9.301 secs
task (0,0,1,24): 0.420106 3.066632 = -1750.172119 in 9.294 secs
task (0,0,1,25): 1.948454 3.250838 = -420.249765 in 9.300 secs
task (0,0,1,26): 5.085511 2.851732 = -6.242378 in 9.288 secs
task (0,0,1,27): 3.125315 3.260283 = -55.698609 in 9.291 secs
task (0,0,1,28): 7.722714 2.433429 = -0.935071 in 9.292 secs
task (0,0,1,29): -1.420710 1.561052 = -1589.146146 in 9.291 secs
task (0,0,1,30): -2.771844 1.480347 = -1458.293673 in 9.287 secs
task (0,0,1,31): -2.338877 3.358813 = -1836.067164 in 9.295 secs
BEST @     1:        0.2500981860900016        0.5051785791620573    -3886.9349088192893760
task (0,0,2,0): 6.766339 4.125668 = -1.571786 in 9.289 secs
task (0,0,2,1): -4.781222 4.308136 = -410.131009 in 9.291 secs
task (0,0,2,2): -4.792049 1.081402 = -18.452476 in 9.294 secs
task (0,0,2,3): 5.476250 2.997413 = -4.420171 in 9.291 secs
task (0,0,2,4): 3.138951 4.858327 = -53.480766 in 9.299 secs
task (0,0,2,5): 3.387666 1.953179 = -41.661522 in 9.295 secs
task (0,0,2,6): 0.642438 1.561567 = -2020.194741 in 9.297 secs
task (0,0,2,7): -4.630327 1.132542 = -24.487417 in 9.292 secs
task (0,0,2,8): -4.849626 3.808902 = -221.763626 in 9.291 secs
task (0,0,2,9): -2.396213 2.450760 = -1207.481156 in 9.290 secs
task (0,0,2,10): -3.970824 4.649828 = -1891.987022 in 9.291 secs
task (0,0,2,11): -2.311812 0.406659 = -107.833582 in 9.292 secs
task (0,0,2,12): 3.241728 2.979467 = -47.566911 in 9.300 secs
task (0,0,2,13): -2.388859 2.014718 = -1092.776042 in 9.293 secs
task (0,0,2,14): 3.614441 0.618181 = -45.069623 in 9.291 secs
task (0,0,2,15): -1.556139 2.616771 = -1820.142758 in 9.295 secs
task (0,0,2,16): -1.730659 2.607531 = -1925.271716 in 9.288 secs
task (0,0,2,17): 1.485715 1.824682 = -1060.297291 in 9.295 secs
task (0,0,2,18): 2.911616 4.097616 = -75.829236 in 9.290 secs
task (0,0,2,19): -4.690155 4.177159 = -384.786941 in 9.293 secs
task (0,0,2,20): -0.113591 2.076616 = -1076.436204 in 9.285 secs
task (0,0,2,21): 3.499109 3.157992 = -33.408982 in 9.291 secs
task (0,0,2,22): 1.029223 0.113385 = -2771.251306 in 9.285 secs
task (0,0,2,23): -0.865914 3.573397 = -279.399720 in 9.289 secs
task (0,0,2,24): -0.593923 3.725543 = -355.002313 in 9.294 secs
task (0,0,2,25): 3.903612 0.422235 = -36.454936 in 9.294 secs
task (0,0,2,26): 0.799089 2.351971 = -1925.375751 in 9.298 secs
task (0,0,2,27): 1.026373 3.425138 = -1823.467226 in 9.301 secs
task (0,0,2,28): 2.363877 2.188006 = -197.684794 in 9.292 secs
task (0,0,2,29): 3.221874 3.144446 = -48.657250 in 9.291 secs
task (0,0,2,30): 0.419621 2.838979 = -1753.230554 in 9.293 secs
task (0,0,2,31): -1.586501 2.009248 = -1835.277544 in 9.293 secs
BEST @     2:        0.2500981860900016        0.5051785791620573    -3886.9349088192893760
task (0,0,3,0): -2.386598 3.005830 = -1897.533852 in 9.290 secs
task (0,0,3,1): 1.234842 1.580273 = -1607.170809 in 9.298 secs
task (0,0,3,2): 0.052447 2.828332 = -1153.158206 in 9.292 secs
task (0,0,3,3): 1.406460 2.470077 = -1200.312026 in 9.303 secs
task (0,0,3,4): 0.123679 2.127909 = -1360.488174 in 9.292 secs
task (0,0,3,5): -4.570137 2.872923 = -1652.854830 in 9.291 secs
task (0,0,3,6): 2.096966 3.228595 = -315.792967 in 9.291 secs
task (0,0,3,7): -3.131264 2.789309 = -660.673388 in 9.288 secs
task (0,0,3,8): 1.081650 1.483527 = -1891.555081 in 9.294 secs
task (0,0,3,9): 3.375496 1.502033 = -45.102142 in 9.282 secs
task (0,0,3,10): 0.720955 2.328561 = -1918.457643 in 9.293 secs
task (0,0,3,11): -1.667755 3.469520 = -594.001062 in 9.291 secs
task (0,0,3,12): -1.076980 2.023797 = -1961.018896 in 9.288 secs
task (0,0,3,13): -2.452372 2.821184 = -1707.811845 in 9.286 secs
task (0,0,3,14): 5.509598 3.761588 = -4.133583 in 9.285 secs
task (0,0,3,15): -0.112272 2.595728 = -922.167931 in 9.294 secs
task (0,0,3,16): 0.892908 1.079614 = -2303.584625 in 9.293 secs
task (0,0,3,17): -2.162147 1.866007 = -1215.948054 in 9.297 secs
task (0,0,3,18): -0.119401 0.405650 = -3480.607196 in 9.289 secs
task (0,0,3,19): 1.740689 1.039200 = -701.347291 in 9.297 secs
task (0,0,3,20): 2.569456 3.016632 = -134.623341 in 9.314 secs
task (0,0,3,21): 4.662908 0.712618 = -14.160067 in 9.292 secs
task (0,0,3,22): 2.673141 3.331432 = -112.407726 in 9.286 secs
task (0,0,3,23): -1.108146 1.681698 = -2047.483505 in 9.293 secs
task (0,0,3,24): 0.040873 1.760714 = -1353.373522 in 9.291 secs
task (0,0,3,25): -1.393384 2.775877 = -1284.581531 in 9.296 secs
task (0,0,3,26): -2.033358 3.424854 = -1235.863719 in 9.293 secs
task (0,0,3,27): 4.722456 0.677096 = -13.622468 in 9.286 secs
task (0,0,3,28): -3.768804 3.683313 = -876.269014 in 9.295 secs
task (0,0,3,29): 3.951528 2.329742 = -20.203190 in 9.295 secs
task (0,0,3,30): 2.427857 1.236306 = -194.231184 in 9.294 secs
task (0,0,3,31): 5.628087 2.350707 = -4.137511 in 9.292 secs
BEST @     3:        0.2500981860900016        0.5051785791620573    -3886.9349088192893760
task (0,0,4,0): 1.040425 1.491773 = -1944.597021 in 9.298 secs
task (0,0,4,1): -1.762304 1.668645 = -1362.552044 in 9.293 secs
task (0,0,4,2): 1.620013 0.871979 = -913.400791 in 9.290 secs
task (0,0,4,3): -2.590087 1.212827 = -792.871218 in 9.293 secs
task (0,0,4,4): -3.447268 2.298309 = -1711.376703 in 9.293 secs
task (0,0,4,5): 0.314864 2.177475 = -1653.340482 in 9.295 secs
task (0,0,4,6): -2.716050 2.582643 = -908.481694 in 9.297 secs
task (0,0,4,7): -0.494753 1.420115 = -2215.151029 in 9.306 secs
task (0,0,4,8): 2.246787 0.249303 = -415.553244 in 9.294 secs
task (0,0,4,9): 1.093946 0.340432 = -2621.480451 in 9.296 secs
task (0,0,4,10): 1.022096 0.575386 = -2591.243772 in 9.295 secs
task (0,0,4,11): -2.960988 1.272782 = -481.467471 in 9.292 secs
task (0,0,4,12): 0.537391 1.734611 = -1917.514693 in 9.294 secs
task (0,0,4,13): -2.065371 1.887328 = -1168.672340 in 9.292 secs
task (0,0,4,14): -0.585321 1.859436 = -1603.005884 in 9.290 secs
task (0,0,4,15): -1.150803 2.700006 = -992.913464 in 9.288 secs
task (0,0,4,16): 2.041295 2.201918 = -358.199619 in 9.282 secs
task (0,0,4,17): 0.893933 0.898474 = -2486.420792 in 9.293 secs
task (0,0,4,18): -1.408274 1.211565 = -2203.175996 in 9.295 secs
task (0,0,4,19): 1.058938 2.005388 = -1840.569155 in 9.295 secs
task (0,0,4,20): -1.284453 2.850739 = -948.191493 in 9.306 secs
task (0,0,4,21): 1.406578 2.701323 = -1196.003807 in 9.299 secs
task (0,0,4,22): -1.587884 2.755172 = -1678.938891 in 9.297 secs
task (0,0,4,23): -1.868241 4.034342 = -301.199209 in 9.293 secs
task (0,0,4,24): -2.994387 2.607574 = -691.474511 in 9.292 secs
task (0,0,4,25): -3.715659 2.820394 = -596.527817 in 9.289 secs
task (0,0,4,26): -2.564466 0.952628 = -321.908728 in 9.295 secs
task (0,0,4,27): -0.455710 2.093022 = -1051.876946 in 9.285 secs
task (0,0,4,28): -1.423165 1.923924 = -1923.948631 in 9.289 secs
task (0,0,4,29): -2.664760 2.583018 = -975.168493 in 9.290 secs
task (0,0,4,30): 1.993596 0.627974 = -494.547449 in 9.297 secs
task (0,0,4,31): -1.141613 0.056434 = -228.778612 in 9.288 secs
BEST @     4:        0.2500981860900016        0.5051785791620573    -3886.9349088192893760
task (0,0,5,0): 2.559918 0.421224 = -218.033561 in 9.294 secs
task (0,0,5,1): 0.475539 1.369460 = -2018.054256 in 9.293 secs
task (0,0,5,2): 0.888255 1.262258 = -2174.328643 in 9.296 secs
task (0,0,5,3): -1.028724 2.917703 = -589.651488 in 9.295 secs
task (0,0,5,4): -1.941001 1.984839 = -1291.960518 in 9.296 secs
task (0,0,5,5): -0.107859 2.176930 = -1040.543099 in 9.297 secs
task (0,0,5,6): 1.734624 1.730570 = -660.671189 in 9.293 secs
task (0,0,5,7): -0.444126 2.560362 = -685.381863 in 9.291 secs
task (0,0,5,8): -1.905042 4.517726 = -149.012546 in 9.290 secs
task (0,0,5,9): -1.982135 3.123608 = -1703.932687 in 9.293 secs
task (0,0,5,10): 1.702638 0.456192 = -905.084098 in 9.293 secs
task (0,0,5,11): 0.885659 1.087068 = -2303.584552 in 9.294 secs
task (0,0,5,12): -3.297872 2.567321 = -728.011493 in 9.296 secs
task (0,0,5,13): -0.711890 2.851063 = -518.689395 in 9.297 secs
task (0,0,5,14): -1.653218 2.571050 = -1918.850756 in 9.290 secs
task (0,0,5,15): -0.584326 2.649932 = -622.516627 in 9.289 secs
task (0,0,5,16): -2.400087 1.904987 = -1363.851011 in 9.308 secs
task (0,0,5,17): 0.400037 0.361979 = -4117.719371 in 9.297 secs
task (0,0,5,18): -0.875748 2.247693 = -1362.185288 in 9.290 secs
task (0,0,5,19): -2.401435 2.093537 = -1003.512335 in 9.295 secs
task (0,0,5,20): 0.101379 0.442022 = -3946.379970 in 9.297 secs
task (0,0,5,21): 1.232094 1.427156 = -1635.777363 in 9.293 secs
task (0,0,5,22): -0.411463 0.734507 = -3348.154496 in 9.295 secs
task (0,0,5,23): 0.684559 0.568340 = -3447.087504 in 9.291 secs
task (0,0,5,24): 1.018298 0.247097 = -2954.061886 in 9.289 secs
task (0,0,5,25): -0.805216 1.563970 = -2151.819236 in 9.295 secs
task (0,0,5,26): 2.297803 0.319556 = -359.704233 in 9.295 secs
task (0,0,5,27): 0.987689 0.535654 = -2739.926075 in 9.290 secs
task (0,0,5,28): -0.659956 0.910364 = -2890.504053 in 9.288 secs
task (0,0,5,29): -0.953320 1.462090 = -2114.594376 in 9.292 secs
task (0,0,5,30): 2.421411 0.995414 = -207.409556 in 9.287 secs
task (0,0,5,31): 1.771562 1.359335 = -632.762746 in 9.292 secs
BEST @     5:        0.4000370928014305        0.3619789433897486    -4117.7193710499941517
task (0,0,6,0): 1.812928 1.230345 = -593.272949 in 9.291 secs
task (0,0,6,1): -0.988523 1.068075 = -2435.885210 in 9.293 secs
task (0,0,6,2): -0.872986 0.671637 = -2457.759076 in 9.295 secs
task (0,0,6,3): -1.157008 0.578752 = -1250.509365 in 9.287 secs
task (0,0,6,4): 1.129353 0.546922 = -2305.214410 in 9.293 secs
task (0,0,6,5): -2.019118 1.851432 = -1197.890631 in 9.289 secs
task (0,0,6,6): -0.370381 0.578142 = -3375.873265 in 9.292 secs
task (0,0,6,7): 0.397309 0.228960 = -3988.706238 in 9.299 secs
task (0,0,6,8): 0.722421 0.862817 = -2748.874559 in 9.294 secs
task (0,0,6,9): 0.495576 0.576610 = -3692.511083 in 9.293 secs
task (0,0,6,10): 1.236255 1.236603 = -1666.313525 in 9.293 secs
task (0,0,6,11): 2.324066 0.993887 = -244.608944 in 9.304 secs
task (0,0,6,12): 3.308118 1.009037 = -55.611188 in 9.298 secs
task (0,0,6,13): 0.191800 1.061606 = -2468.253741 in 9.293 secs
task (0,0,6,14): 0.176132 2.671443 = -1393.712998 in 9.293 secs
task (0,0,6,15): -0.782084 1.802649 = -1954.851700 in 9.284 secs
task (0,0,6,16): -2.291708 1.836301 = -1424.642093 in 9.288 secs
task (0,0,6,17): -3.394885 2.444732 = -1116.268742 in 9.285 secs
task (0,0,6,18): 2.011475 0.481930 = -516.769629 in 9.292 secs
task (0,0,6,19): -2.525954 2.408857 = -969.005276 in 9.302 secs
task (0,0,6,20): 1.365479 1.097239 = -1401.612311 in 9.301 secs
task (0,0,6,21): 1.653256 0.740918 = -887.058436 in 9.293 secs
task (0,0,6,22): -0.832467 1.235430 = -2217.653743 in 9.294 secs
task (0,0,6,23): -3.013647 1.929671 = -1949.900872 in 9.293 secs
task (0,0,6,24): -0.414959 1.515948 = -1973.479911 in 9.293 secs
task (0,0,6,25): -0.485738 0.291180 = -1673.890526 in 9.294 secs
task (0,0,6,26): -0.727967 1.070625 = -2483.852665 in 9.293 secs
task (0,0,6,27): -2.191138 0.535904 = -175.059426 in 9.290 secs
task (0,0,6,28): -0.249649 1.208231 = -2411.225496 in 9.295 secs
task (0,0,6,29): -0.252944 2.277504 = -894.773806 in 9.302 secs
task (0,0,6,30): 0.189933 0.131847 = -2777.423418 in 9.285 secs
task (0,0,6,31): 0.383763 2.256258 = -1733.536013 in 9.290 secs
BEST @     6:        0.4000370928014305        0.3619789433897486    -4117.7193710499941517
Total elapsed time = 2081.642  seconds
Initialization time = 0.008  seconds
Processing time = 2081.635  seconds
Finalization time = 0.000  seconds
CMAES 0:  0.400037 0.361979 -> -4117.719371
